【登录信息】
*a2d701ff4c15c728056da94e68b57ae2*
`登陆天数: 39天 / 677天
等级: 130
石头: 4095
呼符: 335
体力: 27.11333333333333 / 138
友情点: 0 / 348890`
_2024-07-01 04:16:38_
--------
*7e3e7ebfc87bdadea779e92bbd045bb8*
`登陆天数: 39天 / 676天
等级: 130
石头: 4115
呼符: 295
体力: 27.08333333333333 / 138
友情点: 0 / 354405`
_2024-07-01 04:16:46_
--------
*0658c25534437f1fc9df9cb3dfda5815*
`登陆天数: 39天 / 676天
等级: 130
石头: 4100
呼符: 225
体力: 27.056666666666672 / 138
友情点: 0 / 365240`
_2024-07-01 04:16:54_
--------
*218bfc5b271887ecf209413962b4e176*
`登陆天数: 39天 / 676天
等级: 130
石头: 4129
呼符: 284
体力: 27.03 / 138
友情点: 0 / 353655`
_2024-07-01 04:17:01_
--------
*1bab0a0da912df3c49088a4dc2a462db*
`登陆天数: 39天 / 676天
等级: 130
石头: 4096
呼符: 246
体力: 27.00333333333333 / 138
友情点: 0 / 362495`
_2024-07-01 04:17:09_
--------
*685c23a6c3b691ee6f77d3f2dc64af10*
`登陆天数: 39天 / 676天
等级: 130
石头: 4086
呼符: 322
体力: 26.976666666666674 / 138
友情点: 0 / 351715`
_2024-07-01 04:17:17_
--------
*aad16ccf1ba788801ca4e755bcedd529*
`登陆天数: 39天 / 676天
等级: 130
石头: 4087
呼符: 308
体力: 26.950000000000003 / 138
友情点: 0 / 349105`
_2024-07-01 04:17:24_
--------
*2a125df20c41ca1c5327e85734630a8d*
`登陆天数: 39天 / 677天
等级: 130
石头: 4137
呼符: 64
体力: 26.923333333333332 / 138
友情点: 0 / 388120`
_2024-07-01 04:17:32_
--------
*55a79131010f008e6bf453988cda8b6a*
`登陆天数: 39天 / 676天
等级: 130
石头: 4094
呼符: 43
体力: 26.89666666666666 / 138
友情点: 0 / 380675`
_2024-07-01 04:17:40_
--------
*706546d5df7a84500dc171708636f616*
`登陆天数: 39天 / 677天
等级: 130
石头: 4109
呼符: 337
体力: 26.873333333333335 / 138
友情点: 0 / 347860`
_2024-07-01 04:17:48_
--------
*5fc7124488cc6d38a4de9a86c2f02342*
`登陆天数: 39天 / 676天
等级: 130
石头: 4109
呼符: 293
体力: 26.840000000000003 / 138
友情点: 0 / 350425`
_2024-07-01 04:17:56_
--------
*a5e17fa843264313a8b8d2a788a3839e*
`登陆天数: 39天 / 676天
等级: 130
石头: 4070
呼符: 153
体力: 26.816666666666663 / 138
友情点: 0 / 373620`
_2024-07-01 04:18:04_
--------
*9787b4dfd8aec76745025e2905dcce8a*
`登陆天数: 39天 / 676天
等级: 130
石头: 4098
呼符: 252
体力: 26.790000000000006 / 138
友情点: 0 / 364500`
_2024-07-01 04:18:11_
--------
*cdeb528c0ac3660bbab015eb1f03d07c*
`登陆天数: 39天 / 676天
等级: 130
石头: 4097
呼符: 81
体力: 26.763333333333335 / 138
友情点: 0 / 384480`
_2024-07-01 04:18:19_
--------
*bd78ab35f1570874e1c2aa5f8482cff9*
`登陆天数: 39天 / 676天
等级: 130
石头: 4115
呼符: 201
体力: 26.739999999999995 / 138
友情点: 0 / 359815`
_2024-07-01 04:18:27_
--------
*b452fd6bc2f3ab8f22fa8da2baa97615*
`登陆天数: 39天 / 676天
等级: 130
石头: 4096
呼符: 305
体力: 26.71666666666667 / 138
友情点: 0 / 352105`
_2024-07-01 04:18:35_
--------
*9eaa7633ff214f001d8e8f3e41073f36*
`登陆天数: 39天 / 676天
等级: 130
石头: 4113
呼符: 88
体力: 26.686666666666667 / 138
友情点: 0 / 382055`
_2024-07-01 04:18:43_
--------
*64e65f73cf6ec161725307a973709254*
`登陆天数: 39天 / 677天
等级: 130
石头: 4114
呼符: 170
体力: 26.659999999999997 / 138
友情点: 0 / 370010`
_2024-07-01 04:18:51_
--------
*720b78f59000a78cead3712b31b41c85*
`登陆天数: 39天 / 677天
等级: 130
石头: 4116
呼符: 335
体力: 26.63666666666667 / 138
友情点: 0 / 350870`
_2024-07-01 04:18:59_
--------
*9a3c67d2523e201ef6efa57c6b5bf440*
`登陆天数: 39天 / 676天
等级: 130
石头: 4088
呼符: 204
体力: 26.61 / 138
友情点: 0 / 367220`
_2024-07-01 04:19:06_
--------
*7feaf061bca39d4ec2e9817d5e50bc1a*
`登陆天数: 39天 / 677天
等级: 130
石头: 4100
呼符: 254
体力: 26.58333333333333 / 138
友情点: 0 / 364845`
_2024-07-01 04:19:14_
--------
*57f4f1e2d55c21fb2d13b9675edf4af7*
`登陆天数: 39天 / 677天
等级: 130
石头: 4140
呼符: 260
体力: 26.556666666666672 / 138
友情点: 0 / 358775`
_2024-07-01 04:19:22_
--------
*c0fe0f900e2538ff177f96e576d97dae*
`登陆天数: 39天 / 677天
等级: 130
石头: 4114
呼符: 44
体力: 26.53333333333333 / 138
友情点: 0 / 392760`
_2024-07-01 04:19:30_
--------
*020180bc4f156afcdce866ce9cedcca6*
`登陆天数: 39天 / 676天
等级: 130
石头: 4098
呼符: 302
体力: 26.50666666666666 / 138
友情点: 0 / 352845`
_2024-07-01 04:19:37_
--------
*c418d4fc03fce1dd86b9c4045bfbe30a*
`登陆天数: 39天 / 676天
等级: 130
石头: 4103
呼符: 225
体力: 26.476666666666674 / 138
友情点: 0 / 360150`
_2024-07-01 04:19:45_
--------
*866bedda492d6733dc8e9bbedf64abaa*
`登陆天数: 39天 / 676天
等级: 130
石头: 4107
呼符: 341
体力: 26.453333333333333 / 138
友情点: 0 / 352685`
_2024-07-01 04:19:53_
--------
*07ffdac9b3c29adb0713934d30f84fa2*
`登陆天数: 39天 / 677天
等级: 130
石头: 4100
呼符: 254
体力: 26.426666666666662 / 138
友情点: 0 / 362440`
_2024-07-01 04:20:00_
--------
*55a115a2b7bad87a9a59815065a058b6*
`登陆天数: 39天 / 676天
等级: 130
石头: 4121
呼符: 336
体力: 26.39666666666666 / 138
友情点: 0 / 351740`
_2024-07-01 04:20:08_
--------
*2ef3d5dafd84d3243c0a5fbb327f134f*
`登陆天数: 39天 / 677天
等级: 130
石头: 4106
呼符: 322
体力: 26.370000000000005 / 138
友情点: 0 / 352945`
_2024-07-01 04:20:16_
--------
*20b17e5b321671e80175c2f1b14263e8*
`登陆天数: 39天 / 676天
等级: 130
石头: 4106
呼符: 223
体力: 26.343333333333334 / 138
友情点: 0 / 358985`
_2024-07-01 04:20:23_
--------
*c6cdfad9f74637a5fa7984a5c10ba453*
`登陆天数: 39天 / 676天
等级: 130
石头: 4104
呼符: 204
体力: 26.319999999999993 / 138
友情点: 0 / 368445`
_2024-07-01 04:20:31_
--------
*5ee9b6cb4dad6d3e2abbfcfb9f329e4d*
`登陆天数: 39天 / 676天
等级: 130
石头: 4101
呼符: 163
体力: 26.293333333333337 / 138
友情点: 0 / 375770`
_2024-07-01 04:20:39_
--------
*1319913a2715297058302bd3d3a0a36e*
`登陆天数: 39天 / 677天
等级: 130
石头: 4109
呼符: 327
体力: 26.266666666666666 / 138
友情点: 0 / 357355`
_2024-07-01 04:20:47_
--------
*f48471cf27ea6e65bc1440b2909b3940*
`登陆天数: 39天 / 677天
等级: 130
石头: 4105
呼符: 252
体力: 26.24333333333334 / 138
友情点: 0 / 370855`
_2024-07-01 04:20:55_
--------
*b2424f676ee1ec9f88f81b0d4698987e*
`登陆天数: 39天 / 676天
等级: 130
石头: 4117
呼符: 303
体力: 26.21666666666667 / 138
友情点: 0 / 364925`
_2024-07-01 04:21:02_
--------
*1d8b59cba0e3f72ff517c89f032c2599*
`登陆天数: 39天 / 676天
等级: 130
石头: 4113
呼符: 321
体力: 26.189999999999998 / 138
友情点: 0 / 352680`
_2024-07-01 04:21:10_
--------
*8ee0cbaadc815c1912c61e71286549b1*
`登陆天数: 39天 / 676天
等级: 130
石头: 4108
呼符: 253
体力: 26.163333333333327 / 138
友情点: 0 / 361875`
_2024-07-01 04:21:18_
--------
*218468cf4ad512dce281cb19f43cb30e*
`登陆天数: 39天 / 677天
等级: 130
石头: 4110
呼符: 331
体力: 26.13666666666667 / 138
友情点: 0 / 361890`
_2024-07-01 04:21:25_
--------
*0fbd7be41a76c85cd8daa691dafb8ffe*
`登陆天数: 39天 / 677天
等级: 130
石头: 4124
呼符: 317
体力: 26.11 / 138
友情点: 0 / 351965`
_2024-07-01 04:21:33_
--------
*196168efcabd7d425b0032d3621c483a*
`登陆天数: 39天 / 677天
等级: 130
石头: 4097
呼符: 261
体力: 26.08333333333333 / 138
友情点: 0 / 352590`
_2024-07-01 04:21:41_
--------
*620116c5f38dcbbc4ed175e39aeef43c*
`登陆天数: 39天 / 676天
等级: 130
石头: 4100
呼符: 301
体力: 26.056666666666672 / 138
友情点: 0 / 365175`
_2024-07-01 04:21:48_
--------
*7e0869077ab753a7d90d8db403886c6d*
`登陆天数: 39天 / 676天
等级: 130
石头: 4113
呼符: 327
体力: 26.03333333333333 / 138
友情点: 0 / 360650`
_2024-07-01 04:21:56_
--------
*6b6792983ff80039bfb163e41b784518*
`登陆天数: 39天 / 677天
等级: 130
石头: 4115
呼符: 333
体力: 26.010000000000005 / 138
友情点: 0 / 354225`
_2024-07-01 04:22:04_
--------
*dda03e285c2ed456c4c492938bd0d83f*
`登陆天数: 39天 / 677天
等级: 130
石头: 4112
呼符: 294
体力: 25.980000000000004 / 138
友情点: 0 / 352930`
_2024-07-01 04:22:12_
--------
*4c9a004c9bdbf2ee9ad04026a9bcc3d6*
`登陆天数: 39天 / 676天
等级: 130
石头: 4099
呼符: 214
体力: 25.950000000000003 / 138
友情点: 0 / 365100`
_2024-07-01 04:22:19_
--------
*ee36ae671b666512a8544f725126a5ac*
`登陆天数: 39天 / 677天
等级: 130
石头: 4101
呼符: 302
体力: 25.923333333333332 / 138
友情点: 0 / 365115`
_2024-07-01 04:22:27_
--------
*597be7b75507cf3e3433c293361004f2*
`登陆天数: 39天 / 677天
等级: 130
石头: 4114
呼符: 338
体力: 25.89666666666666 / 138
友情点: 0 / 354610`
_2024-07-01 04:22:35_
--------
*5271da64f42e94fc23a26a910897f402*
`登陆天数: 39天 / 677天
等级: 130
石头: 4087
呼符: 194
体力: 25.870000000000005 / 138
友情点: 0 / 354775`
_2024-07-01 04:22:42_
--------
*be952791e6e13d90ddf937ab63b67cf9*
`登陆天数: 39天 / 677天
等级: 130
石头: 4115
呼符: 195
体力: 25.840000000000003 / 138
友情点: 0 / 364920`
_2024-07-01 04:22:50_
--------
*80570526c900c3d2eb096db85111bd37*
`登陆天数: 39天 / 676天
等级: 130
石头: 4025
呼符: 177
体力: 23090.853333333333 / 138
友情点: 0 / 470090`
_2024-07-01 04:22:58_
--------
