【登录信息】
*a2d701ff4c15c728056da94e68b57ae2*
`登陆天数: 16天 / 654天
等级: 130
石头: 4006
呼符: 316
体力: 16468.46 / 138
友情点: 0 / 466890`
*連続ログイン2日目
※ログインが途切れるか、7日到達すると
1日目から再開されます*
`聖晶石 X 1
6月交換券(2024) X 1
`*螺旋証明世界 リリムハーロット ～喝采なき薔薇～ アンケート復刻版
開幕記念 ログインボーナス*
*開催期間中、1日1回 最大21回 ログインボーナスをプレゼント！*
`白銀の果実 X 1
`_2024-06-08 04:30:59_
--------
*7e3e7ebfc87bdadea779e92bbd045bb8*
`登陆天数: 16天 / 653天
等级: 130
石头: 4024
呼符: 276
体力: 16468.486666666664 / 138
友情点: 0 / 468405`
*連続ログイン2日目
※ログインが途切れるか、7日到達すると
1日目から再開されます*
`聖晶石 X 1
6月交換券(2024) X 1
`*螺旋証明世界 リリムハーロット ～喝采なき薔薇～ アンケート復刻版
開幕記念 ログインボーナス*
*開催期間中、1日1回 最大21回 ログインボーナスをプレゼント！*
`白銀の果実 X 1
`_2024-06-08 04:31:07_
--------
*0658c25534437f1fc9df9cb3dfda5815*
`登陆天数: 16天 / 653天
等级: 130
石头: 4009
呼符: 206
体力: 16468.516666666666 / 138
友情点: 0 / 471240`
*連続ログイン2日目
※ログインが途切れるか、7日到達すると
1日目から再開されます*
`聖晶石 X 1
6月交換券(2024) X 1
`*螺旋証明世界 リリムハーロット ～喝采なき薔薇～ アンケート復刻版
開幕記念 ログインボーナス*
*開催期間中、1日1回 最大21回 ログインボーナスをプレゼント！*
`白銀の果実 X 1
`_2024-06-08 04:31:15_
--------
*218bfc5b271887ecf209413962b4e176*
`登陆天数: 16天 / 653天
等级: 130
石头: 4038
呼符: 265
体力: 16468.536666666667 / 138
友情点: 0 / 467655`
*連続ログイン2日目
※ログインが途切れるか、7日到達すると
1日目から再開されます*
`聖晶石 X 1
6月交換券(2024) X 1
`*螺旋証明世界 リリムハーロット ～喝采なき薔薇～ アンケート復刻版
開幕記念 ログインボーナス*
*開催期間中、1日1回 最大21回 ログインボーナスをプレゼント！*
`白銀の果実 X 1
`_2024-06-08 04:31:23_
--------
*1bab0a0da912df3c49088a4dc2a462db*
`登陆天数: 16天 / 653天
等级: 130
石头: 4005
呼符: 227
体力: 16468.57 / 138
友情点: 0 / 470495`
*連続ログイン2日目
※ログインが途切れるか、7日到達すると
1日目から再開されます*
`聖晶石 X 1
6月交換券(2024) X 1
`*螺旋証明世界 リリムハーロット ～喝采なき薔薇～ アンケート復刻版
開幕記念 ログインボーナス*
*開催期間中、1日1回 最大21回 ログインボーナスをプレゼント！*
`白銀の果実 X 1
`_2024-06-08 04:31:31_
--------
*685c23a6c3b691ee6f77d3f2dc64af10*
`登陆天数: 16天 / 653天
等级: 130
石头: 3995
呼符: 303
体力: 16468.593333333334 / 138
友情点: 0 / 469715`
*連続ログイン2日目
※ログインが途切れるか、7日到達すると
1日目から再開されます*
`聖晶石 X 1
6月交換券(2024) X 1
`*螺旋証明世界 リリムハーロット ～喝采なき薔薇～ アンケート復刻版
開幕記念 ログインボーナス*
*開催期間中、1日1回 最大21回 ログインボーナスをプレゼント！*
`白銀の果実 X 1
`_2024-06-08 04:31:39_
--------
*aad16ccf1ba788801ca4e755bcedd529*
`登陆天数: 16天 / 653天
等级: 130
石头: 3996
呼符: 289
体力: 16468.620000000003 / 138
友情点: 0 / 469105`
*連続ログイン2日目
※ログインが途切れるか、7日到達すると
1日目から再開されます*
`聖晶石 X 1
6月交換券(2024) X 1
`*螺旋証明世界 リリムハーロット ～喝采なき薔薇～ アンケート復刻版
開幕記念 ログインボーナス*
*開催期間中、1日1回 最大21回 ログインボーナスをプレゼント！*
`白銀の果実 X 1
`_2024-06-08 04:31:47_
--------
*2a125df20c41ca1c5327e85734630a8d*
`登陆天数: 16天 / 654天
等级: 130
石头: 4048
呼符: 45
体力: 16468.643333333333 / 138
友情点: 0 / 468120`
*連続ログイン2日目
※ログインが途切れるか、7日到達すると
1日目から再開されます*
`聖晶石 X 1
6月交換券(2024) X 1
`*螺旋証明世界 リリムハーロット ～喝采なき薔薇～ アンケート復刻版
開幕記念 ログインボーナス*
*開催期間中、1日1回 最大21回 ログインボーナスをプレゼント！*
`白銀の果実 X 1
`_2024-06-08 04:31:55_
--------
*55a79131010f008e6bf453988cda8b6a*
`登陆天数: 16天 / 653天
等级: 130
石头: 4003
呼符: 24
体力: 16468.673333333332 / 138
友情点: 0 / 468675`
*連続ログイン2日目
※ログインが途切れるか、7日到達すると
1日目から再開されます*
`聖晶石 X 1
6月交換券(2024) X 1
`*螺旋証明世界 リリムハーロット ～喝采なき薔薇～ アンケート復刻版
開幕記念 ログインボーナス*
*開催期間中、1日1回 最大21回 ログインボーナスをプレゼント！*
`白銀の果実 X 1
`_2024-06-08 04:32:03_
--------
*706546d5df7a84500dc171708636f616*
`登陆天数: 16天 / 654天
等级: 130
石头: 4020
呼符: 318
体力: 16468.7 / 138
友情点: 0 / 465860`
*連続ログイン2日目
※ログインが途切れるか、7日到達すると
1日目から再開されます*
`聖晶石 X 1
6月交換券(2024) X 1
`*螺旋証明世界 リリムハーロット ～喝采なき薔薇～ アンケート復刻版
開幕記念 ログインボーナス*
*開催期間中、1日1回 最大21回 ログインボーナスをプレゼント！*
`白銀の果実 X 1
`_2024-06-08 04:32:11_
--------
*5fc7124488cc6d38a4de9a86c2f02342*
`登陆天数: 16天 / 653天
等级: 130
石头: 4018
呼符: 274
体力: 16468.72666666667 / 138
友情点: 0 / 468425`
*連続ログイン2日目
※ログインが途切れるか、7日到達すると
1日目から再開されます*
`聖晶石 X 1
6月交換券(2024) X 1
`*螺旋証明世界 リリムハーロット ～喝采なき薔薇～ アンケート復刻版
開幕記念 ログインボーナス*
*開催期間中、1日1回 最大21回 ログインボーナスをプレゼント！*
`白銀の果実 X 1
`_2024-06-08 04:32:19_
--------
*a5e17fa843264313a8b8d2a788a3839e*
`登陆天数: 16天 / 653天
等级: 130
石头: 3979
呼符: 134
体力: 16468.753333333334 / 138
友情点: 0 / 467620`
*連続ログイン2日目
※ログインが途切れるか、7日到達すると
1日目から再開されます*
`聖晶石 X 1
6月交換券(2024) X 1
`*螺旋証明世界 リリムハーロット ～喝采なき薔薇～ アンケート復刻版
開幕記念 ログインボーナス*
*開催期間中、1日1回 最大21回 ログインボーナスをプレゼント！*
`白銀の果実 X 1
`_2024-06-08 04:32:26_
--------
*9787b4dfd8aec76745025e2905dcce8a*
`登陆天数: 16天 / 653天
等级: 130
石头: 4007
呼符: 233
体力: 16468.78 / 138
友情点: 0 / 468500`
*連続ログイン2日目
※ログインが途切れるか、7日到達すると
1日目から再開されます*
`聖晶石 X 1
6月交換券(2024) X 1
`*螺旋証明世界 リリムハーロット ～喝采なき薔薇～ アンケート復刻版
開幕記念 ログインボーナス*
*開催期間中、1日1回 最大21回 ログインボーナスをプレゼント！*
`白銀の果実 X 1
`_2024-06-08 04:32:34_
--------
*cdeb528c0ac3660bbab015eb1f03d07c*
`登陆天数: 16天 / 653天
等级: 130
石头: 4006
呼符: 62
体力: 16468.806666666667 / 138
友情点: 0 / 468480`
*連続ログイン2日目
※ログインが途切れるか、7日到達すると
1日目から再開されます*
`聖晶石 X 1
6月交換券(2024) X 1
`*螺旋証明世界 リリムハーロット ～喝采なき薔薇～ アンケート復刻版
開幕記念 ログインボーナス*
*開催期間中、1日1回 最大21回 ログインボーナスをプレゼント！*
`白銀の果実 X 1
`_2024-06-08 04:32:42_
--------
*bd78ab35f1570874e1c2aa5f8482cff9*
`登陆天数: 16天 / 653天
等级: 130
石头: 4024
呼符: 182
体力: 16468.833333333336 / 138
友情点: 0 / 467815`
*連続ログイン2日目
※ログインが途切れるか、7日到達すると
1日目から再開されます*
`聖晶石 X 1
6月交換券(2024) X 1
`*螺旋証明世界 リリムハーロット ～喝采なき薔薇～ アンケート復刻版
開幕記念 ログインボーナス*
*開催期間中、1日1回 最大21回 ログインボーナスをプレゼント！*
`白銀の果実 X 1
`_2024-06-08 04:32:50_
--------
*b452fd6bc2f3ab8f22fa8da2baa97615*
`登陆天数: 16天 / 653天
等级: 130
石头: 4005
呼符: 286
体力: 16468.856666666667 / 138
友情点: 0 / 472105`
*連続ログイン2日目
※ログインが途切れるか、7日到達すると
1日目から再開されます*
`聖晶石 X 1
6月交換券(2024) X 1
`*螺旋証明世界 リリムハーロット ～喝采なき薔薇～ アンケート復刻版
開幕記念 ログインボーナス*
*開催期間中、1日1回 最大21回 ログインボーナスをプレゼント！*
`白銀の果実 X 1
`_2024-06-08 04:32:58_
--------
*9eaa7633ff214f001d8e8f3e41073f36*
`登陆天数: 16天 / 653天
等级: 130
石头: 4022
呼符: 69
体力: 16468.886666666665 / 138
友情点: 0 / 468055`
*連続ログイン2日目
※ログインが途切れるか、7日到達すると
1日目から再開されます*
`聖晶石 X 1
6月交換券(2024) X 1
`*螺旋証明世界 リリムハーロット ～喝采なき薔薇～ アンケート復刻版
開幕記念 ログインボーナス*
*開催期間中、1日1回 最大21回 ログインボーナスをプレゼント！*
`白銀の果実 X 1
`_2024-06-08 04:33:06_
--------
*64e65f73cf6ec161725307a973709254*
`登陆天数: 16天 / 654天
等级: 130
石头: 4025
呼符: 151
体力: 16468.913333333334 / 138
友情点: 0 / 466010`
*連続ログイン2日目
※ログインが途切れるか、7日到達すると
1日目から再開されます*
`聖晶石 X 1
6月交換券(2024) X 1
`*螺旋証明世界 リリムハーロット ～喝采なき薔薇～ アンケート復刻版
開幕記念 ログインボーナス*
*開催期間中、1日1回 最大21回 ログインボーナスをプレゼント！*
`白銀の果実 X 1
`_2024-06-08 04:33:14_
--------
*720b78f59000a78cead3712b31b41c85*
`登陆天数: 16天 / 654天
等级: 130
石头: 4027
呼符: 316
体力: 16468.93666666667 / 138
友情点: 0 / 466870`
*連続ログイン2日目
※ログインが途切れるか、7日到達すると
1日目から再開されます*
`聖晶石 X 1
6月交換券(2024) X 1
`*螺旋証明世界 リリムハーロット ～喝采なき薔薇～ アンケート復刻版
開幕記念 ログインボーナス*
*開催期間中、1日1回 最大21回 ログインボーナスをプレゼント！*
`白銀の果実 X 1
`_2024-06-08 04:33:22_
--------
*9a3c67d2523e201ef6efa57c6b5bf440*
`登陆天数: 16天 / 653天
等级: 130
石头: 3997
呼符: 185
体力: 16468.966666666667 / 138
友情点: 0 / 469220`
*連続ログイン2日目
※ログインが途切れるか、7日到達すると
1日目から再開されます*
`聖晶石 X 1
6月交換券(2024) X 1
`*螺旋証明世界 リリムハーロット ～喝采なき薔薇～ アンケート復刻版
開幕記念 ログインボーナス*
*開催期間中、1日1回 最大21回 ログインボーナスをプレゼント！*
`白銀の果実 X 1
`_2024-06-08 04:33:30_
--------
*7feaf061bca39d4ec2e9817d5e50bc1a*
`登陆天数: 16天 / 654天
等级: 130
石头: 4011
呼符: 235
体力: 16468.983333333334 / 138
友情点: 0 / 466845`
*連続ログイン2日目
※ログインが途切れるか、7日到達すると
1日目から再開されます*
`聖晶石 X 1
6月交換券(2024) X 1
`*螺旋証明世界 リリムハーロット ～喝采なき薔薇～ アンケート復刻版
開幕記念 ログインボーナス*
*開催期間中、1日1回 最大21回 ログインボーナスをプレゼント！*
`白銀の果実 X 1
`_2024-06-08 04:33:38_
--------
*57f4f1e2d55c21fb2d13b9675edf4af7*
`登陆天数: 16天 / 654天
等级: 130
石头: 4051
呼符: 241
体力: 16469.02 / 138
友情点: 0 / 466775`
*連続ログイン2日目
※ログインが途切れるか、7日到達すると
1日目から再開されます*
`聖晶石 X 1
6月交換券(2024) X 1
`*螺旋証明世界 リリムハーロット ～喝采なき薔薇～ アンケート復刻版
開幕記念 ログインボーナス*
*開催期間中、1日1回 最大21回 ログインボーナスをプレゼント！*
`白銀の果実 X 1
`_2024-06-08 04:33:46_
--------
*c0fe0f900e2538ff177f96e576d97dae*
`登陆天数: 16天 / 654天
等级: 130
石头: 4025
呼符: 25
体力: 16469.043333333335 / 138
友情点: 0 / 468760`
*連続ログイン2日目
※ログインが途切れるか、7日到達すると
1日目から再開されます*
`聖晶石 X 1
6月交換券(2024) X 1
`*螺旋証明世界 リリムハーロット ～喝采なき薔薇～ アンケート復刻版
開幕記念 ログインボーナス*
*開催期間中、1日1回 最大21回 ログインボーナスをプレゼント！*
`白銀の果実 X 1
`_2024-06-08 04:33:54_
--------
*020180bc4f156afcdce866ce9cedcca6*
`登陆天数: 16天 / 653天
等级: 130
石头: 4007
呼符: 283
体力: 16469.07 / 138
友情点: 0 / 468845`
*連続ログイン2日目
※ログインが途切れるか、7日到達すると
1日目から再開されます*
`聖晶石 X 1
6月交換券(2024) X 1
`*螺旋証明世界 リリムハーロット ～喝采なき薔薇～ アンケート復刻版
開幕記念 ログインボーナス*
*開催期間中、1日1回 最大21回 ログインボーナスをプレゼント！*
`白銀の果実 X 1
`_2024-06-08 04:34:02_
--------
*c418d4fc03fce1dd86b9c4045bfbe30a*
`登陆天数: 16天 / 653天
等级: 130
石头: 4012
呼符: 206
体力: 16469.096666666665 / 138
友情点: 0 / 468150`
*連続ログイン2日目
※ログインが途切れるか、7日到達すると
1日目から再開されます*
`聖晶石 X 1
6月交換券(2024) X 1
`*螺旋証明世界 リリムハーロット ～喝采なき薔薇～ アンケート復刻版
開幕記念 ログインボーナス*
*開催期間中、1日1回 最大21回 ログインボーナスをプレゼント！*
`白銀の果実 X 1
`_2024-06-08 04:34:10_
--------
*866bedda492d6733dc8e9bbedf64abaa*
`登陆天数: 16天 / 653天
等级: 130
石头: 4016
呼符: 322
体力: 16469.123333333333 / 138
友情点: 0 / 468685`
*連続ログイン2日目
※ログインが途切れるか、7日到達すると
1日目から再開されます*
`聖晶石 X 1
6月交換券(2024) X 1
`*螺旋証明世界 リリムハーロット ～喝采なき薔薇～ アンケート復刻版
開幕記念 ログインボーナス*
*開催期間中、1日1回 最大21回 ログインボーナスをプレゼント！*
`白銀の果実 X 1
`_2024-06-08 04:34:19_
--------
*07ffdac9b3c29adb0713934d30f84fa2*
`登陆天数: 16天 / 654天
等级: 130
石头: 4011
呼符: 235
体力: 16469.153333333335 / 138
友情点: 0 / 466440`
*連続ログイン2日目
※ログインが途切れるか、7日到達すると
1日目から再開されます*
`聖晶石 X 1
6月交換券(2024) X 1
`*螺旋証明世界 リリムハーロット ～喝采なき薔薇～ アンケート復刻版
開幕記念 ログインボーナス*
*開催期間中、1日1回 最大21回 ログインボーナスをプレゼント！*
`白銀の果実 X 1
`_2024-06-08 04:34:26_
--------
*55a115a2b7bad87a9a59815065a058b6*
`登陆天数: 16天 / 653天
等级: 130
石头: 4030
呼符: 317
体力: 16469.176666666666 / 138
友情点: 0 / 467740`
*連続ログイン2日目
※ログインが途切れるか、7日到達すると
1日目から再開されます*
`聖晶石 X 1
6月交換券(2024) X 1
`*螺旋証明世界 リリムハーロット ～喝采なき薔薇～ アンケート復刻版
開幕記念 ログインボーナス*
*開催期間中、1日1回 最大21回 ログインボーナスをプレゼント！*
`白銀の果実 X 1
`_2024-06-08 04:34:34_
--------
*2ef3d5dafd84d3243c0a5fbb327f134f*
`登陆天数: 16天 / 654天
等级: 130
石头: 4017
呼符: 303
体力: 16469.20333333333 / 138
友情点: 0 / 466945`
*連続ログイン2日目
※ログインが途切れるか、7日到達すると
1日目から再開されます*
`聖晶石 X 1
6月交換券(2024) X 1
`*螺旋証明世界 リリムハーロット ～喝采なき薔薇～ アンケート復刻版
開幕記念 ログインボーナス*
*開催期間中、1日1回 最大21回 ログインボーナスをプレゼント！*
`白銀の果実 X 1
`_2024-06-08 04:34:42_
--------
*20b17e5b321671e80175c2f1b14263e8*
`登陆天数: 16天 / 653天
等级: 130
石头: 4015
呼符: 204
体力: 16469.233333333334 / 138
友情点: 0 / 468985`
*連続ログイン2日目
※ログインが途切れるか、7日到達すると
1日目から再開されます*
`聖晶石 X 1
6月交換券(2024) X 1
`*螺旋証明世界 リリムハーロット ～喝采なき薔薇～ アンケート復刻版
開幕記念 ログインボーナス*
*開催期間中、1日1回 最大21回 ログインボーナスをプレゼント！*
`白銀の果実 X 1
`_2024-06-08 04:34:50_
--------
*c6cdfad9f74637a5fa7984a5c10ba453*
`登陆天数: 16天 / 653天
等级: 130
石头: 4013
呼符: 185
体力: 16469.256666666668 / 138
友情点: 0 / 468445`
*連続ログイン2日目
※ログインが途切れるか、7日到達すると
1日目から再開されます*
`聖晶石 X 1
6月交換券(2024) X 1
`*螺旋証明世界 リリムハーロット ～喝采なき薔薇～ アンケート復刻版
開幕記念 ログインボーナス*
*開催期間中、1日1回 最大21回 ログインボーナスをプレゼント！*
`白銀の果実 X 1
`_2024-06-08 04:34:58_
--------
*5ee9b6cb4dad6d3e2abbfcfb9f329e4d*
`登陆天数: 16天 / 653天
等级: 130
石头: 4010
呼符: 144
体力: 16469.283333333333 / 138
友情点: 0 / 469770`
*連続ログイン2日目
※ログインが途切れるか、7日到達すると
1日目から再開されます*
`聖晶石 X 1
6月交換券(2024) X 1
`*螺旋証明世界 リリムハーロット ～喝采なき薔薇～ アンケート復刻版
開幕記念 ログインボーナス*
*開催期間中、1日1回 最大21回 ログインボーナスをプレゼント！*
`白銀の果実 X 1
`_2024-06-08 04:35:06_
--------
*1319913a2715297058302bd3d3a0a36e*
`登陆天数: 16天 / 654天
等级: 130
石头: 4020
呼符: 308
体力: 16469.309999999998 / 138
友情点: 0 / 467355`
*連続ログイン2日目
※ログインが途切れるか、7日到達すると
1日目から再開されます*
`聖晶石 X 1
6月交換券(2024) X 1
`*螺旋証明世界 リリムハーロット ～喝采なき薔薇～ アンケート復刻版
開幕記念 ログインボーナス*
*開催期間中、1日1回 最大21回 ログインボーナスをプレゼント！*
`白銀の果実 X 1
`_2024-06-08 04:35:15_
--------
*f48471cf27ea6e65bc1440b2909b3940*
`登陆天数: 16天 / 654天
等级: 130
石头: 4016
呼符: 233
体力: 16469.336666666666 / 138
友情点: 0 / 466855`
*連続ログイン2日目
※ログインが途切れるか、7日到達すると
1日目から再開されます*
`聖晶石 X 1
6月交換券(2024) X 1
`*螺旋証明世界 リリムハーロット ～喝采なき薔薇～ アンケート復刻版
開幕記念 ログインボーナス*
*開催期間中、1日1回 最大21回 ログインボーナスをプレゼント！*
`白銀の果実 X 1
`_2024-06-08 04:35:22_
--------
*b2424f676ee1ec9f88f81b0d4698987e*
`登陆天数: 16天 / 653天
等级: 130
石头: 4026
呼符: 284
体力: 16469.363333333335 / 138
友情点: 0 / 468925`
*連続ログイン2日目
※ログインが途切れるか、7日到達すると
1日目から再開されます*
`聖晶石 X 1
6月交換券(2024) X 1
`*螺旋証明世界 リリムハーロット ～喝采なき薔薇～ アンケート復刻版
開幕記念 ログインボーナス*
*開催期間中、1日1回 最大21回 ログインボーナスをプレゼント！*
`白銀の果実 X 1
`_2024-06-08 04:35:30_
--------
*1d8b59cba0e3f72ff517c89f032c2599*
`登陆天数: 16天 / 653天
等级: 130
石头: 4022
呼符: 302
体力: 16469.379999999997 / 138
友情点: 0 / 468680`
*連続ログイン2日目
※ログインが途切れるか、7日到達すると
1日目から再開されます*
`聖晶石 X 1
6月交換券(2024) X 1
`*螺旋証明世界 リリムハーロット ～喝采なき薔薇～ アンケート復刻版
開幕記念 ログインボーナス*
*開催期間中、1日1回 最大21回 ログインボーナスをプレゼント！*
`白銀の果実 X 1
`_2024-06-08 04:35:38_
--------
*8ee0cbaadc815c1912c61e71286549b1*
`登陆天数: 16天 / 653天
等级: 130
石头: 4017
呼符: 234
体力: 16469.416666666664 / 138
友情点: 0 / 467875`
*連続ログイン2日目
※ログインが途切れるか、7日到達すると
1日目から再開されます*
`聖晶石 X 1
6月交換券(2024) X 1
`*螺旋証明世界 リリムハーロット ～喝采なき薔薇～ アンケート復刻版
開幕記念 ログインボーナス*
*開催期間中、1日1回 最大21回 ログインボーナスをプレゼント！*
`白銀の果実 X 1
`_2024-06-08 04:35:46_
--------
*218468cf4ad512dce281cb19f43cb30e*
`登陆天数: 16天 / 654天
等级: 130
石头: 4021
呼符: 312
体力: 16469.443333333333 / 138
友情点: 0 / 465890`
*連続ログイン2日目
※ログインが途切れるか、7日到達すると
1日目から再開されます*
`聖晶石 X 1
6月交換券(2024) X 1
`*螺旋証明世界 リリムハーロット ～喝采なき薔薇～ アンケート復刻版
開幕記念 ログインボーナス*
*開催期間中、1日1回 最大21回 ログインボーナスをプレゼント！*
`白銀の果実 X 1
`_2024-06-08 04:35:54_
--------
*0fbd7be41a76c85cd8daa691dafb8ffe*
`登陆天数: 16天 / 654天
等级: 130
石头: 4035
呼符: 298
体力: 16469.47 / 138
友情点: 0 / 465965`
*連続ログイン2日目
※ログインが途切れるか、7日到達すると
1日目から再開されます*
`聖晶石 X 1
6月交換券(2024) X 1
`*螺旋証明世界 リリムハーロット ～喝采なき薔薇～ アンケート復刻版
開幕記念 ログインボーナス*
*開催期間中、1日1回 最大21回 ログインボーナスをプレゼント！*
`白銀の果実 X 1
`_2024-06-08 04:36:02_
--------
*196168efcabd7d425b0032d3621c483a*
`登陆天数: 16天 / 654天
等级: 130
石头: 4008
呼符: 242
体力: 16469.496666666666 / 138
友情点: 0 / 466590`
*連続ログイン2日目
※ログインが途切れるか、7日到達すると
1日目から再開されます*
`聖晶石 X 1
6月交換券(2024) X 1
`*螺旋証明世界 リリムハーロット ～喝采なき薔薇～ アンケート復刻版
開幕記念 ログインボーナス*
*開催期間中、1日1回 最大21回 ログインボーナスをプレゼント！*
`白銀の果実 X 1
`_2024-06-08 04:36:10_
--------
*620116c5f38dcbbc4ed175e39aeef43c*
`登陆天数: 16天 / 653天
等级: 130
石头: 4009
呼符: 282
体力: 16469.52333333333 / 138
友情点: 0 / 471175`
*連続ログイン2日目
※ログインが途切れるか、7日到達すると
1日目から再開されます*
`聖晶石 X 1
6月交換券(2024) X 1
`*螺旋証明世界 リリムハーロット ～喝采なき薔薇～ アンケート復刻版
開幕記念 ログインボーナス*
*開催期間中、1日1回 最大21回 ログインボーナスをプレゼント！*
`白銀の果実 X 1
`_2024-06-08 04:36:19_
--------
*7e0869077ab753a7d90d8db403886c6d*
`登陆天数: 16天 / 653天
等级: 130
石头: 4022
呼符: 308
体力: 16469.54666666667 / 138
友情点: 0 / 468650`
*連続ログイン2日目
※ログインが途切れるか、7日到達すると
1日目から再開されます*
`聖晶石 X 1
6月交換券(2024) X 1
`*螺旋証明世界 リリムハーロット ～喝采なき薔薇～ アンケート復刻版
開幕記念 ログインボーナス*
*開催期間中、1日1回 最大21回 ログインボーナスをプレゼント！*
`白銀の果実 X 1
`_2024-06-08 04:36:27_
--------
*6b6792983ff80039bfb163e41b784518*
`登陆天数: 16天 / 654天
等级: 130
石头: 4026
呼符: 314
体力: 16469.576666666668 / 138
友情点: 0 / 466225`
*連続ログイン2日目
※ログインが途切れるか、7日到達すると
1日目から再開されます*
`聖晶石 X 1
6月交換券(2024) X 1
`*螺旋証明世界 リリムハーロット ～喝采なき薔薇～ アンケート復刻版
開幕記念 ログインボーナス*
*開催期間中、1日1回 最大21回 ログインボーナスをプレゼント！*
`白銀の果実 X 1
`_2024-06-08 04:36:35_
--------
*dda03e285c2ed456c4c492938bd0d83f*
`登陆天数: 16天 / 654天
等级: 130
石头: 4023
呼符: 275
体力: 16469.606666666667 / 138
友情点: 0 / 466930`
*連続ログイン2日目
※ログインが途切れるか、7日到達すると
1日目から再開されます*
`聖晶石 X 1
6月交換券(2024) X 1
`*螺旋証明世界 リリムハーロット ～喝采なき薔薇～ アンケート復刻版
開幕記念 ログインボーナス*
*開催期間中、1日1回 最大21回 ログインボーナスをプレゼント！*
`白銀の果実 X 1
`_2024-06-08 04:36:43_
--------
*4c9a004c9bdbf2ee9ad04026a9bcc3d6*
`登陆天数: 16天 / 653天
等级: 130
石头: 4008
呼符: 195
体力: 16469.629999999997 / 138
友情点: 0 / 469100`
*連続ログイン2日目
※ログインが途切れるか、7日到達すると
1日目から再開されます*
`聖晶石 X 1
6月交換券(2024) X 1
`*螺旋証明世界 リリムハーロット ～喝采なき薔薇～ アンケート復刻版
開幕記念 ログインボーナス*
*開催期間中、1日1回 最大21回 ログインボーナスをプレゼント！*
`白銀の果実 X 1
`_2024-06-08 04:36:51_
--------
*ee36ae671b666512a8544f725126a5ac*
`登陆天数: 16天 / 654天
等级: 130
石头: 4012
呼符: 283
体力: 16469.656666666666 / 138
友情点: 0 / 467115`
*連続ログイン2日目
※ログインが途切れるか、7日到達すると
1日目から再開されます*
`聖晶石 X 1
6月交換券(2024) X 1
`*螺旋証明世界 リリムハーロット ～喝采なき薔薇～ アンケート復刻版
開幕記念 ログインボーナス*
*開催期間中、1日1回 最大21回 ログインボーナスをプレゼント！*
`白銀の果実 X 1
`_2024-06-08 04:36:59_
--------
*597be7b75507cf3e3433c293361004f2*
`登陆天数: 16天 / 654天
等级: 130
石头: 4025
呼符: 319
体力: 16469.683333333334 / 138
友情点: 0 / 468610`
*連続ログイン2日目
※ログインが途切れるか、7日到達すると
1日目から再開されます*
`聖晶石 X 1
6月交換券(2024) X 1
`*螺旋証明世界 リリムハーロット ～喝采なき薔薇～ アンケート復刻版
開幕記念 ログインボーナス*
*開催期間中、1日1回 最大21回 ログインボーナスをプレゼント！*
`白銀の果実 X 1
`_2024-06-08 04:37:07_
--------
*5271da64f42e94fc23a26a910897f402*
`登陆天数: 16天 / 654天
等级: 130
石头: 3998
呼符: 175
体力: 16469.71 / 138
友情点: 0 / 466775`
*連続ログイン2日目
※ログインが途切れるか、7日到達すると
1日目から再開されます*
`聖晶石 X 1
6月交換券(2024) X 1
`*螺旋証明世界 リリムハーロット ～喝采なき薔薇～ アンケート復刻版
開幕記念 ログインボーナス*
*開催期間中、1日1回 最大21回 ログインボーナスをプレゼント！*
`白銀の果実 X 1
`_2024-06-08 04:37:15_
--------
*be952791e6e13d90ddf937ab63b67cf9*
`登陆天数: 16天 / 654天
等级: 130
石头: 4026
呼符: 176
体力: 16469.736666666664 / 138
友情点: 0 / 466920`
*連続ログイン2日目
※ログインが途切れるか、7日到達すると
1日目から再開されます*
`聖晶石 X 1
6月交換券(2024) X 1
`*螺旋証明世界 リリムハーロット ～喝采なき薔薇～ アンケート復刻版
開幕記念 ログインボーナス*
*開催期間中、1日1回 最大21回 ログインボーナスをプレゼント！*
`白銀の果実 X 1
`_2024-06-08 04:37:23_
--------
*80570526c900c3d2eb096db85111bd37*
`登陆天数: 16天 / 653天
等级: 130
石头: 4025
呼符: 177
体力: 16469.766666666666 / 138
友情点: 0 / 470090`
*連続ログイン2日目
※ログインが途切れるか、7日到達すると
1日目から再開されます*
`聖晶石 X 1
6月交換券(2024) X 1
`*螺旋証明世界 リリムハーロット ～喝采なき薔薇～ アンケート復刻版
開幕記念 ログインボーナス*
*開催期間中、1日1回 最大21回 ログインボーナスをプレゼント！*
`白銀の果実 X 1
`_2024-06-08 04:37:31_
--------
