【登录信息】
*a2d701ff4c15c728056da94e68b57ae2*
`登陆天数: 18天 / 656天
等级: 130
石头: 4056
呼符: 325
体力: 13.310000000000002 / 138
友情点: 0 / 468890`
_2024-06-10 04:34:56_
--------
*7e3e7ebfc87bdadea779e92bbd045bb8*
`登陆天数: 18天 / 655天
等级: 130
石头: 4076
呼符: 285
体力: 13.27666666666667 / 138
友情点: 0 / 468405`
_2024-06-10 04:35:04_
--------
*0658c25534437f1fc9df9cb3dfda5815*
`登陆天数: 18天 / 655天
等级: 130
石头: 4061
呼符: 215
体力: 13.24333333333334 / 138
友情点: 0 / 471240`
_2024-06-10 04:35:12_
--------
*218bfc5b271887ecf209413962b4e176*
`登陆天数: 18天 / 655天
等级: 130
石头: 4090
呼符: 274
体力: 13.209999999999994 / 138
友情点: 0 / 467655`
_2024-06-10 04:35:20_
--------
*1bab0a0da912df3c49088a4dc2a462db*
`登陆天数: 18天 / 655天
等级: 130
石头: 4057
呼符: 236
体力: 13.180000000000007 / 138
友情点: 0 / 470495`
_2024-06-10 04:35:27_
--------
*685c23a6c3b691ee6f77d3f2dc64af10*
`登陆天数: 18天 / 655天
等级: 130
石头: 4047
呼符: 312
体力: 13.146666666666661 / 138
友情点: 0 / 469715`
_2024-06-10 04:35:35_
--------
*aad16ccf1ba788801ca4e755bcedd529*
`登陆天数: 18天 / 655天
等级: 130
石头: 4048
呼符: 298
体力: 13.11666666666666 / 138
友情点: 0 / 469105`
_2024-06-10 04:35:43_
--------
*2a125df20c41ca1c5327e85734630a8d*
`登陆天数: 18天 / 656天
等级: 130
石头: 4098
呼符: 54
体力: 13.083333333333329 / 138
友情点: 0 / 470120`
_2024-06-10 04:35:50_
--------
*55a79131010f008e6bf453988cda8b6a*
`登陆天数: 18天 / 655天
等级: 130
石头: 4055
呼符: 33
体力: 13.049999999999997 / 138
友情点: 0 / 468675`
_2024-06-10 04:35:58_
--------
*706546d5df7a84500dc171708636f616*
`登陆天数: 18天 / 656天
等级: 130
石头: 4070
呼符: 327
体力: 13.016666666666666 / 138
友情点: 0 / 467860`
_2024-06-10 04:36:06_
--------
*5fc7124488cc6d38a4de9a86c2f02342*
`登陆天数: 18天 / 655天
等级: 130
石头: 4070
呼符: 283
体力: 12.983333333333334 / 138
友情点: 0 / 468425`
_2024-06-10 04:36:14_
--------
*a5e17fa843264313a8b8d2a788a3839e*
`登陆天数: 18天 / 655天
等级: 130
石头: 4031
呼符: 143
体力: 12.950000000000003 / 138
友情点: 0 / 467620`
_2024-06-10 04:36:22_
--------
*9787b4dfd8aec76745025e2905dcce8a*
`登陆天数: 18天 / 655天
等级: 130
石头: 4059
呼符: 242
体力: 12.920000000000002 / 138
友情点: 0 / 468500`
_2024-06-10 04:36:29_
--------
*cdeb528c0ac3660bbab015eb1f03d07c*
`登陆天数: 18天 / 655天
等级: 130
石头: 4058
呼符: 71
体力: 12.88666666666667 / 138
友情点: 0 / 468480`
_2024-06-10 04:36:37_
--------
*bd78ab35f1570874e1c2aa5f8482cff9*
`登陆天数: 18天 / 655天
等级: 130
石头: 4076
呼符: 191
体力: 12.849999999999994 / 138
友情点: 0 / 467815`
_2024-06-10 04:36:45_
--------
*b452fd6bc2f3ab8f22fa8da2baa97615*
`登陆天数: 18天 / 655天
等级: 130
石头: 4057
呼符: 295
体力: 12.819999999999993 / 138
友情点: 0 / 472105`
_2024-06-10 04:36:53_
--------
*9eaa7633ff214f001d8e8f3e41073f36*
`登陆天数: 18天 / 655天
等级: 130
石头: 4074
呼符: 78
体力: 12.786666666666662 / 138
友情点: 0 / 468055`
_2024-06-10 04:37:00_
--------
*64e65f73cf6ec161725307a973709254*
`登陆天数: 18天 / 656天
等级: 130
石头: 4075
呼符: 160
体力: 12.75 / 138
友情点: 0 / 468010`
_2024-06-10 04:37:08_
--------
*720b78f59000a78cead3712b31b41c85*
`登陆天数: 18天 / 656天
等级: 130
石头: 4077
呼符: 325
体力: 12.719999999999999 / 138
友情点: 0 / 468870`
_2024-06-10 04:37:15_
--------
*9a3c67d2523e201ef6efa57c6b5bf440*
`登陆天数: 18天 / 655天
等级: 130
石头: 4049
呼符: 194
体力: 12.683333333333337 / 138
友情点: 0 / 469220`
_2024-06-10 04:37:23_
--------
*7feaf061bca39d4ec2e9817d5e50bc1a*
`登陆天数: 18天 / 656天
等级: 130
石头: 4061
呼符: 244
体力: 12.650000000000006 / 138
友情点: 0 / 468845`
_2024-06-10 04:37:30_
--------
*57f4f1e2d55c21fb2d13b9675edf4af7*
`登陆天数: 18天 / 656天
等级: 130
石头: 4101
呼符: 250
体力: 12.620000000000005 / 138
友情点: 0 / 468775`
_2024-06-10 04:37:38_
--------
*c0fe0f900e2538ff177f96e576d97dae*
`登陆天数: 18天 / 656天
等级: 130
石头: 4075
呼符: 34
体力: 12.586666666666673 / 138
友情点: 0 / 470760`
_2024-06-10 04:37:46_
--------
*020180bc4f156afcdce866ce9cedcca6*
`登陆天数: 18天 / 655天
等级: 130
石头: 4059
呼符: 292
体力: 12.556666666666672 / 138
友情点: 0 / 468845`
_2024-06-10 04:37:54_
--------
*c418d4fc03fce1dd86b9c4045bfbe30a*
`登陆天数: 18天 / 655天
等级: 130
石头: 4064
呼符: 215
体力: 12.523333333333326 / 138
友情点: 0 / 468150`
_2024-06-10 04:38:01_
--------
*866bedda492d6733dc8e9bbedf64abaa*
`登陆天数: 18天 / 655天
等级: 130
石头: 4068
呼符: 331
体力: 12.486666666666665 / 138
友情点: 0 / 468685`
_2024-06-10 04:38:09_
--------
*07ffdac9b3c29adb0713934d30f84fa2*
`登陆天数: 18天 / 656天
等级: 130
石头: 4061
呼符: 244
体力: 12.456666666666663 / 138
友情点: 0 / 468440`
_2024-06-10 04:38:17_
--------
*55a115a2b7bad87a9a59815065a058b6*
`登陆天数: 18天 / 655天
等级: 130
石头: 4082
呼符: 326
体力: 12.423333333333332 / 138
友情点: 0 / 467740`
_2024-06-10 04:38:24_
--------
*2ef3d5dafd84d3243c0a5fbb327f134f*
`登陆天数: 18天 / 656天
等级: 130
石头: 4067
呼符: 312
体力: 12.39 / 138
友情点: 0 / 468945`
_2024-06-10 04:38:32_
--------
*20b17e5b321671e80175c2f1b14263e8*
`登陆天数: 18天 / 655天
等级: 130
石头: 4067
呼符: 213
体力: 12.36 / 138
友情点: 0 / 468985`
_2024-06-10 04:38:39_
--------
*c6cdfad9f74637a5fa7984a5c10ba453*
`登陆天数: 18天 / 655天
等级: 130
石头: 4065
呼符: 194
体力: 12.329999999999998 / 138
友情点: 0 / 468445`
_2024-06-10 04:38:47_
--------
*5ee9b6cb4dad6d3e2abbfcfb9f329e4d*
`登陆天数: 18天 / 655天
等级: 130
石头: 4062
呼符: 153
体力: 12.296666666666667 / 138
友情点: 0 / 469770`
_2024-06-10 04:38:55_
--------
*1319913a2715297058302bd3d3a0a36e*
`登陆天数: 18天 / 656天
等级: 130
石头: 4070
呼符: 317
体力: 12.266666666666666 / 138
友情点: 0 / 469355`
_2024-06-10 04:39:03_
--------
*f48471cf27ea6e65bc1440b2909b3940*
`登陆天数: 18天 / 656天
等级: 130
石头: 4066
呼符: 242
体力: 12.236666666666665 / 138
友情点: 0 / 468855`
_2024-06-10 04:39:11_
--------
*b2424f676ee1ec9f88f81b0d4698987e*
`登陆天数: 18天 / 655天
等级: 130
石头: 4078
呼符: 293
体力: 12.206666666666663 / 138
友情点: 0 / 468925`
_2024-06-10 04:39:18_
--------
*1d8b59cba0e3f72ff517c89f032c2599*
`登陆天数: 18天 / 655天
等级: 130
石头: 4074
呼符: 311
体力: 12.173333333333332 / 138
友情点: 0 / 468680`
_2024-06-10 04:39:26_
--------
*8ee0cbaadc815c1912c61e71286549b1*
`登陆天数: 18天 / 655天
等级: 130
石头: 4069
呼符: 243
体力: 12.14333333333333 / 138
友情点: 0 / 467875`
_2024-06-10 04:39:33_
--------
*218468cf4ad512dce281cb19f43cb30e*
`登陆天数: 18天 / 656天
等级: 130
石头: 4071
呼符: 321
体力: 12.11 / 138
友情点: 0 / 467890`
_2024-06-10 04:39:41_
--------
*0fbd7be41a76c85cd8daa691dafb8ffe*
`登陆天数: 18天 / 656天
等级: 130
石头: 4085
呼符: 307
体力: 12.079999999999998 / 138
友情点: 0 / 467965`
_2024-06-10 04:39:48_
--------
*196168efcabd7d425b0032d3621c483a*
`登陆天数: 18天 / 656天
等级: 130
石头: 4058
呼符: 251
体力: 12.049999999999997 / 138
友情点: 0 / 468590`
_2024-06-10 04:39:56_
--------
*620116c5f38dcbbc4ed175e39aeef43c*
`登陆天数: 18天 / 655天
等级: 130
石头: 4061
呼符: 291
体力: 12.016666666666666 / 138
友情点: 0 / 471175`
_2024-06-10 04:40:04_
--------
*7e0869077ab753a7d90d8db403886c6d*
`登陆天数: 18天 / 655天
等级: 130
石头: 4074
呼符: 317
体力: 11.986666666666665 / 138
友情点: 0 / 468650`
_2024-06-10 04:40:12_
--------
*6b6792983ff80039bfb163e41b784518*
`登陆天数: 18天 / 656天
等级: 130
石头: 4076
呼符: 323
体力: 11.953333333333333 / 138
友情点: 0 / 468225`
_2024-06-10 04:40:19_
--------
*dda03e285c2ed456c4c492938bd0d83f*
`登陆天数: 18天 / 656天
等级: 130
石头: 4073
呼符: 284
体力: 11.923333333333332 / 138
友情点: 0 / 468930`
_2024-06-10 04:40:27_
--------
*4c9a004c9bdbf2ee9ad04026a9bcc3d6*
`登陆天数: 18天 / 655天
等级: 130
石头: 4060
呼符: 204
体力: 11.89333333333333 / 138
友情点: 0 / 469100`
_2024-06-10 04:40:34_
--------
*ee36ae671b666512a8544f725126a5ac*
`登陆天数: 18天 / 656天
等级: 130
石头: 4062
呼符: 292
体力: 11.86 / 138
友情点: 0 / 469115`
_2024-06-10 04:40:42_
--------
*597be7b75507cf3e3433c293361004f2*
`登陆天数: 18天 / 656天
等级: 130
石头: 4075
呼符: 328
体力: 11.829999999999998 / 138
友情点: 0 / 470610`
_2024-06-10 04:40:50_
--------
*5271da64f42e94fc23a26a910897f402*
`登陆天数: 18天 / 656天
等级: 130
石头: 4048
呼符: 184
体力: 11.796666666666667 / 138
友情点: 0 / 468775`
_2024-06-10 04:40:57_
--------
*be952791e6e13d90ddf937ab63b67cf9*
`登陆天数: 18天 / 656天
等级: 130
石头: 4076
呼符: 185
体力: 11.763333333333335 / 138
友情点: 0 / 468920`
_2024-06-10 04:41:05_
--------
*80570526c900c3d2eb096db85111bd37*
`登陆天数: 18天 / 655天
等级: 130
石头: 4025
呼符: 177
体力: 17046.503333333334 / 138
友情点: 0 / 470090`
_2024-06-10 04:41:13_
--------
