【登录信息】
*a2d701ff4c15c728056da94e68b57ae2*
`登陆天数: 19天 / 657天
等级: 130
石头: 4056
呼符: 325
体力: 20.906666666666666 / 138
友情点: 0 / 462890`
_2024-06-11 04:32:56_
--------
*7e3e7ebfc87bdadea779e92bbd045bb8*
`登陆天数: 19天 / 656天
等级: 130
石头: 4076
呼符: 285
体力: 20.873333333333335 / 138
友情点: 0 / 462405`
_2024-06-11 04:33:04_
--------
*0658c25534437f1fc9df9cb3dfda5815*
`登陆天数: 19天 / 656天
等级: 130
石头: 4061
呼符: 215
体力: 20.843333333333334 / 138
友情点: 0 / 465240`
_2024-06-11 04:33:11_
--------
*218bfc5b271887ecf209413962b4e176*
`登陆天数: 19天 / 656天
等级: 130
石头: 4090
呼符: 274
体力: 20.810000000000002 / 138
友情点: 0 / 461655`
_2024-06-11 04:33:19_
--------
*1bab0a0da912df3c49088a4dc2a462db*
`登陆天数: 19天 / 656天
等级: 130
石头: 4057
呼符: 236
体力: 20.77666666666667 / 138
友情点: 0 / 464495`
_2024-06-11 04:33:27_
--------
*685c23a6c3b691ee6f77d3f2dc64af10*
`登陆天数: 19天 / 656天
等级: 130
石头: 4047
呼符: 312
体力: 20.74666666666667 / 138
友情点: 0 / 463715`
_2024-06-11 04:33:35_
--------
*aad16ccf1ba788801ca4e755bcedd529*
`登陆天数: 19天 / 656天
等级: 130
石头: 4048
呼符: 298
体力: 20.71666666666667 / 138
友情点: 0 / 463105`
_2024-06-11 04:33:43_
--------
*2a125df20c41ca1c5327e85734630a8d*
`登陆天数: 19天 / 657天
等级: 130
石头: 4098
呼符: 54
体力: 20.683333333333337 / 138
友情点: 0 / 464120`
_2024-06-11 04:33:50_
--------
*55a79131010f008e6bf453988cda8b6a*
`登陆天数: 19天 / 656天
等级: 130
石头: 4055
呼符: 33
体力: 20.650000000000006 / 138
友情点: 0 / 462675`
_2024-06-11 04:33:58_
--------
*706546d5df7a84500dc171708636f616*
`登陆天数: 19天 / 657天
等级: 130
石头: 4070
呼符: 327
体力: 20.61666666666666 / 138
友情点: 0 / 461860`
_2024-06-11 04:34:06_
--------
*5fc7124488cc6d38a4de9a86c2f02342*
`登陆天数: 19天 / 656天
等级: 130
石头: 4070
呼符: 283
体力: 20.586666666666673 / 138
友情点: 0 / 462425`
_2024-06-11 04:34:14_
--------
*a5e17fa843264313a8b8d2a788a3839e*
`登陆天数: 19天 / 656天
等级: 130
石头: 4031
呼符: 143
体力: 20.553333333333327 / 138
友情点: 0 / 461620`
_2024-06-11 04:34:22_
--------
*9787b4dfd8aec76745025e2905dcce8a*
`登陆天数: 19天 / 656天
等级: 130
石头: 4059
呼符: 242
体力: 20.523333333333326 / 138
友情点: 0 / 462500`
_2024-06-11 04:34:30_
--------
*cdeb528c0ac3660bbab015eb1f03d07c*
`登陆天数: 19天 / 656天
等级: 130
石头: 4058
呼符: 71
体力: 20.489999999999995 / 138
友情点: 0 / 462480`
_2024-06-11 04:34:38_
--------
*bd78ab35f1570874e1c2aa5f8482cff9*
`登陆天数: 19天 / 656天
等级: 130
石头: 4076
呼符: 191
体力: 20.453333333333333 / 138
友情点: 0 / 461815`
_2024-06-11 04:34:46_
--------
*b452fd6bc2f3ab8f22fa8da2baa97615*
`登陆天数: 19天 / 656天
等级: 130
石头: 4057
呼符: 295
体力: 20.423333333333332 / 138
友情点: 0 / 466105`
_2024-06-11 04:34:54_
--------
*9eaa7633ff214f001d8e8f3e41073f36*
`登陆天数: 19天 / 656天
等级: 130
石头: 4074
呼符: 78
体力: 20.39 / 138
友情点: 0 / 462055`
_2024-06-11 04:35:01_
--------
*64e65f73cf6ec161725307a973709254*
`登陆天数: 19天 / 657天
等级: 130
石头: 4075
呼符: 160
体力: 20.35666666666667 / 138
友情点: 0 / 462010`
_2024-06-11 04:35:09_
--------
*720b78f59000a78cead3712b31b41c85*
`登陆天数: 19天 / 657天
等级: 130
石头: 4077
呼符: 325
体力: 20.326666666666668 / 138
友情点: 0 / 462870`
_2024-06-11 04:35:17_
--------
*9a3c67d2523e201ef6efa57c6b5bf440*
`登陆天数: 19天 / 656天
等级: 130
石头: 4049
呼符: 194
体力: 20.293333333333337 / 138
友情点: 0 / 463220`
_2024-06-11 04:35:25_
--------
*7feaf061bca39d4ec2e9817d5e50bc1a*
`登陆天数: 19天 / 657天
等级: 130
石头: 4061
呼符: 244
体力: 20.260000000000005 / 138
友情点: 0 / 462845`
_2024-06-11 04:35:33_
--------
*57f4f1e2d55c21fb2d13b9675edf4af7*
`登陆天数: 19天 / 657天
等级: 130
石头: 4101
呼符: 250
体力: 20.230000000000004 / 138
友情点: 0 / 462775`
_2024-06-11 04:35:41_
--------
*c0fe0f900e2538ff177f96e576d97dae*
`登陆天数: 19天 / 657天
等级: 130
石头: 4075
呼符: 34
体力: 20.200000000000003 / 138
友情点: 0 / 464760`
_2024-06-11 04:35:49_
--------
*020180bc4f156afcdce866ce9cedcca6*
`登陆天数: 19天 / 656天
等级: 130
石头: 4059
呼符: 292
体力: 20.16666666666667 / 138
友情点: 0 / 464845`
_2024-06-11 04:35:57_
--------
*c418d4fc03fce1dd86b9c4045bfbe30a*
`登陆天数: 19天 / 656天
等级: 130
石头: 4064
呼符: 215
体力: 20.13666666666667 / 138
友情点: 0 / 464150`
_2024-06-11 04:36:05_
--------
*866bedda492d6733dc8e9bbedf64abaa*
`登陆天数: 19天 / 656天
等级: 130
石头: 4068
呼符: 331
体力: 20.10333333333334 / 138
友情点: 0 / 464685`
_2024-06-11 04:36:13_
--------
*07ffdac9b3c29adb0713934d30f84fa2*
`登陆天数: 19天 / 657天
等级: 130
石头: 4061
呼符: 244
体力: 20.073333333333338 / 138
友情点: 0 / 464440`
_2024-06-11 04:36:21_
--------
*55a115a2b7bad87a9a59815065a058b6*
`登陆天数: 19天 / 656天
等级: 130
石头: 4082
呼符: 326
体力: 20.043333333333337 / 138
友情点: 0 / 463740`
_2024-06-11 04:36:29_
--------
*2ef3d5dafd84d3243c0a5fbb327f134f*
`登陆天数: 19天 / 657天
等级: 130
石头: 4067
呼符: 312
体力: 20.010000000000005 / 138
友情点: 0 / 464945`
_2024-06-11 04:36:37_
--------
*20b17e5b321671e80175c2f1b14263e8*
`登陆天数: 19天 / 656天
等级: 130
石头: 4067
呼符: 213
体力: 19.976666666666674 / 138
友情点: 0 / 464985`
_2024-06-11 04:36:45_
--------
*c6cdfad9f74637a5fa7984a5c10ba453*
`登陆天数: 19天 / 656天
等级: 130
石头: 4065
呼符: 194
体力: 19.950000000000003 / 138
友情点: 0 / 464445`
_2024-06-11 04:36:53_
--------
*5ee9b6cb4dad6d3e2abbfcfb9f329e4d*
`登陆天数: 19天 / 656天
等级: 130
石头: 4062
呼符: 153
体力: 19.92 / 138
友情点: 0 / 465770`
_2024-06-11 04:37:01_
--------
*1319913a2715297058302bd3d3a0a36e*
`登陆天数: 19天 / 657天
等级: 130
石头: 4070
呼符: 317
体力: 19.89 / 138
友情点: 0 / 465355`
_2024-06-11 04:37:09_
--------
*f48471cf27ea6e65bc1440b2909b3940*
`登陆天数: 19天 / 657天
等级: 130
石头: 4066
呼符: 242
体力: 19.86 / 138
友情点: 0 / 464855`
_2024-06-11 04:37:17_
--------
*b2424f676ee1ec9f88f81b0d4698987e*
`登陆天数: 19天 / 656天
等级: 130
石头: 4078
呼符: 293
体力: 19.83 / 138
友情点: 0 / 464925`
_2024-06-11 04:37:25_
--------
*1d8b59cba0e3f72ff517c89f032c2599*
`登陆天数: 19天 / 656天
等级: 130
石头: 4074
呼符: 311
体力: 19.799999999999997 / 138
友情点: 0 / 464680`
_2024-06-11 04:37:34_
--------
*8ee0cbaadc815c1912c61e71286549b1*
`登陆天数: 19天 / 656天
等级: 130
石头: 4069
呼符: 243
体力: 19.769999999999996 / 138
友情点: 0 / 463875`
_2024-06-11 04:37:41_
--------
*218468cf4ad512dce281cb19f43cb30e*
`登陆天数: 19天 / 657天
等级: 130
石头: 4071
呼符: 321
体力: 19.739999999999995 / 138
友情点: 0 / 463890`
_2024-06-11 04:37:50_
--------
*0fbd7be41a76c85cd8daa691dafb8ffe*
`登陆天数: 19天 / 657天
等级: 130
石头: 4085
呼符: 307
体力: 19.709999999999994 / 138
友情点: 0 / 463965`
_2024-06-11 04:37:57_
--------
*196168efcabd7d425b0032d3621c483a*
`登陆天数: 19天 / 657天
等级: 130
石头: 4058
呼符: 251
体力: 19.680000000000007 / 138
友情点: 0 / 464590`
_2024-06-11 04:38:06_
--------
*620116c5f38dcbbc4ed175e39aeef43c*
`登陆天数: 19天 / 656天
等级: 130
石头: 4061
呼符: 291
体力: 19.650000000000006 / 138
友情点: 0 / 467175`
_2024-06-11 04:38:14_
--------
*7e0869077ab753a7d90d8db403886c6d*
`登陆天数: 19天 / 656天
等级: 130
石头: 4074
呼符: 317
体力: 19.620000000000005 / 138
友情点: 0 / 464650`
_2024-06-11 04:38:22_
--------
*6b6792983ff80039bfb163e41b784518*
`登陆天数: 19天 / 657天
等级: 130
石头: 4076
呼符: 323
体力: 19.590000000000003 / 138
友情点: 0 / 464225`
_2024-06-11 04:38:30_
--------
*dda03e285c2ed456c4c492938bd0d83f*
`登陆天数: 19天 / 657天
等级: 130
石头: 4073
呼符: 284
体力: 19.560000000000002 / 138
友情点: 0 / 464930`
_2024-06-11 04:38:37_
--------
*4c9a004c9bdbf2ee9ad04026a9bcc3d6*
`登陆天数: 19天 / 656天
等级: 130
石头: 4060
呼符: 204
体力: 19.53 / 138
友情点: 0 / 465100`
_2024-06-11 04:38:45_
--------
*ee36ae671b666512a8544f725126a5ac*
`登陆天数: 19天 / 657天
等级: 130
石头: 4062
呼符: 292
体力: 19.49666666666667 / 138
友情点: 0 / 465115`
_2024-06-11 04:38:53_
--------
*597be7b75507cf3e3433c293361004f2*
`登陆天数: 19天 / 657天
等级: 130
石头: 4075
呼符: 328
体力: 19.46666666666667 / 138
友情点: 0 / 466610`
_2024-06-11 04:39:01_
--------
*5271da64f42e94fc23a26a910897f402*
`登陆天数: 19天 / 657天
等级: 130
石头: 4048
呼符: 184
体力: 19.433333333333337 / 138
友情点: 0 / 464775`
_2024-06-11 04:39:09_
--------
*be952791e6e13d90ddf937ab63b67cf9*
`登陆天数: 19天 / 657天
等级: 130
石头: 4076
呼符: 185
体力: 19.403333333333336 / 138
友情点: 0 / 464920`
_2024-06-11 04:39:17_
--------
*80570526c900c3d2eb096db85111bd37*
`登陆天数: 19天 / 656天
等级: 130
石头: 4025
呼符: 177
体力: 17334.143333333333 / 138
友情点: 0 / 470090`
_2024-06-11 04:39:24_
--------
