【登录信息】
*a2d701ff4c15c728056da94e68b57ae2*
`登陆天数: 20天 / 658天
等级: 130
石头: 4058
呼符: 325
体力: 28.519999999999996 / 138
友情点: 0 / 456890`
_2024-06-12 04:31:00_
--------
*7e3e7ebfc87bdadea779e92bbd045bb8*
`登陆天数: 20天 / 657天
等级: 130
石头: 4078
呼符: 285
体力: 28.486666666666665 / 138
友情点: 0 / 456405`
_2024-06-12 04:31:07_
--------
*0658c25534437f1fc9df9cb3dfda5815*
`登陆天数: 20天 / 657天
等级: 130
石头: 4063
呼符: 215
体力: 28.453333333333333 / 138
友情点: 0 / 459240`
_2024-06-12 04:31:15_
--------
*218bfc5b271887ecf209413962b4e176*
`登陆天数: 20天 / 657天
等级: 130
石头: 4092
呼符: 274
体力: 28.42 / 138
友情点: 0 / 455655`
_2024-06-12 04:31:23_
--------
*1bab0a0da912df3c49088a4dc2a462db*
`登陆天数: 20天 / 657天
等级: 130
石头: 4059
呼符: 236
体力: 28.39 / 138
友情点: 0 / 458495`
_2024-06-12 04:31:30_
--------
*685c23a6c3b691ee6f77d3f2dc64af10*
`登陆天数: 20天 / 657天
等级: 130
石头: 4049
呼符: 312
体力: 28.35666666666667 / 138
友情点: 0 / 457715`
_2024-06-12 04:31:38_
--------
*aad16ccf1ba788801ca4e755bcedd529*
`登陆天数: 20天 / 657天
等级: 130
石头: 4050
呼符: 298
体力: 28.326666666666668 / 138
友情点: 0 / 457105`
_2024-06-12 04:31:46_
--------
*2a125df20c41ca1c5327e85734630a8d*
`登陆天数: 20天 / 658天
等级: 130
石头: 4100
呼符: 54
体力: 28.293333333333337 / 138
友情点: 0 / 458120`
_2024-06-12 04:31:53_
--------
*55a79131010f008e6bf453988cda8b6a*
`登陆天数: 20天 / 657天
等级: 130
石头: 4057
呼符: 33
体力: 28.260000000000005 / 138
友情点: 0 / 456675`
_2024-06-12 04:32:02_
--------
*706546d5df7a84500dc171708636f616*
`登陆天数: 20天 / 658天
等级: 130
石头: 4072
呼符: 327
体力: 28.226666666666674 / 138
友情点: 0 / 455860`
_2024-06-12 04:32:10_
--------
*5fc7124488cc6d38a4de9a86c2f02342*
`登陆天数: 20天 / 657天
等级: 130
石头: 4072
呼符: 283
体力: 28.196666666666673 / 138
友情点: 0 / 456425`
_2024-06-12 04:32:17_
--------
*a5e17fa843264313a8b8d2a788a3839e*
`登陆天数: 20天 / 657天
等级: 130
石头: 4033
呼符: 143
体力: 28.163333333333327 / 138
友情点: 0 / 455620`
_2024-06-12 04:32:25_
--------
*9787b4dfd8aec76745025e2905dcce8a*
`登陆天数: 20天 / 657天
等级: 130
石头: 4061
呼符: 242
体力: 28.13333333333334 / 138
友情点: 0 / 456500`
_2024-06-12 04:32:33_
--------
*cdeb528c0ac3660bbab015eb1f03d07c*
`登陆天数: 20天 / 657天
等级: 130
石头: 4060
呼符: 71
体力: 28.099999999999994 / 138
友情点: 0 / 456480`
_2024-06-12 04:32:41_
--------
*bd78ab35f1570874e1c2aa5f8482cff9*
`登陆天数: 20天 / 657天
等级: 130
石头: 4078
呼符: 191
体力: 28.066666666666663 / 138
友情点: 0 / 455815`
_2024-06-12 04:32:49_
--------
*b452fd6bc2f3ab8f22fa8da2baa97615*
`登陆天数: 20天 / 657天
等级: 130
石头: 4059
呼符: 295
体力: 28.03333333333333 / 138
友情点: 0 / 460105`
_2024-06-12 04:32:57_
--------
*9eaa7633ff214f001d8e8f3e41073f36*
`登陆天数: 20天 / 657天
等级: 130
石头: 4076
呼符: 78
体力: 28.00333333333333 / 138
友情点: 0 / 456055`
_2024-06-12 04:33:05_
--------
*64e65f73cf6ec161725307a973709254*
`登陆天数: 20天 / 658天
等级: 130
石头: 4077
呼符: 160
体力: 27.96666666666667 / 138
友情点: 0 / 456010`
_2024-06-12 04:33:13_
--------
*720b78f59000a78cead3712b31b41c85*
`登陆天数: 20天 / 658天
等级: 130
石头: 4079
呼符: 325
体力: 27.939999999999998 / 138
友情点: 0 / 456870`
_2024-06-12 04:33:21_
--------
*9a3c67d2523e201ef6efa57c6b5bf440*
`登陆天数: 20天 / 657天
等级: 130
石头: 4051
呼符: 194
体力: 27.903333333333336 / 138
友情点: 0 / 457220`
_2024-06-12 04:33:29_
--------
*7feaf061bca39d4ec2e9817d5e50bc1a*
`登陆天数: 20天 / 658天
等级: 130
石头: 4063
呼符: 244
体力: 27.870000000000005 / 138
友情点: 0 / 456845`
_2024-06-12 04:33:37_
--------
*57f4f1e2d55c21fb2d13b9675edf4af7*
`登陆天数: 20天 / 658天
等级: 130
石头: 4103
呼符: 250
体力: 27.840000000000003 / 138
友情点: 0 / 456775`
_2024-06-12 04:33:44_
--------
*c0fe0f900e2538ff177f96e576d97dae*
`登陆天数: 20天 / 658天
等级: 130
石头: 4077
呼符: 34
体力: 27.810000000000002 / 138
友情点: 0 / 458760`
_2024-06-12 04:33:52_
--------
*020180bc4f156afcdce866ce9cedcca6*
`登陆天数: 20天 / 657天
等级: 130
石头: 4061
呼符: 292
体力: 27.77666666666667 / 138
友情点: 0 / 458845`
_2024-06-12 04:34:00_
--------
*c418d4fc03fce1dd86b9c4045bfbe30a*
`登陆天数: 20天 / 657天
等级: 130
石头: 4066
呼符: 215
体力: 27.74333333333334 / 138
友情点: 0 / 458150`
_2024-06-12 04:34:08_
--------
*866bedda492d6733dc8e9bbedf64abaa*
`登陆天数: 20天 / 657天
等级: 130
石头: 4070
呼符: 331
体力: 27.709999999999994 / 138
友情点: 0 / 458685`
_2024-06-12 04:34:15_
--------
*07ffdac9b3c29adb0713934d30f84fa2*
`登陆天数: 20天 / 658天
等级: 130
石头: 4063
呼符: 244
体力: 27.680000000000007 / 138
友情点: 0 / 458440`
_2024-06-12 04:34:23_
--------
*55a115a2b7bad87a9a59815065a058b6*
`登陆天数: 20天 / 657天
等级: 130
石头: 4084
呼符: 326
体力: 27.650000000000006 / 138
友情点: 0 / 457740`
_2024-06-12 04:34:31_
--------
*2ef3d5dafd84d3243c0a5fbb327f134f*
`登陆天数: 20天 / 658天
等级: 130
石头: 4069
呼符: 312
体力: 27.61333333333333 / 138
友情点: 0 / 458945`
_2024-06-12 04:34:39_
--------
*20b17e5b321671e80175c2f1b14263e8*
`登陆天数: 20天 / 657天
等级: 130
石头: 4069
呼符: 213
体力: 27.58333333333333 / 138
友情点: 0 / 458985`
_2024-06-12 04:34:47_
--------
*c6cdfad9f74637a5fa7984a5c10ba453*
`登陆天数: 20天 / 657天
等级: 130
石头: 4067
呼符: 194
体力: 27.553333333333327 / 138
友情点: 0 / 458445`
_2024-06-12 04:34:55_
--------
*5ee9b6cb4dad6d3e2abbfcfb9f329e4d*
`登陆天数: 20天 / 657天
等级: 130
石头: 4064
呼符: 153
体力: 27.523333333333326 / 138
友情点: 0 / 459770`
_2024-06-12 04:35:03_
--------
*1319913a2715297058302bd3d3a0a36e*
`登陆天数: 20天 / 658天
等级: 130
石头: 4072
呼符: 317
体力: 27.49333333333334 / 138
友情点: 0 / 459355`
_2024-06-12 04:35:11_
--------
*f48471cf27ea6e65bc1440b2909b3940*
`登陆天数: 20天 / 658天
等级: 130
石头: 4068
呼符: 242
体力: 27.46333333333334 / 138
友情点: 0 / 458855`
_2024-06-12 04:35:19_
--------
*b2424f676ee1ec9f88f81b0d4698987e*
`登陆天数: 20天 / 657天
等级: 130
石头: 4080
呼符: 293
体力: 27.433333333333337 / 138
友情点: 0 / 458925`
_2024-06-12 04:35:27_
--------
*1d8b59cba0e3f72ff517c89f032c2599*
`登陆天数: 20天 / 657天
等级: 130
石头: 4076
呼符: 311
体力: 27.403333333333336 / 138
友情点: 0 / 458680`
_2024-06-12 04:35:35_
--------
*8ee0cbaadc815c1912c61e71286549b1*
`登陆天数: 20天 / 657天
等级: 130
石头: 4071
呼符: 243
体力: 27.373333333333335 / 138
友情点: 0 / 457875`
_2024-06-12 04:35:42_
--------
*218468cf4ad512dce281cb19f43cb30e*
`登陆天数: 20天 / 658天
等级: 130
石头: 4073
呼符: 321
体力: 27.340000000000003 / 138
友情点: 0 / 457890`
_2024-06-12 04:35:50_
--------
*0fbd7be41a76c85cd8daa691dafb8ffe*
`登陆天数: 20天 / 658天
等级: 130
石头: 4087
呼符: 307
体力: 27.310000000000002 / 138
友情点: 0 / 457965`
_2024-06-12 04:35:58_
--------
*196168efcabd7d425b0032d3621c483a*
`登陆天数: 20天 / 658天
等级: 130
石头: 4060
呼符: 251
体力: 27.28 / 138
友情点: 0 / 458590`
_2024-06-12 04:36:06_
--------
*620116c5f38dcbbc4ed175e39aeef43c*
`登陆天数: 20天 / 657天
等级: 130
石头: 4063
呼符: 291
体力: 27.25 / 138
友情点: 0 / 461175`
_2024-06-12 04:36:14_
--------
*7e0869077ab753a7d90d8db403886c6d*
`登陆天数: 20天 / 657天
等级: 130
石头: 4076
呼符: 317
体力: 27.22 / 138
友情点: 0 / 458650`
_2024-06-12 04:36:21_
--------
*6b6792983ff80039bfb163e41b784518*
`登陆天数: 20天 / 658天
等级: 130
石头: 4078
呼符: 323
体力: 27.189999999999998 / 138
友情点: 0 / 458225`
_2024-06-12 04:36:29_
--------
*dda03e285c2ed456c4c492938bd0d83f*
`登陆天数: 20天 / 658天
等级: 130
石头: 4075
呼符: 284
体力: 27.159999999999997 / 138
友情点: 0 / 458930`
_2024-06-12 04:36:37_
--------
*4c9a004c9bdbf2ee9ad04026a9bcc3d6*
`登陆天数: 20天 / 657天
等级: 130
石头: 4062
呼符: 204
体力: 27.126666666666665 / 138
友情点: 0 / 459100`
_2024-06-12 04:36:45_
--------
*ee36ae671b666512a8544f725126a5ac*
`登陆天数: 20天 / 658天
等级: 130
石头: 4064
呼符: 292
体力: 27.096666666666664 / 138
友情点: 0 / 459115`
_2024-06-12 04:36:53_
--------
*597be7b75507cf3e3433c293361004f2*
`登陆天数: 20天 / 658天
等级: 130
石头: 4077
呼符: 328
体力: 27.066666666666663 / 138
友情点: 0 / 460610`
_2024-06-12 04:37:01_
--------
*5271da64f42e94fc23a26a910897f402*
`登陆天数: 20天 / 658天
等级: 130
石头: 4050
呼符: 184
体力: 27.03333333333333 / 138
友情点: 0 / 458775`
_2024-06-12 04:37:09_
--------
*be952791e6e13d90ddf937ab63b67cf9*
`登陆天数: 20天 / 658天
等级: 130
石头: 4078
呼符: 185
体力: 27.00333333333333 / 138
友情点: 0 / 458920`
_2024-06-12 04:37:17_
--------
*80570526c900c3d2eb096db85111bd37*
`登陆天数: 20天 / 657天
等级: 130
石头: 4025
呼符: 177
体力: 17621.743333333332 / 138
友情点: 0 / 470090`
_2024-06-12 04:37:25_
--------
