【登录信息】
*a2d701ff4c15c728056da94e68b57ae2*
`登陆天数: 21天 / 659天
等级: 130
石头: 4058
呼符: 326
体力: 30.549999999999997 / 138
友情点: 0 / 450890`
_2024-06-13 04:32:07_
--------
*7e3e7ebfc87bdadea779e92bbd045bb8*
`登陆天数: 21天 / 658天
等级: 130
石头: 4078
呼符: 286
体力: 30.523333333333326 / 138
友情点: 0 / 450405`
_2024-06-13 04:32:14_
--------
*0658c25534437f1fc9df9cb3dfda5815*
`登陆天数: 21天 / 658天
等级: 130
石头: 4063
呼符: 216
体力: 30.49666666666667 / 138
友情点: 0 / 453240`
_2024-06-13 04:32:22_
--------
*218bfc5b271887ecf209413962b4e176*
`登陆天数: 21天 / 658天
等级: 130
石头: 4092
呼符: 275
体力: 30.47 / 138
友情点: 0 / 449655`
_2024-06-13 04:32:30_
--------
*1bab0a0da912df3c49088a4dc2a462db*
`登陆天数: 21天 / 658天
等级: 130
石头: 4059
呼符: 237
体力: 30.439999999999998 / 138
友情点: 0 / 452495`
_2024-06-13 04:32:38_
--------
*685c23a6c3b691ee6f77d3f2dc64af10*
`登陆天数: 21天 / 658天
等级: 130
石头: 4049
呼符: 313
体力: 30.413333333333327 / 138
友情点: 0 / 451715`
_2024-06-13 04:32:46_
--------
*aad16ccf1ba788801ca4e755bcedd529*
`登陆天数: 21天 / 658天
等级: 130
石头: 4050
呼符: 299
体力: 30.38666666666667 / 138
友情点: 0 / 451105`
_2024-06-13 04:32:53_
--------
*2a125df20c41ca1c5327e85734630a8d*
`登陆天数: 21天 / 659天
等级: 130
石头: 4100
呼符: 55
体力: 30.35666666666667 / 138
友情点: 0 / 452120`
_2024-06-13 04:33:01_
--------
*55a79131010f008e6bf453988cda8b6a*
`登陆天数: 21天 / 658天
等级: 130
石头: 4057
呼符: 34
体力: 30.326666666666668 / 138
友情点: 0 / 450675`
_2024-06-13 04:33:09_
--------
*706546d5df7a84500dc171708636f616*
`登陆天数: 21天 / 659天
等级: 130
石头: 4072
呼符: 328
体力: 30.299999999999997 / 138
友情点: 0 / 449860`
_2024-06-13 04:33:16_
--------
*5fc7124488cc6d38a4de9a86c2f02342*
`登陆天数: 21天 / 658天
等级: 130
石头: 4072
呼符: 284
体力: 30.273333333333326 / 138
友情点: 0 / 450425`
_2024-06-13 04:33:24_
--------
*a5e17fa843264313a8b8d2a788a3839e*
`登陆天数: 21天 / 658天
等级: 130
石头: 4033
呼符: 144
体力: 30.24333333333334 / 138
友情点: 0 / 449620`
_2024-06-13 04:33:32_
--------
*9787b4dfd8aec76745025e2905dcce8a*
`登陆天数: 21天 / 658天
等级: 130
石头: 4061
呼符: 243
体力: 30.21666666666667 / 138
友情点: 0 / 450500`
_2024-06-13 04:33:39_
--------
*cdeb528c0ac3660bbab015eb1f03d07c*
`登陆天数: 21天 / 658天
等级: 130
石头: 4060
呼符: 72
体力: 30.186666666666667 / 138
友情点: 0 / 450480`
_2024-06-13 04:33:47_
--------
*bd78ab35f1570874e1c2aa5f8482cff9*
`登陆天数: 21天 / 658天
等级: 130
石头: 4078
呼符: 192
体力: 30.159999999999997 / 138
友情点: 0 / 449815`
_2024-06-13 04:33:54_
--------
*b452fd6bc2f3ab8f22fa8da2baa97615*
`登陆天数: 21天 / 658天
等级: 130
石头: 4059
呼符: 296
体力: 30.129999999999995 / 138
友情点: 0 / 454105`
_2024-06-13 04:34:02_
--------
*9eaa7633ff214f001d8e8f3e41073f36*
`登陆天数: 21天 / 658天
等级: 130
石头: 4076
呼符: 79
体力: 30.10666666666667 / 138
友情点: 0 / 450055`
_2024-06-13 04:34:10_
--------
*64e65f73cf6ec161725307a973709254*
`登陆天数: 21天 / 659天
等级: 130
石头: 4077
呼符: 161
体力: 30.076666666666668 / 138
友情点: 0 / 450010`
_2024-06-13 04:34:18_
--------
*720b78f59000a78cead3712b31b41c85*
`登陆天数: 21天 / 659天
等级: 130
石头: 4079
呼符: 326
体力: 30.049999999999997 / 138
友情点: 0 / 450870`
_2024-06-13 04:34:25_
--------
*9a3c67d2523e201ef6efa57c6b5bf440*
`登陆天数: 21天 / 658天
等级: 130
石头: 4051
呼符: 195
体力: 30.019999999999996 / 138
友情点: 0 / 451220`
_2024-06-13 04:34:33_
--------
*7feaf061bca39d4ec2e9817d5e50bc1a*
`登陆天数: 21天 / 659天
等级: 130
石头: 4063
呼符: 245
体力: 29.989999999999995 / 138
友情点: 0 / 450845`
_2024-06-13 04:34:40_
--------
*57f4f1e2d55c21fb2d13b9675edf4af7*
`登陆天数: 21天 / 659天
等级: 130
石头: 4103
呼符: 251
体力: 29.959999999999994 / 138
友情点: 0 / 450775`
_2024-06-13 04:34:48_
--------
*c0fe0f900e2538ff177f96e576d97dae*
`登陆天数: 21天 / 659天
等级: 130
石头: 4077
呼符: 35
体力: 29.933333333333337 / 138
友情点: 0 / 452760`
_2024-06-13 04:34:56_
--------
*020180bc4f156afcdce866ce9cedcca6*
`登陆天数: 21天 / 658天
等级: 130
石头: 4061
呼符: 293
体力: 29.903333333333336 / 138
友情点: 0 / 452845`
_2024-06-13 04:35:03_
--------
*c418d4fc03fce1dd86b9c4045bfbe30a*
`登陆天数: 21天 / 658天
等级: 130
石头: 4066
呼符: 216
体力: 29.876666666666665 / 138
友情点: 0 / 452150`
_2024-06-13 04:35:11_
--------
*866bedda492d6733dc8e9bbedf64abaa*
`登陆天数: 21天 / 658天
等级: 130
石头: 4070
呼符: 332
体力: 29.849999999999994 / 138
友情点: 0 / 452685`
_2024-06-13 04:35:18_
--------
*07ffdac9b3c29adb0713934d30f84fa2*
`登陆天数: 21天 / 659天
等级: 130
石头: 4063
呼符: 245
体力: 29.819999999999993 / 138
友情点: 0 / 452440`
_2024-06-13 04:35:26_
--------
*55a115a2b7bad87a9a59815065a058b6*
`登陆天数: 21天 / 658天
等级: 130
石头: 4084
呼符: 327
体力: 29.793333333333337 / 138
友情点: 0 / 451740`
_2024-06-13 04:35:33_
--------
*2ef3d5dafd84d3243c0a5fbb327f134f*
`登陆天数: 21天 / 659天
等级: 130
石头: 4069
呼符: 313
体力: 29.763333333333335 / 138
友情点: 0 / 452945`
_2024-06-13 04:35:41_
--------
*20b17e5b321671e80175c2f1b14263e8*
`登陆天数: 21天 / 658天
等级: 130
石头: 4069
呼符: 214
体力: 29.736666666666665 / 138
友情点: 0 / 452985`
_2024-06-13 04:35:48_
--------
*c6cdfad9f74637a5fa7984a5c10ba453*
`登陆天数: 21天 / 658天
等级: 130
石头: 4067
呼符: 195
体力: 29.706666666666663 / 138
友情点: 0 / 452445`
_2024-06-13 04:35:56_
--------
*5ee9b6cb4dad6d3e2abbfcfb9f329e4d*
`登陆天数: 21天 / 658天
等级: 130
石头: 4064
呼符: 154
体力: 29.680000000000007 / 138
友情点: 0 / 453770`
_2024-06-13 04:36:03_
--------
*1319913a2715297058302bd3d3a0a36e*
`登陆天数: 21天 / 659天
等级: 130
石头: 4072
呼符: 318
体力: 29.64666666666666 / 138
友情点: 0 / 453355`
_2024-06-13 04:36:11_
--------
*f48471cf27ea6e65bc1440b2909b3940*
`登陆天数: 21天 / 659天
等级: 130
石头: 4068
呼符: 243
体力: 29.620000000000005 / 138
友情点: 0 / 452855`
_2024-06-13 04:36:19_
--------
*b2424f676ee1ec9f88f81b0d4698987e*
`登陆天数: 21天 / 658天
等级: 130
石头: 4080
呼符: 294
体力: 29.590000000000003 / 138
友情点: 0 / 452925`
_2024-06-13 04:36:26_
--------
*1d8b59cba0e3f72ff517c89f032c2599*
`登陆天数: 21天 / 658天
等级: 130
石头: 4076
呼符: 312
体力: 29.566666666666663 / 138
友情点: 0 / 452680`
_2024-06-13 04:36:34_
--------
*8ee0cbaadc815c1912c61e71286549b1*
`登陆天数: 21天 / 658天
等级: 130
石头: 4071
呼符: 244
体力: 29.53666666666666 / 138
友情点: 0 / 451875`
_2024-06-13 04:36:41_
--------
*218468cf4ad512dce281cb19f43cb30e*
`登陆天数: 21天 / 659天
等级: 130
石头: 4073
呼符: 322
体力: 29.510000000000005 / 138
友情点: 0 / 451890`
_2024-06-13 04:36:49_
--------
*0fbd7be41a76c85cd8daa691dafb8ffe*
`登陆天数: 21天 / 659天
等级: 130
石头: 4087
呼符: 308
体力: 29.483333333333334 / 138
友情点: 0 / 451965`
_2024-06-13 04:36:56_
--------
*196168efcabd7d425b0032d3621c483a*
`登陆天数: 21天 / 659天
等级: 130
石头: 4060
呼符: 252
体力: 29.453333333333333 / 138
友情点: 0 / 452590`
_2024-06-13 04:37:04_
--------
*620116c5f38dcbbc4ed175e39aeef43c*
`登陆天数: 21天 / 658天
等级: 130
石头: 4063
呼符: 292
体力: 29.426666666666662 / 138
友情点: 0 / 455175`
_2024-06-13 04:37:12_
--------
*7e0869077ab753a7d90d8db403886c6d*
`登陆天数: 21天 / 658天
等级: 130
石头: 4076
呼符: 318
体力: 29.400000000000006 / 138
友情点: 0 / 452650`
_2024-06-13 04:37:19_
--------
*6b6792983ff80039bfb163e41b784518*
`登陆天数: 21天 / 659天
等级: 130
石头: 4078
呼符: 324
体力: 29.370000000000005 / 138
友情点: 0 / 452225`
_2024-06-13 04:37:27_
--------
*dda03e285c2ed456c4c492938bd0d83f*
`登陆天数: 21天 / 659天
等级: 130
石头: 4075
呼符: 285
体力: 29.343333333333334 / 138
友情点: 0 / 452930`
_2024-06-13 04:37:35_
--------
*4c9a004c9bdbf2ee9ad04026a9bcc3d6*
`登陆天数: 21天 / 658天
等级: 130
石头: 4062
呼符: 205
体力: 29.316666666666663 / 138
友情点: 0 / 453100`
_2024-06-13 04:37:42_
--------
*ee36ae671b666512a8544f725126a5ac*
`登陆天数: 21天 / 659天
等级: 130
石头: 4064
呼符: 293
体力: 29.28666666666666 / 138
友情点: 0 / 453115`
_2024-06-13 04:37:50_
--------
*597be7b75507cf3e3433c293361004f2*
`登陆天数: 21天 / 659天
等级: 130
石头: 4077
呼符: 329
体力: 29.260000000000005 / 138
友情点: 0 / 454610`
_2024-06-13 04:37:58_
--------
*5271da64f42e94fc23a26a910897f402*
`登陆天数: 21天 / 659天
等级: 130
石头: 4050
呼符: 185
体力: 29.233333333333334 / 138
友情点: 0 / 452775`
_2024-06-13 04:38:05_
--------
*be952791e6e13d90ddf937ab63b67cf9*
`登陆天数: 21天 / 659天
等级: 130
石头: 4078
呼符: 186
体力: 29.203333333333333 / 138
友情点: 0 / 452920`
_2024-06-13 04:38:13_
--------
*80570526c900c3d2eb096db85111bd37*
`登陆天数: 21天 / 658天
等级: 130
石头: 4025
呼符: 177
体力: 17909.93 / 138
友情点: 0 / 470090`
_2024-06-13 04:38:20_
--------
