【登录信息】
*a2d701ff4c15c728056da94e68b57ae2*
`登陆天数: 22天 / 660天
等级: 130
石头: 4058
呼符: 326
体力: 30.299999999999997 / 138
友情点: 0 / 446890`
_2024-06-14 04:31:11_
--------
*7e3e7ebfc87bdadea779e92bbd045bb8*
`登陆天数: 22天 / 659天
等级: 130
石头: 4078
呼符: 286
体力: 30.273333333333326 / 138
友情点: 0 / 446405`
_2024-06-14 04:31:19_
--------
*0658c25534437f1fc9df9cb3dfda5815*
`登陆天数: 22天 / 659天
等级: 130
石头: 4063
呼符: 216
体力: 30.24666666666667 / 138
友情点: 0 / 449240`
_2024-06-14 04:31:27_
--------
*218bfc5b271887ecf209413962b4e176*
`登陆天数: 22天 / 659天
等级: 130
石头: 4092
呼符: 275
体力: 30.22 / 138
友情点: 0 / 445655`
_2024-06-14 04:31:34_
--------
*1bab0a0da912df3c49088a4dc2a462db*
`登陆天数: 22天 / 659天
等级: 130
石头: 4059
呼符: 237
体力: 30.193333333333328 / 138
友情点: 0 / 448495`
_2024-06-14 04:31:42_
--------
*685c23a6c3b691ee6f77d3f2dc64af10*
`登陆天数: 22天 / 659天
等级: 130
石头: 4049
呼符: 313
体力: 30.16666666666667 / 138
友情点: 0 / 447715`
_2024-06-14 04:31:50_
--------
*aad16ccf1ba788801ca4e755bcedd529*
`登陆天数: 22天 / 659天
等级: 130
石头: 4050
呼符: 299
体力: 30.14 / 138
友情点: 0 / 447105`
_2024-06-14 04:31:58_
--------
*2a125df20c41ca1c5327e85734630a8d*
`登陆天数: 22天 / 660天
等级: 130
石头: 4100
呼符: 55
体力: 30.11666666666666 / 138
友情点: 0 / 448120`
_2024-06-14 04:32:06_
--------
*55a79131010f008e6bf453988cda8b6a*
`登陆天数: 22天 / 659天
等级: 130
石头: 4057
呼符: 34
体力: 30.090000000000003 / 138
友情点: 0 / 446675`
_2024-06-14 04:32:14_
--------
*706546d5df7a84500dc171708636f616*
`登陆天数: 22天 / 660天
等级: 130
石头: 4072
呼符: 328
体力: 30.063333333333333 / 138
友情点: 0 / 445860`
_2024-06-14 04:32:22_
--------
*5fc7124488cc6d38a4de9a86c2f02342*
`登陆天数: 22天 / 659天
等级: 130
石头: 4072
呼符: 284
体力: 30.03666666666666 / 138
友情点: 0 / 446425`
_2024-06-14 04:32:30_
--------
*a5e17fa843264313a8b8d2a788a3839e*
`登陆天数: 22天 / 659天
等级: 130
石头: 4033
呼符: 144
体力: 30.010000000000005 / 138
友情点: 0 / 445620`
_2024-06-14 04:32:38_
--------
*9787b4dfd8aec76745025e2905dcce8a*
`登陆天数: 22天 / 659天
等级: 130
石头: 4061
呼符: 243
体力: 29.983333333333334 / 138
友情点: 0 / 446500`
_2024-06-14 04:32:46_
--------
*cdeb528c0ac3660bbab015eb1f03d07c*
`登陆天数: 22天 / 659天
等级: 130
石头: 4060
呼符: 72
体力: 29.956666666666663 / 138
友情点: 0 / 446480`
_2024-06-14 04:32:54_
--------
*bd78ab35f1570874e1c2aa5f8482cff9*
`登陆天数: 22天 / 659天
等级: 130
石头: 4078
呼符: 192
体力: 29.930000000000007 / 138
友情点: 0 / 445815`
_2024-06-14 04:33:02_
--------
*b452fd6bc2f3ab8f22fa8da2baa97615*
`登陆天数: 22天 / 659天
等级: 130
石头: 4059
呼符: 296
体力: 29.903333333333336 / 138
友情点: 0 / 450105`
_2024-06-14 04:33:10_
--------
*9eaa7633ff214f001d8e8f3e41073f36*
`登陆天数: 22天 / 659天
等级: 130
石头: 4076
呼符: 79
体力: 29.876666666666665 / 138
友情点: 0 / 446055`
_2024-06-14 04:33:18_
--------
*64e65f73cf6ec161725307a973709254*
`登陆天数: 22天 / 660天
等级: 130
石头: 4077
呼符: 161
体力: 29.849999999999994 / 138
友情点: 0 / 446010`
_2024-06-14 04:33:26_
--------
*720b78f59000a78cead3712b31b41c85*
`登陆天数: 22天 / 660天
等级: 130
石头: 4079
呼符: 326
体力: 29.823333333333338 / 138
友情点: 0 / 446870`
_2024-06-14 04:33:33_
--------
*9a3c67d2523e201ef6efa57c6b5bf440*
`登陆天数: 22天 / 659天
等级: 130
石头: 4051
呼符: 195
体力: 29.799999999999997 / 138
友情点: 0 / 447220`
_2024-06-14 04:33:41_
--------
*7feaf061bca39d4ec2e9817d5e50bc1a*
`登陆天数: 22天 / 660天
等级: 130
石头: 4063
呼符: 245
体力: 29.769999999999996 / 138
友情点: 0 / 446845`
_2024-06-14 04:33:49_
--------
*57f4f1e2d55c21fb2d13b9675edf4af7*
`登陆天数: 22天 / 660天
等级: 130
石头: 4103
呼符: 251
体力: 29.74666666666667 / 138
友情点: 0 / 446775`
_2024-06-14 04:33:57_
--------
*c0fe0f900e2538ff177f96e576d97dae*
`登陆天数: 22天 / 660天
等级: 130
石头: 4077
呼符: 35
体力: 29.72 / 138
友情点: 0 / 448760`
_2024-06-14 04:34:05_
--------
*020180bc4f156afcdce866ce9cedcca6*
`登陆天数: 22天 / 659天
等级: 130
石头: 4061
呼符: 293
体力: 29.693333333333328 / 138
友情点: 0 / 448845`
_2024-06-14 04:34:13_
--------
*c418d4fc03fce1dd86b9c4045bfbe30a*
`登陆天数: 22天 / 659天
等级: 130
石头: 4066
呼符: 216
体力: 29.66666666666667 / 138
友情点: 0 / 448150`
_2024-06-14 04:34:22_
--------
*866bedda492d6733dc8e9bbedf64abaa*
`登陆天数: 22天 / 659天
等级: 130
石头: 4070
呼符: 332
体力: 29.64 / 138
友情点: 0 / 448685`
_2024-06-14 04:34:30_
--------
*07ffdac9b3c29adb0713934d30f84fa2*
`登陆天数: 22天 / 660天
等级: 130
石头: 4063
呼符: 245
体力: 29.61333333333333 / 138
友情点: 0 / 448440`
_2024-06-14 04:34:38_
--------
*55a115a2b7bad87a9a59815065a058b6*
`登陆天数: 22天 / 659天
等级: 130
石头: 4084
呼符: 327
体力: 29.586666666666673 / 138
友情点: 0 / 447740`
_2024-06-14 04:34:45_
--------
*2ef3d5dafd84d3243c0a5fbb327f134f*
`登陆天数: 22天 / 660天
等级: 130
石头: 4069
呼符: 313
体力: 29.563333333333333 / 138
友情点: 0 / 448945`
_2024-06-14 04:34:53_
--------
*20b17e5b321671e80175c2f1b14263e8*
`登陆天数: 22天 / 659天
等级: 130
石头: 4069
呼符: 214
体力: 29.53666666666666 / 138
友情点: 0 / 448985`
_2024-06-14 04:35:01_
--------
*c6cdfad9f74637a5fa7984a5c10ba453*
`登陆天数: 22天 / 659天
等级: 130
石头: 4067
呼符: 195
体力: 29.510000000000005 / 138
友情点: 0 / 448445`
_2024-06-14 04:35:09_
--------
*5ee9b6cb4dad6d3e2abbfcfb9f329e4d*
`登陆天数: 22天 / 659天
等级: 130
石头: 4064
呼符: 154
体力: 29.480000000000004 / 138
友情点: 0 / 449770`
_2024-06-14 04:35:17_
--------
*1319913a2715297058302bd3d3a0a36e*
`登陆天数: 22天 / 660天
等级: 130
石头: 4072
呼符: 318
体力: 29.453333333333333 / 138
友情点: 0 / 449355`
_2024-06-14 04:35:25_
--------
*f48471cf27ea6e65bc1440b2909b3940*
`登陆天数: 22天 / 660天
等级: 130
石头: 4068
呼符: 243
体力: 29.430000000000007 / 138
友情点: 0 / 448855`
_2024-06-14 04:35:33_
--------
*b2424f676ee1ec9f88f81b0d4698987e*
`登陆天数: 22天 / 659天
等级: 130
石头: 4080
呼符: 294
体力: 29.403333333333336 / 138
友情点: 0 / 448925`
_2024-06-14 04:35:40_
--------
*1d8b59cba0e3f72ff517c89f032c2599*
`登陆天数: 22天 / 659天
等级: 130
石头: 4076
呼符: 312
体力: 29.376666666666665 / 138
友情点: 0 / 448680`
_2024-06-14 04:35:48_
--------
*8ee0cbaadc815c1912c61e71286549b1*
`登陆天数: 22天 / 659天
等级: 130
石头: 4071
呼符: 244
体力: 29.349999999999994 / 138
友情点: 0 / 447875`
_2024-06-14 04:35:56_
--------
*218468cf4ad512dce281cb19f43cb30e*
`登陆天数: 22天 / 660天
等级: 130
石头: 4073
呼符: 322
体力: 29.319999999999993 / 138
友情点: 0 / 447890`
_2024-06-14 04:36:04_
--------
*0fbd7be41a76c85cd8daa691dafb8ffe*
`登陆天数: 22天 / 660天
等级: 130
石头: 4087
呼符: 308
体力: 29.296666666666667 / 138
友情点: 0 / 447965`
_2024-06-14 04:36:12_
--------
*196168efcabd7d425b0032d3621c483a*
`登陆天数: 22天 / 660天
等级: 130
石头: 4060
呼符: 252
体力: 29.269999999999996 / 138
友情点: 0 / 448590`
_2024-06-14 04:36:19_
--------
*620116c5f38dcbbc4ed175e39aeef43c*
`登陆天数: 22天 / 659天
等级: 130
石头: 4063
呼符: 292
体力: 29.24333333333334 / 138
友情点: 0 / 451175`
_2024-06-14 04:36:27_
--------
*7e0869077ab753a7d90d8db403886c6d*
`登陆天数: 22天 / 659天
等级: 130
石头: 4076
呼符: 318
体力: 29.21333333333334 / 138
友情点: 0 / 448650`
_2024-06-14 04:36:35_
--------
*6b6792983ff80039bfb163e41b784518*
`登陆天数: 22天 / 660天
等级: 130
石头: 4078
呼符: 324
体力: 29.186666666666667 / 138
友情点: 0 / 448225`
_2024-06-14 04:36:43_
--------
*dda03e285c2ed456c4c492938bd0d83f*
`登陆天数: 22天 / 660天
等级: 130
石头: 4075
呼符: 285
体力: 29.163333333333327 / 138
友情点: 0 / 448930`
_2024-06-14 04:36:51_
--------
*4c9a004c9bdbf2ee9ad04026a9bcc3d6*
`登陆天数: 22天 / 659天
等级: 130
石头: 4062
呼符: 205
体力: 29.13333333333334 / 138
友情点: 0 / 449100`
_2024-06-14 04:36:59_
--------
*ee36ae671b666512a8544f725126a5ac*
`登陆天数: 22天 / 660天
等级: 130
石头: 4064
呼符: 293
体力: 29.10666666666667 / 138
友情点: 0 / 449115`
_2024-06-14 04:37:07_
--------
*597be7b75507cf3e3433c293361004f2*
`登陆天数: 22天 / 660天
等级: 130
石头: 4077
呼符: 329
体力: 29.08 / 138
友情点: 0 / 450610`
_2024-06-14 04:37:15_
--------
*5271da64f42e94fc23a26a910897f402*
`登陆天数: 22天 / 660天
等级: 130
石头: 4050
呼符: 185
体力: 29.053333333333327 / 138
友情点: 0 / 448775`
_2024-06-14 04:37:23_
--------
*be952791e6e13d90ddf937ab63b67cf9*
`登陆天数: 22天 / 660天
等级: 130
石头: 4078
呼符: 186
体力: 29.03333333333333 / 138
友情点: 0 / 448920`
_2024-06-14 04:37:31_
--------
*80570526c900c3d2eb096db85111bd37*
`登陆天数: 22天 / 659天
等级: 130
石头: 4025
呼符: 177
体力: 18197.793333333335 / 138
友情点: 0 / 470090`
_2024-06-14 04:37:39_
--------
