【登录信息】
*a2d701ff4c15c728056da94e68b57ae2*
`登陆天数: 23天 / 661天
等级: 130
石头: 4059
呼符: 326
体力: 31.21666666666667 / 138
友情点: 0 / 440890`
_2024-06-15 04:34:47_
--------
*7e3e7ebfc87bdadea779e92bbd045bb8*
`登陆天数: 23天 / 660天
等级: 130
石头: 4079
呼符: 286
体力: 31.189999999999998 / 138
友情点: 0 / 440405`
_2024-06-15 04:34:55_
--------
*0658c25534437f1fc9df9cb3dfda5815*
`登陆天数: 23天 / 660天
等级: 130
石头: 4064
呼符: 216
体力: 31.163333333333327 / 138
友情点: 0 / 443240`
_2024-06-15 04:35:03_
--------
*218bfc5b271887ecf209413962b4e176*
`登陆天数: 23天 / 660天
等级: 130
石头: 4093
呼符: 275
体力: 31.13666666666667 / 138
友情点: 0 / 439655`
_2024-06-15 04:35:11_
--------
*1bab0a0da912df3c49088a4dc2a462db*
`登陆天数: 23天 / 660天
等级: 130
石头: 4060
呼符: 237
体力: 31.11 / 138
友情点: 0 / 442495`
_2024-06-15 04:35:18_
--------
*685c23a6c3b691ee6f77d3f2dc64af10*
`登陆天数: 23天 / 660天
等级: 130
石头: 4050
呼符: 313
体力: 31.08 / 138
友情点: 0 / 441715`
_2024-06-15 04:35:26_
--------
*aad16ccf1ba788801ca4e755bcedd529*
`登陆天数: 23天 / 660天
等级: 130
石头: 4051
呼符: 299
体力: 31.053333333333327 / 138
友情点: 0 / 441105`
_2024-06-15 04:35:34_
--------
*2a125df20c41ca1c5327e85734630a8d*
`登陆天数: 23天 / 661天
等级: 130
石头: 4101
呼符: 55
体力: 31.03 / 138
友情点: 0 / 442120`
_2024-06-15 04:35:41_
--------
*55a79131010f008e6bf453988cda8b6a*
`登陆天数: 23天 / 660天
等级: 130
石头: 4058
呼符: 34
体力: 31.0 / 138
友情点: 0 / 440675`
_2024-06-15 04:35:49_
--------
*706546d5df7a84500dc171708636f616*
`登陆天数: 23天 / 661天
等级: 130
石头: 4073
呼符: 328
体力: 30.97333333333333 / 138
友情点: 0 / 439860`
_2024-06-15 04:35:57_
--------
*5fc7124488cc6d38a4de9a86c2f02342*
`登陆天数: 23天 / 660天
等级: 130
石头: 4073
呼符: 284
体力: 30.946666666666673 / 138
友情点: 0 / 440425`
_2024-06-15 04:36:04_
--------
*a5e17fa843264313a8b8d2a788a3839e*
`登陆天数: 23天 / 660天
等级: 130
石头: 4034
呼符: 144
体力: 30.92 / 138
友情点: 0 / 439620`
_2024-06-15 04:36:12_
--------
*9787b4dfd8aec76745025e2905dcce8a*
`登陆天数: 23天 / 660天
等级: 130
石头: 4062
呼符: 243
体力: 30.89333333333333 / 138
友情点: 0 / 440500`
_2024-06-15 04:36:20_
--------
*cdeb528c0ac3660bbab015eb1f03d07c*
`登陆天数: 23天 / 660天
等级: 130
石头: 4061
呼符: 72
体力: 30.86333333333333 / 138
友情点: 0 / 440480`
_2024-06-15 04:36:28_
--------
*bd78ab35f1570874e1c2aa5f8482cff9*
`登陆天数: 23天 / 660天
等级: 130
石头: 4079
呼符: 192
体力: 30.836666666666673 / 138
友情点: 0 / 439815`
_2024-06-15 04:36:36_
--------
*b452fd6bc2f3ab8f22fa8da2baa97615*
`登陆天数: 23天 / 660天
等级: 130
石头: 4060
呼符: 296
体力: 30.810000000000002 / 138
友情点: 0 / 444105`
_2024-06-15 04:36:43_
--------
*9eaa7633ff214f001d8e8f3e41073f36*
`登陆天数: 23天 / 660天
等级: 130
石头: 4077
呼符: 79
体力: 30.78666666666666 / 138
友情点: 0 / 440055`
_2024-06-15 04:36:51_
--------
*64e65f73cf6ec161725307a973709254*
`登陆天数: 23天 / 661天
等级: 130
石头: 4078
呼符: 161
体力: 30.75666666666666 / 138
友情点: 0 / 440010`
_2024-06-15 04:36:59_
--------
*720b78f59000a78cead3712b31b41c85*
`登陆天数: 23天 / 661天
等级: 130
石头: 4080
呼符: 326
体力: 30.730000000000004 / 138
友情点: 0 / 440870`
_2024-06-15 04:37:06_
--------
*9a3c67d2523e201ef6efa57c6b5bf440*
`登陆天数: 23天 / 660天
等级: 130
石头: 4052
呼符: 195
体力: 30.700000000000003 / 138
友情点: 0 / 441220`
_2024-06-15 04:37:14_
--------
*7feaf061bca39d4ec2e9817d5e50bc1a*
`登陆天数: 23天 / 661天
等级: 130
石头: 4064
呼符: 245
体力: 30.673333333333332 / 138
友情点: 0 / 440845`
_2024-06-15 04:37:21_
--------
*57f4f1e2d55c21fb2d13b9675edf4af7*
`登陆天数: 23天 / 661天
等级: 130
石头: 4104
呼符: 251
体力: 30.64333333333333 / 138
友情点: 0 / 440775`
_2024-06-15 04:37:29_
--------
*c0fe0f900e2538ff177f96e576d97dae*
`登陆天数: 23天 / 661天
等级: 130
石头: 4078
呼符: 35
体力: 30.620000000000005 / 138
友情点: 0 / 442760`
_2024-06-15 04:37:36_
--------
*020180bc4f156afcdce866ce9cedcca6*
`登陆天数: 23天 / 660天
等级: 130
石头: 4062
呼符: 293
体力: 30.549999999999997 / 138
友情点: 0 / 442845`
_2024-06-15 04:37:44_
--------
*c418d4fc03fce1dd86b9c4045bfbe30a*
`登陆天数: 23天 / 660天
等级: 130
石头: 4067
呼符: 216
体力: 30.519999999999996 / 138
友情点: 0 / 442150`
_2024-06-15 04:37:52_
--------
*866bedda492d6733dc8e9bbedf64abaa*
`登陆天数: 23天 / 660天
等级: 130
石头: 4071
呼符: 332
体力: 30.49333333333334 / 138
友情点: 0 / 442685`
_2024-06-15 04:38:00_
--------
*07ffdac9b3c29adb0713934d30f84fa2*
`登陆天数: 23天 / 661天
等级: 130
石头: 4064
呼符: 245
体力: 30.46666666666667 / 138
友情点: 0 / 442440`
_2024-06-15 04:38:07_
--------
*55a115a2b7bad87a9a59815065a058b6*
`登陆天数: 23天 / 660天
等级: 130
石头: 4085
呼符: 327
体力: 30.439999999999998 / 138
友情点: 0 / 441740`
_2024-06-15 04:38:15_
--------
*2ef3d5dafd84d3243c0a5fbb327f134f*
`登陆天数: 23天 / 661天
等级: 130
石头: 4070
呼符: 313
体力: 30.413333333333327 / 138
友情点: 0 / 442945`
_2024-06-15 04:38:22_
--------
*20b17e5b321671e80175c2f1b14263e8*
`登陆天数: 23天 / 660天
等级: 130
石头: 4070
呼符: 214
体力: 30.38333333333334 / 138
友情点: 0 / 442985`
_2024-06-15 04:38:30_
--------
*c6cdfad9f74637a5fa7984a5c10ba453*
`登陆天数: 23天 / 660天
等级: 130
石头: 4068
呼符: 195
体力: 30.36 / 138
友情点: 0 / 442445`
_2024-06-15 04:38:37_
--------
*5ee9b6cb4dad6d3e2abbfcfb9f329e4d*
`登陆天数: 23天 / 660天
等级: 130
石头: 4065
呼符: 154
体力: 30.33 / 138
友情点: 0 / 443770`
_2024-06-15 04:38:45_
--------
*1319913a2715297058302bd3d3a0a36e*
`登陆天数: 23天 / 661天
等级: 130
石头: 4073
呼符: 318
体力: 30.299999999999997 / 138
友情点: 0 / 443355`
_2024-06-15 04:38:53_
--------
*f48471cf27ea6e65bc1440b2909b3940*
`登陆天数: 23天 / 661天
等级: 130
石头: 4069
呼符: 243
体力: 30.273333333333326 / 138
友情点: 0 / 442855`
_2024-06-15 04:39:00_
--------
*b2424f676ee1ec9f88f81b0d4698987e*
`登陆天数: 23天 / 660天
等级: 130
石头: 4081
呼符: 294
体力: 30.24333333333334 / 138
友情点: 0 / 442925`
_2024-06-15 04:39:08_
--------
*1d8b59cba0e3f72ff517c89f032c2599*
`登陆天数: 23天 / 660天
等级: 130
石头: 4077
呼符: 312
体力: 30.21666666666667 / 138
友情点: 0 / 442680`
_2024-06-15 04:39:15_
--------
*8ee0cbaadc815c1912c61e71286549b1*
`登陆天数: 23天 / 660天
等级: 130
石头: 4072
呼符: 244
体力: 30.189999999999998 / 138
友情点: 0 / 441875`
_2024-06-15 04:39:23_
--------
*218468cf4ad512dce281cb19f43cb30e*
`登陆天数: 23天 / 661天
等级: 130
石头: 4074
呼符: 322
体力: 30.163333333333327 / 138
友情点: 0 / 441890`
_2024-06-15 04:39:31_
--------
*0fbd7be41a76c85cd8daa691dafb8ffe*
`登陆天数: 23天 / 661天
等级: 130
石头: 4088
呼符: 308
体力: 30.13666666666667 / 138
友情点: 0 / 441965`
_2024-06-15 04:39:38_
--------
*196168efcabd7d425b0032d3621c483a*
`登陆天数: 23天 / 661天
等级: 130
石头: 4061
呼符: 252
体力: 30.10666666666667 / 138
友情点: 0 / 442590`
_2024-06-15 04:39:46_
--------
*620116c5f38dcbbc4ed175e39aeef43c*
`登陆天数: 23天 / 660天
等级: 130
石头: 4064
呼符: 292
体力: 30.08333333333333 / 138
友情点: 0 / 445175`
_2024-06-15 04:39:53_
--------
*7e0869077ab753a7d90d8db403886c6d*
`登陆天数: 23天 / 660天
等级: 130
石头: 4077
呼符: 318
体力: 30.053333333333327 / 138
友情点: 0 / 442650`
_2024-06-15 04:40:01_
--------
*6b6792983ff80039bfb163e41b784518*
`登陆天数: 23天 / 661天
等级: 130
石头: 4079
呼符: 324
体力: 30.02666666666667 / 138
友情点: 0 / 442225`
_2024-06-15 04:40:09_
--------
*dda03e285c2ed456c4c492938bd0d83f*
`登陆天数: 23天 / 661天
等级: 130
石头: 4076
呼符: 285
体力: 29.99666666666667 / 138
友情点: 0 / 442930`
_2024-06-15 04:40:16_
--------
*4c9a004c9bdbf2ee9ad04026a9bcc3d6*
`登陆天数: 23天 / 660天
等级: 130
石头: 4063
呼符: 205
体力: 29.97333333333333 / 138
友情点: 0 / 443100`
_2024-06-15 04:40:24_
--------
*ee36ae671b666512a8544f725126a5ac*
`登陆天数: 23天 / 661天
等级: 130
石头: 4065
呼符: 293
体力: 29.946666666666673 / 138
友情点: 0 / 443115`
_2024-06-15 04:40:31_
--------
*597be7b75507cf3e3433c293361004f2*
`登陆天数: 23天 / 661天
等级: 130
石头: 4078
呼符: 329
体力: 29.91666666666667 / 138
友情点: 0 / 444610`
_2024-06-15 04:40:39_
--------
*5271da64f42e94fc23a26a910897f402*
`登陆天数: 23天 / 661天
等级: 130
石头: 4051
呼符: 185
体力: 29.89 / 138
友情点: 0 / 442775`
_2024-06-15 04:40:46_
--------
*be952791e6e13d90ddf937ab63b67cf9*
`登陆天数: 23天 / 661天
等级: 130
石头: 4079
呼符: 186
体力: 29.86333333333333 / 138
友情点: 0 / 442920`
_2024-06-15 04:40:54_
--------
*80570526c900c3d2eb096db85111bd37*
`登陆天数: 23天 / 660天
等级: 130
石头: 4025
呼符: 177
体力: 18486.466666666667 / 138
友情点: 0 / 470090`
_2024-06-15 04:41:02_
--------
