【登录信息】
*a2d701ff4c15c728056da94e68b57ae2*
`登陆天数: 24天 / 662天
等级: 130
石头: 4059
呼符: 326
体力: 30.11 / 138
友情点: 0 / 434890`
_2024-06-16 04:29:55_
--------
*7e3e7ebfc87bdadea779e92bbd045bb8*
`登陆天数: 24天 / 661天
等级: 130
石头: 4079
呼符: 286
体力: 30.073333333333338 / 138
友情点: 0 / 434405`
_2024-06-16 04:30:03_
--------
*0658c25534437f1fc9df9cb3dfda5815*
`登陆天数: 24天 / 661天
等级: 130
石头: 4064
呼符: 216
体力: 30.046666666666667 / 138
友情点: 0 / 437240`
_2024-06-16 04:30:11_
--------
*218bfc5b271887ecf209413962b4e176*
`登陆天数: 24天 / 661天
等级: 130
石头: 4093
呼符: 275
体力: 30.016666666666666 / 138
友情点: 0 / 433655`
_2024-06-16 04:30:19_
--------
*1bab0a0da912df3c49088a4dc2a462db*
`登陆天数: 24天 / 661天
等级: 130
石头: 4060
呼符: 237
体力: 29.980000000000004 / 138
友情点: 0 / 436495`
_2024-06-16 04:30:27_
--------
*685c23a6c3b691ee6f77d3f2dc64af10*
`登陆天数: 24天 / 661天
等级: 130
石头: 4050
呼符: 313
体力: 29.953333333333333 / 138
友情点: 0 / 435715`
_2024-06-16 04:30:35_
--------
*aad16ccf1ba788801ca4e755bcedd529*
`登陆天数: 24天 / 661天
等级: 130
石头: 4051
呼符: 299
体力: 29.923333333333332 / 138
友情点: 0 / 435105`
_2024-06-16 04:30:43_
--------
*2a125df20c41ca1c5327e85734630a8d*
`登陆天数: 24天 / 662天
等级: 130
石头: 4101
呼符: 55
体力: 29.89333333333333 / 138
友情点: 0 / 436120`
_2024-06-16 04:30:52_
--------
*55a79131010f008e6bf453988cda8b6a*
`登陆天数: 24天 / 661天
等级: 130
石头: 4058
呼符: 34
体力: 29.86333333333333 / 138
友情点: 0 / 434675`
_2024-06-16 04:31:00_
--------
*706546d5df7a84500dc171708636f616*
`登陆天数: 24天 / 662天
等级: 130
石头: 4073
呼符: 328
体力: 29.83333333333333 / 138
友情点: 0 / 433860`
_2024-06-16 04:31:08_
--------
*5fc7124488cc6d38a4de9a86c2f02342*
`登陆天数: 24天 / 661天
等级: 130
石头: 4073
呼符: 284
体力: 29.806666666666672 / 138
友情点: 0 / 434425`
_2024-06-16 04:31:16_
--------
*a5e17fa843264313a8b8d2a788a3839e*
`登陆天数: 24天 / 661天
等级: 130
石头: 4034
呼符: 144
体力: 29.78 / 138
友情点: 0 / 433620`
_2024-06-16 04:31:24_
--------
*9787b4dfd8aec76745025e2905dcce8a*
`登陆天数: 24天 / 661天
等级: 130
石头: 4062
呼符: 243
体力: 29.75 / 138
友情点: 0 / 434500`
_2024-06-16 04:31:32_
--------
*cdeb528c0ac3660bbab015eb1f03d07c*
`登陆天数: 24天 / 661天
等级: 130
石头: 4061
呼符: 72
体力: 29.71666666666667 / 138
友情点: 0 / 434480`
_2024-06-16 04:31:40_
--------
*bd78ab35f1570874e1c2aa5f8482cff9*
`登陆天数: 24天 / 661天
等级: 130
石头: 4079
呼符: 192
体力: 29.689999999999998 / 138
友情点: 0 / 433815`
_2024-06-16 04:31:48_
--------
*b452fd6bc2f3ab8f22fa8da2baa97615*
`登陆天数: 24天 / 661天
等级: 130
石头: 4060
呼符: 296
体力: 29.659999999999997 / 138
友情点: 0 / 438105`
_2024-06-16 04:31:56_
--------
*9eaa7633ff214f001d8e8f3e41073f36*
`登陆天数: 24天 / 661天
等级: 130
石头: 4077
呼符: 79
体力: 29.629999999999995 / 138
友情点: 0 / 434055`
_2024-06-16 04:32:04_
--------
*64e65f73cf6ec161725307a973709254*
`登陆天数: 24天 / 662天
等级: 130
石头: 4078
呼符: 161
体力: 29.60333333333334 / 138
友情点: 0 / 434010`
_2024-06-16 04:32:13_
--------
*720b78f59000a78cead3712b31b41c85*
`登陆天数: 24天 / 662天
等级: 130
石头: 4080
呼符: 326
体力: 29.573333333333338 / 138
友情点: 0 / 434870`
_2024-06-16 04:32:21_
--------
*9a3c67d2523e201ef6efa57c6b5bf440*
`登陆天数: 24天 / 661天
等级: 130
石头: 4052
呼符: 195
体力: 29.543333333333337 / 138
友情点: 0 / 435220`
_2024-06-16 04:32:29_
--------
*7feaf061bca39d4ec2e9817d5e50bc1a*
`登陆天数: 24天 / 662天
等级: 130
石头: 4064
呼符: 245
体力: 29.516666666666666 / 138
友情点: 0 / 434845`
_2024-06-16 04:32:38_
--------
*57f4f1e2d55c21fb2d13b9675edf4af7*
`登陆天数: 24天 / 662天
等级: 130
石头: 4104
呼符: 251
体力: 29.486666666666665 / 138
友情点: 0 / 434775`
_2024-06-16 04:32:46_
--------
*c0fe0f900e2538ff177f96e576d97dae*
`登陆天数: 24天 / 662天
等级: 130
石头: 4078
呼符: 35
体力: 29.456666666666663 / 138
友情点: 0 / 436760`
_2024-06-16 04:32:54_
--------
*020180bc4f156afcdce866ce9cedcca6*
`登陆天数: 24天 / 661天
等级: 130
石头: 4062
呼符: 293
体力: 29.430000000000007 / 138
友情点: 0 / 436845`
_2024-06-16 04:33:02_
--------
*c418d4fc03fce1dd86b9c4045bfbe30a*
`登陆天数: 24天 / 661天
等级: 130
石头: 4067
呼符: 216
体力: 29.39666666666666 / 138
友情点: 0 / 436150`
_2024-06-16 04:33:10_
--------
*866bedda492d6733dc8e9bbedf64abaa*
`登陆天数: 24天 / 661天
等级: 130
石头: 4071
呼符: 332
体力: 29.370000000000005 / 138
友情点: 0 / 436685`
_2024-06-16 04:33:18_
--------
*07ffdac9b3c29adb0713934d30f84fa2*
`登陆天数: 24天 / 662天
等级: 130
石头: 4064
呼符: 245
体力: 29.340000000000003 / 138
友情点: 0 / 436440`
_2024-06-16 04:33:26_
--------
*55a115a2b7bad87a9a59815065a058b6*
`登陆天数: 24天 / 661天
等级: 130
石头: 4085
呼符: 327
体力: 29.310000000000002 / 138
友情点: 0 / 435740`
_2024-06-16 04:33:34_
--------
*2ef3d5dafd84d3243c0a5fbb327f134f*
`登陆天数: 24天 / 662天
等级: 130
石头: 4070
呼符: 313
体力: 29.28 / 138
友情点: 0 / 436945`
_2024-06-16 04:33:42_
--------
*20b17e5b321671e80175c2f1b14263e8*
`登陆天数: 24天 / 661天
等级: 130
石头: 4070
呼符: 214
体力: 29.25 / 138
友情点: 0 / 436985`
_2024-06-16 04:33:50_
--------
*c6cdfad9f74637a5fa7984a5c10ba453*
`登陆天数: 24天 / 661天
等级: 130
石头: 4068
呼符: 195
体力: 29.226666666666674 / 138
友情点: 0 / 436445`
_2024-06-16 04:33:58_
--------
*5ee9b6cb4dad6d3e2abbfcfb9f329e4d*
`登陆天数: 24天 / 661天
等级: 130
石头: 4065
呼符: 154
体力: 29.196666666666673 / 138
友情点: 0 / 437770`
_2024-06-16 04:34:06_
--------
*1319913a2715297058302bd3d3a0a36e*
`登陆天数: 24天 / 662天
等级: 130
石头: 4073
呼符: 318
体力: 29.16666666666667 / 138
友情点: 0 / 437355`
_2024-06-16 04:34:14_
--------
*f48471cf27ea6e65bc1440b2909b3940*
`登陆天数: 24天 / 662天
等级: 130
石头: 4069
呼符: 243
体力: 29.14 / 138
友情点: 0 / 436855`
_2024-06-16 04:34:23_
--------
*b2424f676ee1ec9f88f81b0d4698987e*
`登陆天数: 24天 / 661天
等级: 130
石头: 4081
呼符: 294
体力: 29.11 / 138
友情点: 0 / 436925`
_2024-06-16 04:34:31_
--------
*1d8b59cba0e3f72ff517c89f032c2599*
`登陆天数: 24天 / 661天
等级: 130
石头: 4077
呼符: 312
体力: 29.08 / 138
友情点: 0 / 436680`
_2024-06-16 04:34:39_
--------
*8ee0cbaadc815c1912c61e71286549b1*
`登陆天数: 24天 / 661天
等级: 130
石头: 4072
呼符: 244
体力: 29.053333333333327 / 138
友情点: 0 / 435875`
_2024-06-16 04:34:47_
--------
*218468cf4ad512dce281cb19f43cb30e*
`登陆天数: 24天 / 662天
等级: 130
石头: 4074
呼符: 322
体力: 29.02666666666667 / 138
友情点: 0 / 435890`
_2024-06-16 04:34:55_
--------
*0fbd7be41a76c85cd8daa691dafb8ffe*
`登陆天数: 24天 / 662天
等级: 130
石头: 4088
呼符: 308
体力: 28.99333333333334 / 138
友情点: 0 / 435965`
_2024-06-16 04:35:03_
--------
*196168efcabd7d425b0032d3621c483a*
`登陆天数: 24天 / 662天
等级: 130
石头: 4061
呼符: 252
体力: 28.96666666666667 / 138
友情点: 0 / 436590`
_2024-06-16 04:35:12_
--------
*620116c5f38dcbbc4ed175e39aeef43c*
`登陆天数: 24天 / 661天
等级: 130
石头: 4064
呼符: 292
体力: 28.933333333333337 / 138
友情点: 0 / 439175`
_2024-06-16 04:35:19_
--------
*7e0869077ab753a7d90d8db403886c6d*
`登陆天数: 24天 / 661天
等级: 130
石头: 4077
呼符: 318
体力: 28.903333333333336 / 138
友情点: 0 / 436650`
_2024-06-16 04:35:27_
--------
*6b6792983ff80039bfb163e41b784518*
`登陆天数: 24天 / 662天
等级: 130
石头: 4079
呼符: 324
体力: 28.876666666666665 / 138
友情点: 0 / 436225`
_2024-06-16 04:35:35_
--------
*dda03e285c2ed456c4c492938bd0d83f*
`登陆天数: 24天 / 662天
等级: 130
石头: 4076
呼符: 285
体力: 28.846666666666664 / 138
友情点: 0 / 436930`
_2024-06-16 04:35:43_
--------
*4c9a004c9bdbf2ee9ad04026a9bcc3d6*
`登陆天数: 24天 / 661天
等级: 130
石头: 4063
呼符: 205
体力: 28.816666666666663 / 138
友情点: 0 / 437100`
_2024-06-16 04:35:51_
--------
*ee36ae671b666512a8544f725126a5ac*
`登陆天数: 24天 / 662天
等级: 130
石头: 4065
呼符: 293
体力: 28.78666666666666 / 138
友情点: 0 / 437115`
_2024-06-16 04:36:00_
--------
*597be7b75507cf3e3433c293361004f2*
`登陆天数: 24天 / 662天
等级: 130
石头: 4078
呼符: 329
体力: 28.760000000000005 / 138
友情点: 0 / 438610`
_2024-06-16 04:36:08_
--------
*5271da64f42e94fc23a26a910897f402*
`登陆天数: 24天 / 662天
等级: 130
石头: 4051
呼符: 185
体力: 28.733333333333334 / 138
友情点: 0 / 436775`
_2024-06-16 04:36:16_
--------
*be952791e6e13d90ddf937ab63b67cf9*
`登陆天数: 24天 / 662天
等级: 130
石头: 4079
呼符: 186
体力: 28.703333333333333 / 138
友情点: 0 / 436920`
_2024-06-16 04:36:24_
--------
*80570526c900c3d2eb096db85111bd37*
`登陆天数: 24天 / 661天
等级: 130
石头: 4025
呼符: 177
体力: 18773.57 / 138
友情点: 0 / 470090`
_2024-06-16 04:36:32_
--------
