【登录信息】
*a2d701ff4c15c728056da94e68b57ae2*
`登陆天数: 25天 / 663天
等级: 130
石头: 4060
呼符: 326
体力: 30.47333333333333 / 138
友情点: 0 / 428890`
_2024-06-17 04:33:53_
--------
*7e3e7ebfc87bdadea779e92bbd045bb8*
`登陆天数: 25天 / 662天
等级: 130
石头: 4080
呼符: 286
体力: 30.443333333333328 / 138
友情点: 0 / 428405`
_2024-06-17 04:34:01_
--------
*0658c25534437f1fc9df9cb3dfda5815*
`登陆天数: 25天 / 662天
等级: 130
石头: 4065
呼符: 216
体力: 30.41666666666667 / 138
友情点: 0 / 431240`
_2024-06-17 04:34:09_
--------
*218bfc5b271887ecf209413962b4e176*
`登陆天数: 25天 / 662天
等级: 130
石头: 4094
呼符: 275
体力: 30.38666666666667 / 138
友情点: 0 / 427655`
_2024-06-17 04:34:16_
--------
*1bab0a0da912df3c49088a4dc2a462db*
`登陆天数: 25天 / 662天
等级: 130
石头: 4061
呼符: 237
体力: 30.36 / 138
友情点: 0 / 430495`
_2024-06-17 04:34:24_
--------
*685c23a6c3b691ee6f77d3f2dc64af10*
`登陆天数: 25天 / 662天
等级: 130
石头: 4051
呼符: 313
体力: 30.33333333333333 / 138
友情点: 0 / 429715`
_2024-06-17 04:34:31_
--------
*aad16ccf1ba788801ca4e755bcedd529*
`登陆天数: 25天 / 662天
等级: 130
石头: 4052
呼符: 299
体力: 30.299999999999997 / 138
友情点: 0 / 429105`
_2024-06-17 04:34:39_
--------
*2a125df20c41ca1c5327e85734630a8d*
`登陆天数: 25天 / 663天
等级: 130
石头: 4102
呼符: 55
体力: 30.27666666666667 / 138
友情点: 0 / 430120`
_2024-06-17 04:34:46_
--------
*55a79131010f008e6bf453988cda8b6a*
`登陆天数: 25天 / 662天
等级: 130
石头: 4059
呼符: 34
体力: 30.24333333333334 / 138
友情点: 0 / 428675`
_2024-06-17 04:34:54_
--------
*706546d5df7a84500dc171708636f616*
`登陆天数: 25天 / 663天
等级: 130
石头: 4074
呼符: 328
体力: 30.22 / 138
友情点: 0 / 427860`
_2024-06-17 04:35:02_
--------
*5fc7124488cc6d38a4de9a86c2f02342*
`登陆天数: 25天 / 662天
等级: 130
石头: 4074
呼符: 284
体力: 30.193333333333328 / 138
友情点: 0 / 428425`
_2024-06-17 04:35:09_
--------
*a5e17fa843264313a8b8d2a788a3839e*
`登陆天数: 25天 / 662天
等级: 130
石头: 4035
呼符: 144
体力: 30.163333333333327 / 138
友情点: 0 / 427620`
_2024-06-17 04:35:17_
--------
*9787b4dfd8aec76745025e2905dcce8a*
`登陆天数: 25天 / 662天
等级: 130
石头: 4063
呼符: 243
体力: 30.13666666666667 / 138
友情点: 0 / 428500`
_2024-06-17 04:35:24_
--------
*cdeb528c0ac3660bbab015eb1f03d07c*
`登陆天数: 25天 / 662天
等级: 130
石头: 4062
呼符: 72
体力: 30.10666666666667 / 138
友情点: 0 / 428480`
_2024-06-17 04:35:32_
--------
*bd78ab35f1570874e1c2aa5f8482cff9*
`登陆天数: 25天 / 662天
等级: 130
石头: 4080
呼符: 192
体力: 30.08 / 138
友情点: 0 / 427815`
_2024-06-17 04:35:39_
--------
*b452fd6bc2f3ab8f22fa8da2baa97615*
`登陆天数: 25天 / 662天
等级: 130
石头: 4061
呼符: 296
体力: 30.049999999999997 / 138
友情点: 0 / 432105`
_2024-06-17 04:35:47_
--------
*9eaa7633ff214f001d8e8f3e41073f36*
`登陆天数: 25天 / 662天
等级: 130
石头: 4078
呼符: 79
体力: 30.019999999999996 / 138
友情点: 0 / 428055`
_2024-06-17 04:35:54_
--------
*64e65f73cf6ec161725307a973709254*
`登陆天数: 25天 / 663天
等级: 130
石头: 4079
呼符: 161
体力: 29.99333333333334 / 138
友情点: 0 / 428010`
_2024-06-17 04:36:02_
--------
*720b78f59000a78cead3712b31b41c85*
`登陆天数: 25天 / 663天
等级: 130
石头: 4081
呼符: 326
体力: 29.96666666666667 / 138
友情点: 0 / 428870`
_2024-06-17 04:36:10_
--------
*9a3c67d2523e201ef6efa57c6b5bf440*
`登陆天数: 25天 / 662天
等级: 130
石头: 4053
呼符: 195
体力: 29.939999999999998 / 138
友情点: 0 / 429220`
_2024-06-17 04:36:17_
--------
*7feaf061bca39d4ec2e9817d5e50bc1a*
`登陆天数: 25天 / 663天
等级: 130
石头: 4065
呼符: 245
体力: 29.909999999999997 / 138
友情点: 0 / 428845`
_2024-06-17 04:36:25_
--------
*57f4f1e2d55c21fb2d13b9675edf4af7*
`登陆天数: 25天 / 663天
等级: 130
石头: 4105
呼符: 251
体力: 29.88333333333334 / 138
友情点: 0 / 428775`
_2024-06-17 04:36:32_
--------
*c0fe0f900e2538ff177f96e576d97dae*
`登陆天数: 25天 / 663天
等级: 130
石头: 4079
呼符: 35
体力: 29.85333333333334 / 138
友情点: 0 / 430760`
_2024-06-17 04:36:40_
--------
*020180bc4f156afcdce866ce9cedcca6*
`登陆天数: 25天 / 662天
等级: 130
石头: 4063
呼符: 293
体力: 29.826666666666668 / 138
友情点: 0 / 430845`
_2024-06-17 04:36:48_
--------
*c418d4fc03fce1dd86b9c4045bfbe30a*
`登陆天数: 25天 / 662天
等级: 130
石头: 4068
呼符: 216
体力: 29.799999999999997 / 138
友情点: 0 / 430150`
_2024-06-17 04:36:55_
--------
*866bedda492d6733dc8e9bbedf64abaa*
`登陆天数: 25天 / 662天
等级: 130
石头: 4072
呼符: 332
体力: 29.769999999999996 / 138
友情点: 0 / 430685`
_2024-06-17 04:37:03_
--------
*07ffdac9b3c29adb0713934d30f84fa2*
`登陆天数: 25天 / 663天
等级: 130
石头: 4065
呼符: 245
体力: 29.74333333333334 / 138
友情点: 0 / 430440`
_2024-06-17 04:37:10_
--------
*55a115a2b7bad87a9a59815065a058b6*
`登陆天数: 25天 / 662天
等级: 130
石头: 4086
呼符: 327
体力: 29.71333333333334 / 138
友情点: 0 / 429740`
_2024-06-17 04:37:18_
--------
*2ef3d5dafd84d3243c0a5fbb327f134f*
`登陆天数: 25天 / 663天
等级: 130
石头: 4071
呼符: 313
体力: 29.686666666666667 / 138
友情点: 0 / 430945`
_2024-06-17 04:37:25_
--------
*20b17e5b321671e80175c2f1b14263e8*
`登陆天数: 25天 / 662天
等级: 130
石头: 4071
呼符: 214
体力: 29.659999999999997 / 138
友情点: 0 / 430985`
_2024-06-17 04:37:33_
--------
*c6cdfad9f74637a5fa7984a5c10ba453*
`登陆天数: 25天 / 662天
等级: 130
石头: 4069
呼符: 195
体力: 29.63333333333334 / 138
友情点: 0 / 430445`
_2024-06-17 04:37:40_
--------
*5ee9b6cb4dad6d3e2abbfcfb9f329e4d*
`登陆天数: 25天 / 662天
等级: 130
石头: 4066
呼符: 154
体力: 29.60333333333334 / 138
友情点: 0 / 431770`
_2024-06-17 04:37:48_
--------
*1319913a2715297058302bd3d3a0a36e*
`登陆天数: 25天 / 663天
等级: 130
石头: 4074
呼符: 318
体力: 29.576666666666668 / 138
友情点: 0 / 431355`
_2024-06-17 04:37:56_
--------
*f48471cf27ea6e65bc1440b2909b3940*
`登陆天数: 25天 / 663天
等级: 130
石头: 4070
呼符: 243
体力: 29.549999999999997 / 138
友情点: 0 / 430855`
_2024-06-17 04:38:03_
--------
*b2424f676ee1ec9f88f81b0d4698987e*
`登陆天数: 25天 / 662天
等级: 130
石头: 4082
呼符: 294
体力: 29.519999999999996 / 138
友情点: 0 / 430925`
_2024-06-17 04:38:11_
--------
*1d8b59cba0e3f72ff517c89f032c2599*
`登陆天数: 25天 / 662天
等级: 130
石头: 4078
呼符: 312
体力: 29.49333333333334 / 138
友情点: 0 / 430680`
_2024-06-17 04:38:18_
--------
*8ee0cbaadc815c1912c61e71286549b1*
`登陆天数: 25天 / 662天
等级: 130
石头: 4073
呼符: 244
体力: 29.459999999999994 / 138
友情点: 0 / 429875`
_2024-06-17 04:38:26_
--------
*218468cf4ad512dce281cb19f43cb30e*
`登陆天数: 25天 / 663天
等级: 130
石头: 4075
呼符: 322
体力: 29.433333333333337 / 138
友情点: 0 / 429890`
_2024-06-17 04:38:33_
--------
*0fbd7be41a76c85cd8daa691dafb8ffe*
`登陆天数: 25天 / 663天
等级: 130
石头: 4089
呼符: 308
体力: 29.403333333333336 / 138
友情点: 0 / 429965`
_2024-06-17 04:38:41_
--------
*196168efcabd7d425b0032d3621c483a*
`登陆天数: 25天 / 663天
等级: 130
石头: 4062
呼符: 252
体力: 29.376666666666665 / 138
友情点: 0 / 430590`
_2024-06-17 04:38:48_
--------
*620116c5f38dcbbc4ed175e39aeef43c*
`登陆天数: 25天 / 662天
等级: 130
石头: 4065
呼符: 292
体力: 29.349999999999994 / 138
友情点: 0 / 433175`
_2024-06-17 04:38:56_
--------
*7e0869077ab753a7d90d8db403886c6d*
`登陆天数: 25天 / 662天
等级: 130
石头: 4078
呼符: 318
体力: 29.319999999999993 / 138
友情点: 0 / 430650`
_2024-06-17 04:39:04_
--------
*6b6792983ff80039bfb163e41b784518*
`登陆天数: 25天 / 663天
等级: 130
石头: 4080
呼符: 324
体力: 29.296666666666667 / 138
友情点: 0 / 430225`
_2024-06-17 04:39:11_
--------
*dda03e285c2ed456c4c492938bd0d83f*
`登陆天数: 25天 / 663天
等级: 130
石头: 4077
呼符: 285
体力: 29.266666666666666 / 138
友情点: 0 / 430930`
_2024-06-17 04:39:19_
--------
*4c9a004c9bdbf2ee9ad04026a9bcc3d6*
`登陆天数: 25天 / 662天
等级: 130
石头: 4064
呼符: 205
体力: 29.239999999999995 / 138
友情点: 0 / 431100`
_2024-06-17 04:39:26_
--------
*ee36ae671b666512a8544f725126a5ac*
`登陆天数: 25天 / 663天
等级: 130
石头: 4066
呼符: 293
体力: 29.209999999999994 / 138
友情点: 0 / 431115`
_2024-06-17 04:39:34_
--------
*597be7b75507cf3e3433c293361004f2*
`登陆天数: 25天 / 663天
等级: 130
石头: 4079
呼符: 329
体力: 29.183333333333337 / 138
友情点: 0 / 432610`
_2024-06-17 04:39:41_
--------
*5271da64f42e94fc23a26a910897f402*
`登陆天数: 25天 / 663天
等级: 130
石头: 4052
呼符: 185
体力: 29.153333333333336 / 138
友情点: 0 / 430775`
_2024-06-17 04:39:49_
--------
*be952791e6e13d90ddf937ab63b67cf9*
`登陆天数: 25天 / 663天
等级: 130
石头: 4080
呼符: 186
体力: 29.126666666666665 / 138
友情点: 0 / 430920`
_2024-06-17 04:39:56_
--------
*80570526c900c3d2eb096db85111bd37*
`登陆天数: 25天 / 662天
等级: 130
石头: 4025
呼符: 177
体力: 19062.27666666667 / 138
友情点: 0 / 470090`
_2024-06-17 04:40:04_
--------
