【登录信息】
*a2d701ff4c15c728056da94e68b57ae2*
`登陆天数: 26天 / 664天
等级: 130
石头: 4060
呼符: 326
体力: 29.83333333333333 / 138
友情点: 0 / 422890`
_2024-06-18 04:30:50_
--------
*7e3e7ebfc87bdadea779e92bbd045bb8*
`登陆天数: 26天 / 663天
等级: 130
石头: 4080
呼符: 286
体力: 29.796666666666667 / 138
友情点: 0 / 422405`
_2024-06-18 04:30:58_
--------
*0658c25534437f1fc9df9cb3dfda5815*
`登陆天数: 26天 / 663天
等级: 130
石头: 4065
呼符: 216
体力: 29.766666666666666 / 138
友情点: 0 / 425240`
_2024-06-18 04:31:06_
--------
*218bfc5b271887ecf209413962b4e176*
`登陆天数: 26天 / 663天
等级: 130
石头: 4094
呼符: 275
体力: 29.733333333333334 / 138
友情点: 0 / 421655`
_2024-06-18 04:31:15_
--------
*1bab0a0da912df3c49088a4dc2a462db*
`登陆天数: 26天 / 663天
等级: 130
石头: 4061
呼符: 237
体力: 29.703333333333333 / 138
友情点: 0 / 424495`
_2024-06-18 04:31:23_
--------
*685c23a6c3b691ee6f77d3f2dc64af10*
`登陆天数: 26天 / 663天
等级: 130
石头: 4051
呼符: 313
体力: 29.673333333333332 / 138
友情点: 0 / 423715`
_2024-06-18 04:31:31_
--------
*aad16ccf1ba788801ca4e755bcedd529*
`登陆天数: 26天 / 663天
等级: 130
石头: 4052
呼符: 299
体力: 29.64 / 138
友情点: 0 / 423105`
_2024-06-18 04:31:39_
--------
*2a125df20c41ca1c5327e85734630a8d*
`登陆天数: 26天 / 664天
等级: 130
石头: 4102
呼符: 55
体力: 29.61333333333333 / 138
友情点: 0 / 424120`
_2024-06-18 04:31:47_
--------
*55a79131010f008e6bf453988cda8b6a*
`登陆天数: 26天 / 663天
等级: 130
石头: 4059
呼符: 34
体力: 29.58 / 138
友情点: 0 / 422675`
_2024-06-18 04:31:55_
--------
*706546d5df7a84500dc171708636f616*
`登陆天数: 26天 / 664天
等级: 130
石头: 4074
呼符: 328
体力: 29.546666666666667 / 138
友情点: 0 / 421860`
_2024-06-18 04:32:03_
--------
*5fc7124488cc6d38a4de9a86c2f02342*
`登陆天数: 26天 / 663天
等级: 130
石头: 4074
呼符: 284
体力: 29.516666666666666 / 138
友情点: 0 / 422425`
_2024-06-18 04:32:12_
--------
*a5e17fa843264313a8b8d2a788a3839e*
`登陆天数: 26天 / 663天
等级: 130
石头: 4035
呼符: 144
体力: 29.486666666666665 / 138
友情点: 0 / 421620`
_2024-06-18 04:32:20_
--------
*9787b4dfd8aec76745025e2905dcce8a*
`登陆天数: 26天 / 663天
等级: 130
石头: 4063
呼符: 243
体力: 29.456666666666663 / 138
友情点: 0 / 422500`
_2024-06-18 04:32:27_
--------
*cdeb528c0ac3660bbab015eb1f03d07c*
`登陆天数: 26天 / 663天
等级: 130
石头: 4062
呼符: 72
体力: 29.426666666666662 / 138
友情点: 0 / 422480`
_2024-06-18 04:32:36_
--------
*bd78ab35f1570874e1c2aa5f8482cff9*
`登陆天数: 26天 / 663天
等级: 130
石头: 4080
呼符: 192
体力: 29.39333333333333 / 138
友情点: 0 / 421815`
_2024-06-18 04:32:44_
--------
*b452fd6bc2f3ab8f22fa8da2baa97615*
`登陆天数: 26天 / 663天
等级: 130
石头: 4061
呼符: 296
体力: 29.36666666666666 / 138
友情点: 0 / 426105`
_2024-06-18 04:32:52_
--------
*9eaa7633ff214f001d8e8f3e41073f36*
`登陆天数: 26天 / 663天
等级: 130
石头: 4078
呼符: 79
体力: 29.336666666666673 / 138
友情点: 0 / 422055`
_2024-06-18 04:33:00_
--------
*64e65f73cf6ec161725307a973709254*
`登陆天数: 26天 / 664天
等级: 130
石头: 4079
呼符: 161
体力: 29.310000000000002 / 138
友情点: 0 / 422010`
_2024-06-18 04:33:09_
--------
*720b78f59000a78cead3712b31b41c85*
`登陆天数: 26天 / 664天
等级: 130
石头: 4081
呼符: 326
体力: 29.28 / 138
友情点: 0 / 422870`
_2024-06-18 04:33:17_
--------
*9a3c67d2523e201ef6efa57c6b5bf440*
`登陆天数: 26天 / 663天
等级: 130
石头: 4053
呼符: 195
体力: 29.24666666666667 / 138
友情点: 0 / 423220`
_2024-06-18 04:33:25_
--------
*7feaf061bca39d4ec2e9817d5e50bc1a*
`登陆天数: 26天 / 664天
等级: 130
石头: 4065
呼符: 245
体力: 29.21666666666667 / 138
友情点: 0 / 422845`
_2024-06-18 04:33:34_
--------
*57f4f1e2d55c21fb2d13b9675edf4af7*
`登陆天数: 26天 / 664天
等级: 130
石头: 4105
呼符: 251
体力: 29.186666666666667 / 138
友情点: 0 / 422775`
_2024-06-18 04:33:42_
--------
*c0fe0f900e2538ff177f96e576d97dae*
`登陆天数: 26天 / 664天
等级: 130
石头: 4079
呼符: 35
体力: 29.156666666666666 / 138
友情点: 0 / 424760`
_2024-06-18 04:33:50_
--------
*020180bc4f156afcdce866ce9cedcca6*
`登陆天数: 26天 / 663天
等级: 130
石头: 4063
呼符: 293
体力: 29.126666666666665 / 138
友情点: 0 / 424845`
_2024-06-18 04:33:58_
--------
*c418d4fc03fce1dd86b9c4045bfbe30a*
`登陆天数: 26天 / 663天
等级: 130
石头: 4068
呼符: 216
体力: 29.096666666666664 / 138
友情点: 0 / 424150`
_2024-06-18 04:34:06_
--------
*866bedda492d6733dc8e9bbedf64abaa*
`登陆天数: 26天 / 663天
等级: 130
石头: 4072
呼符: 332
体力: 29.063333333333333 / 138
友情点: 0 / 424685`
_2024-06-18 04:34:15_
--------
*07ffdac9b3c29adb0713934d30f84fa2*
`登陆天数: 26天 / 664天
等级: 130
石头: 4065
呼符: 245
体力: 29.03333333333333 / 138
友情点: 0 / 424440`
_2024-06-18 04:34:23_
--------
*55a115a2b7bad87a9a59815065a058b6*
`登陆天数: 26天 / 663天
等级: 130
石头: 4086
呼符: 327
体力: 29.00333333333333 / 138
友情点: 0 / 423740`
_2024-06-18 04:34:31_
--------
*2ef3d5dafd84d3243c0a5fbb327f134f*
`登陆天数: 26天 / 664天
等级: 130
石头: 4071
呼符: 313
体力: 28.97333333333333 / 138
友情点: 0 / 424945`
_2024-06-18 04:34:40_
--------
*20b17e5b321671e80175c2f1b14263e8*
`登陆天数: 26天 / 663天
等级: 130
石头: 4071
呼符: 214
体力: 28.946666666666673 / 138
友情点: 0 / 424985`
_2024-06-18 04:34:47_
--------
*c6cdfad9f74637a5fa7984a5c10ba453*
`登陆天数: 26天 / 663天
等级: 130
石头: 4069
呼符: 195
体力: 28.91666666666667 / 138
友情点: 0 / 424445`
_2024-06-18 04:34:56_
--------
*5ee9b6cb4dad6d3e2abbfcfb9f329e4d*
`登陆天数: 26天 / 663天
等级: 130
石头: 4066
呼符: 154
体力: 28.89 / 138
友情点: 0 / 425770`
_2024-06-18 04:35:04_
--------
*1319913a2715297058302bd3d3a0a36e*
`登陆天数: 26天 / 664天
等级: 130
石头: 4074
呼符: 318
体力: 28.86333333333333 / 138
友情点: 0 / 425355`
_2024-06-18 04:35:12_
--------
*f48471cf27ea6e65bc1440b2909b3940*
`登陆天数: 26天 / 664天
等级: 130
石头: 4070
呼符: 243
体力: 28.83333333333333 / 138
友情点: 0 / 424855`
_2024-06-18 04:35:20_
--------
*b2424f676ee1ec9f88f81b0d4698987e*
`登陆天数: 26天 / 663天
等级: 130
石头: 4082
呼符: 294
体力: 28.803333333333327 / 138
友情点: 0 / 424925`
_2024-06-18 04:35:29_
--------
*1d8b59cba0e3f72ff517c89f032c2599*
`登陆天数: 26天 / 663天
等级: 130
石头: 4078
呼符: 312
体力: 28.77666666666667 / 138
友情点: 0 / 424680`
_2024-06-18 04:35:37_
--------
*8ee0cbaadc815c1912c61e71286549b1*
`登陆天数: 26天 / 663天
等级: 130
石头: 4073
呼符: 244
体力: 28.74666666666667 / 138
友情点: 0 / 423875`
_2024-06-18 04:35:45_
--------
*218468cf4ad512dce281cb19f43cb30e*
`登陆天数: 26天 / 664天
等级: 130
石头: 4075
呼符: 322
体力: 28.71666666666667 / 138
友情点: 0 / 423890`
_2024-06-18 04:35:53_
--------
*0fbd7be41a76c85cd8daa691dafb8ffe*
`登陆天数: 26天 / 664天
等级: 130
石头: 4089
呼符: 308
体力: 28.686666666666667 / 138
友情点: 0 / 423965`
_2024-06-18 04:36:02_
--------
*196168efcabd7d425b0032d3621c483a*
`登陆天数: 26天 / 664天
等级: 130
石头: 4062
呼符: 252
体力: 28.656666666666666 / 138
友情点: 0 / 424590`
_2024-06-18 04:36:10_
--------
*620116c5f38dcbbc4ed175e39aeef43c*
`登陆天数: 26天 / 663天
等级: 130
石头: 4065
呼符: 292
体力: 28.629999999999995 / 138
友情点: 0 / 427175`
_2024-06-18 04:36:18_
--------
*7e0869077ab753a7d90d8db403886c6d*
`登陆天数: 26天 / 663天
等级: 130
石头: 4078
呼符: 318
体力: 28.599999999999994 / 138
友情点: 0 / 424650`
_2024-06-18 04:36:26_
--------
*6b6792983ff80039bfb163e41b784518*
`登陆天数: 26天 / 664天
等级: 130
石头: 4080
呼符: 324
体力: 28.569999999999993 / 138
友情点: 0 / 424225`
_2024-06-18 04:36:34_
--------
*dda03e285c2ed456c4c492938bd0d83f*
`登陆天数: 26天 / 664天
等级: 130
石头: 4077
呼符: 285
体力: 28.540000000000006 / 138
友情点: 0 / 424930`
_2024-06-18 04:36:43_
--------
*4c9a004c9bdbf2ee9ad04026a9bcc3d6*
`登陆天数: 26天 / 663天
等级: 130
石头: 4064
呼符: 205
体力: 28.510000000000005 / 138
友情点: 0 / 425100`
_2024-06-18 04:36:51_
--------
*ee36ae671b666512a8544f725126a5ac*
`登陆天数: 26天 / 664天
等级: 130
石头: 4066
呼符: 293
体力: 28.480000000000004 / 138
友情点: 0 / 425115`
_2024-06-18 04:36:59_
--------
*597be7b75507cf3e3433c293361004f2*
`登陆天数: 26天 / 664天
等级: 130
石头: 4079
呼符: 329
体力: 28.450000000000003 / 138
友情点: 0 / 426610`
_2024-06-18 04:37:08_
--------
*5271da64f42e94fc23a26a910897f402*
`登陆天数: 26天 / 664天
等级: 130
石头: 4052
呼符: 185
体力: 28.426666666666662 / 138
友情点: 0 / 424775`
_2024-06-18 04:37:16_
--------
*be952791e6e13d90ddf937ab63b67cf9*
`登陆天数: 26天 / 664天
等级: 130
石头: 4080
呼符: 186
体力: 28.39333333333333 / 138
友情点: 0 / 424920`
_2024-06-18 04:37:25_
--------
*80570526c900c3d2eb096db85111bd37*
`登陆天数: 26天 / 663天
等级: 130
石头: 4025
呼符: 177
体力: 19349.77 / 138
友情点: 0 / 470090`
_2024-06-18 04:37:33_
--------
