【登录信息】
*a2d701ff4c15c728056da94e68b57ae2*
`登陆天数: 28天 / 666天
等级: 130
石头: 4068
呼符: 327
体力: 29.939999999999998 / 138
友情点: 0 / 410890`
_2024-06-20 04:29:41_
--------
*7e3e7ebfc87bdadea779e92bbd045bb8*
`登陆天数: 28天 / 665天
等级: 130
石头: 4088
呼符: 287
体力: 29.909999999999997 / 138
友情点: 0 / 410405`
_2024-06-20 04:29:49_
--------
*0658c25534437f1fc9df9cb3dfda5815*
`登陆天数: 28天 / 665天
等级: 130
石头: 4073
呼符: 217
体力: 29.876666666666665 / 138
友情点: 0 / 413240`
_2024-06-20 04:29:57_
--------
*218bfc5b271887ecf209413962b4e176*
`登陆天数: 28天 / 665天
等级: 130
石头: 4102
呼符: 276
体力: 29.846666666666664 / 138
友情点: 0 / 409655`
_2024-06-20 04:30:06_
--------
*1bab0a0da912df3c49088a4dc2a462db*
`登陆天数: 28天 / 665天
等级: 130
石头: 4069
呼符: 238
体力: 29.819999999999993 / 138
友情点: 0 / 412495`
_2024-06-20 04:30:14_
--------
*685c23a6c3b691ee6f77d3f2dc64af10*
`登陆天数: 28天 / 665天
等级: 130
石头: 4059
呼符: 314
体力: 29.790000000000006 / 138
友情点: 0 / 411715`
_2024-06-20 04:30:22_
--------
*aad16ccf1ba788801ca4e755bcedd529*
`登陆天数: 28天 / 665天
等级: 130
石头: 4060
呼符: 300
体力: 29.760000000000005 / 138
友情点: 0 / 411105`
_2024-06-20 04:30:31_
--------
*2a125df20c41ca1c5327e85734630a8d*
`登陆天数: 28天 / 666天
等级: 130
石头: 4110
呼符: 56
体力: 29.733333333333334 / 138
友情点: 0 / 412120`
_2024-06-20 04:30:39_
--------
*55a79131010f008e6bf453988cda8b6a*
`登陆天数: 28天 / 665天
等级: 130
石头: 4067
呼符: 35
体力: 29.696666666666673 / 138
友情点: 0 / 410675`
_2024-06-20 04:30:47_
--------
*706546d5df7a84500dc171708636f616*
`登陆天数: 28天 / 666天
等级: 130
石头: 4082
呼符: 329
体力: 29.67 / 138
友情点: 0 / 409860`
_2024-06-20 04:30:56_
--------
*5fc7124488cc6d38a4de9a86c2f02342*
`登陆天数: 28天 / 665天
等级: 130
石头: 4082
呼符: 285
体力: 29.64 / 138
友情点: 0 / 410425`
_2024-06-20 04:31:04_
--------
*a5e17fa843264313a8b8d2a788a3839e*
`登陆天数: 28天 / 665天
等级: 130
石头: 4043
呼符: 145
体力: 29.61 / 138
友情点: 0 / 409620`
_2024-06-20 04:31:12_
--------
*9787b4dfd8aec76745025e2905dcce8a*
`登陆天数: 28天 / 665天
等级: 130
石头: 4071
呼符: 244
体力: 29.58 / 138
友情点: 0 / 410500`
_2024-06-20 04:31:21_
--------
*cdeb528c0ac3660bbab015eb1f03d07c*
`登陆天数: 28天 / 665天
等级: 130
石头: 4070
呼符: 73
体力: 29.549999999999997 / 138
友情点: 0 / 410480`
_2024-06-20 04:31:29_
--------
*bd78ab35f1570874e1c2aa5f8482cff9*
`登陆天数: 28天 / 665天
等级: 130
石头: 4088
呼符: 193
体力: 29.519999999999996 / 138
友情点: 0 / 409815`
_2024-06-20 04:31:37_
--------
*b452fd6bc2f3ab8f22fa8da2baa97615*
`登陆天数: 28天 / 665天
等级: 130
石头: 4069
呼符: 297
体力: 29.486666666666665 / 138
友情点: 0 / 414105`
_2024-06-20 04:31:46_
--------
*9eaa7633ff214f001d8e8f3e41073f36*
`登陆天数: 28天 / 665天
等级: 130
石头: 4086
呼符: 80
体力: 29.459999999999994 / 138
友情点: 0 / 410055`
_2024-06-20 04:31:54_
--------
*64e65f73cf6ec161725307a973709254*
`登陆天数: 28天 / 666天
等级: 130
石头: 4087
呼符: 162
体力: 29.430000000000007 / 138
友情点: 0 / 410010`
_2024-06-20 04:32:02_
--------
*720b78f59000a78cead3712b31b41c85*
`登陆天数: 28天 / 666天
等级: 130
石头: 4089
呼符: 327
体力: 29.400000000000006 / 138
友情点: 0 / 410870`
_2024-06-20 04:32:10_
--------
*9a3c67d2523e201ef6efa57c6b5bf440*
`登陆天数: 28天 / 665天
等级: 130
石头: 4061
呼符: 196
体力: 29.370000000000005 / 138
友情点: 0 / 411220`
_2024-06-20 04:32:19_
--------
*7feaf061bca39d4ec2e9817d5e50bc1a*
`登陆天数: 28天 / 666天
等级: 130
石头: 4073
呼符: 246
体力: 29.336666666666673 / 138
友情点: 0 / 410845`
_2024-06-20 04:32:27_
--------
*57f4f1e2d55c21fb2d13b9675edf4af7*
`登陆天数: 28天 / 666天
等级: 130
石头: 4113
呼符: 252
体力: 29.303333333333327 / 138
友情点: 0 / 410775`
_2024-06-20 04:32:35_
--------
*c0fe0f900e2538ff177f96e576d97dae*
`登陆天数: 28天 / 666天
等级: 130
石头: 4087
呼符: 36
体力: 29.273333333333326 / 138
友情点: 0 / 412760`
_2024-06-20 04:32:44_
--------
*020180bc4f156afcdce866ce9cedcca6*
`登陆天数: 28天 / 665天
等级: 130
石头: 4071
呼符: 294
体力: 29.239999999999995 / 138
友情点: 0 / 412845`
_2024-06-20 04:32:52_
--------
*c418d4fc03fce1dd86b9c4045bfbe30a*
`登陆天数: 28天 / 665天
等级: 130
石头: 4076
呼符: 217
体力: 29.21333333333334 / 138
友情点: 0 / 412150`
_2024-06-20 04:33:00_
--------
*866bedda492d6733dc8e9bbedf64abaa*
`登陆天数: 28天 / 665天
等级: 130
石头: 4080
呼符: 333
体力: 29.186666666666667 / 138
友情点: 0 / 412685`
_2024-06-20 04:33:08_
--------
*07ffdac9b3c29adb0713934d30f84fa2*
`登陆天数: 28天 / 666天
等级: 130
石头: 4073
呼符: 246
体力: 29.156666666666666 / 138
友情点: 0 / 412440`
_2024-06-20 04:33:16_
--------
*55a115a2b7bad87a9a59815065a058b6*
`登陆天数: 28天 / 665天
等级: 130
石头: 4094
呼符: 328
体力: 29.126666666666665 / 138
友情点: 0 / 411740`
_2024-06-20 04:33:25_
--------
*2ef3d5dafd84d3243c0a5fbb327f134f*
`登陆天数: 28天 / 666天
等级: 130
石头: 4079
呼符: 314
体力: 29.093333333333334 / 138
友情点: 0 / 412945`
_2024-06-20 04:33:33_
--------
*20b17e5b321671e80175c2f1b14263e8*
`登陆天数: 28天 / 665天
等级: 130
石头: 4079
呼符: 215
体力: 29.066666666666663 / 138
友情点: 0 / 412985`
_2024-06-20 04:33:41_
--------
*c6cdfad9f74637a5fa7984a5c10ba453*
`登陆天数: 28天 / 665天
等级: 130
石头: 4077
呼符: 196
体力: 29.03333333333333 / 138
友情点: 0 / 412445`
_2024-06-20 04:33:49_
--------
*5ee9b6cb4dad6d3e2abbfcfb9f329e4d*
`登陆天数: 28天 / 665天
等级: 130
石头: 4074
呼符: 155
体力: 29.00666666666666 / 138
友情点: 0 / 413770`
_2024-06-20 04:33:57_
--------
*1319913a2715297058302bd3d3a0a36e*
`登陆天数: 28天 / 666天
等级: 130
石头: 4082
呼符: 319
体力: 28.976666666666674 / 138
友情点: 0 / 413355`
_2024-06-20 04:34:05_
--------
*f48471cf27ea6e65bc1440b2909b3940*
`登陆天数: 28天 / 666天
等级: 130
石头: 4078
呼符: 244
体力: 28.946666666666673 / 138
友情点: 0 / 412855`
_2024-06-20 04:34:14_
--------
*b2424f676ee1ec9f88f81b0d4698987e*
`登陆天数: 28天 / 665天
等级: 130
石头: 4090
呼符: 295
体力: 28.92 / 138
友情点: 0 / 412925`
_2024-06-20 04:34:22_
--------
*1d8b59cba0e3f72ff517c89f032c2599*
`登陆天数: 28天 / 665天
等级: 130
石头: 4086
呼符: 313
体力: 28.89333333333333 / 138
友情点: 0 / 412680`
_2024-06-20 04:34:30_
--------
*8ee0cbaadc815c1912c61e71286549b1*
`登陆天数: 28天 / 665天
等级: 130
石头: 4081
呼符: 245
体力: 28.86 / 138
友情点: 0 / 411875`
_2024-06-20 04:34:38_
--------
*218468cf4ad512dce281cb19f43cb30e*
`登陆天数: 28天 / 666天
等级: 130
石头: 4083
呼符: 323
体力: 28.83 / 138
友情点: 0 / 411890`
_2024-06-20 04:34:46_
--------
*0fbd7be41a76c85cd8daa691dafb8ffe*
`登陆天数: 28天 / 666天
等级: 130
石头: 4097
呼符: 309
体力: 28.803333333333327 / 138
友情点: 0 / 411965`
_2024-06-20 04:34:54_
--------
*196168efcabd7d425b0032d3621c483a*
`登陆天数: 28天 / 666天
等级: 130
石头: 4070
呼符: 253
体力: 28.773333333333326 / 138
友情点: 0 / 412590`
_2024-06-20 04:35:03_
--------
*620116c5f38dcbbc4ed175e39aeef43c*
`登陆天数: 28天 / 665天
等级: 130
石头: 4073
呼符: 293
体力: 28.74666666666667 / 138
友情点: 0 / 415175`
_2024-06-20 04:35:11_
--------
*7e0869077ab753a7d90d8db403886c6d*
`登陆天数: 28天 / 665天
等级: 130
石头: 4086
呼符: 319
体力: 28.71666666666667 / 138
友情点: 0 / 412650`
_2024-06-20 04:35:19_
--------
*6b6792983ff80039bfb163e41b784518*
`登陆天数: 28天 / 666天
等级: 130
石头: 4088
呼符: 325
体力: 28.689999999999998 / 138
友情点: 0 / 412225`
_2024-06-20 04:35:28_
--------
*dda03e285c2ed456c4c492938bd0d83f*
`登陆天数: 28天 / 666天
等级: 130
石头: 4085
呼符: 286
体力: 28.659999999999997 / 138
友情点: 0 / 412930`
_2024-06-20 04:35:36_
--------
*4c9a004c9bdbf2ee9ad04026a9bcc3d6*
`登陆天数: 28天 / 665天
等级: 130
石头: 4072
呼符: 206
体力: 28.629999999999995 / 138
友情点: 0 / 413100`
_2024-06-20 04:35:44_
--------
*ee36ae671b666512a8544f725126a5ac*
`登陆天数: 28天 / 666天
等级: 130
石头: 4074
呼符: 294
体力: 28.596666666666664 / 138
友情点: 0 / 413115`
_2024-06-20 04:35:52_
--------
*597be7b75507cf3e3433c293361004f2*
`登陆天数: 28天 / 666天
等级: 130
石头: 4087
呼符: 330
体力: 28.573333333333338 / 138
友情点: 0 / 414610`
_2024-06-20 04:36:00_
--------
*5271da64f42e94fc23a26a910897f402*
`登陆天数: 28天 / 666天
等级: 130
石头: 4060
呼符: 186
体力: 28.543333333333337 / 138
友情点: 0 / 412775`
_2024-06-20 04:36:09_
--------
*be952791e6e13d90ddf937ab63b67cf9*
`登陆天数: 28天 / 666天
等级: 130
石头: 4088
呼符: 187
体力: 28.513333333333335 / 138
友情点: 0 / 412920`
_2024-06-20 04:36:17_
--------
*80570526c900c3d2eb096db85111bd37*
`登陆天数: 28天 / 665天
等级: 130
石头: 4025
呼符: 177
体力: 19925.546666666665 / 138
友情点: 0 / 470090`
_2024-06-20 04:36:25_
--------
