【登录信息】
*a2d701ff4c15c728056da94e68b57ae2*
`登陆天数: 29天 / 667天
等级: 130
石头: 4068
呼符: 327
体力: 29.873333333333335 / 138
友情点: 0 / 406890`
_2024-06-21 04:31:10_
--------
*7e3e7ebfc87bdadea779e92bbd045bb8*
`登陆天数: 29天 / 666天
等级: 130
石头: 4088
呼符: 287
体力: 29.846666666666664 / 138
友情点: 0 / 406405`
_2024-06-21 04:31:19_
--------
*0658c25534437f1fc9df9cb3dfda5815*
`登陆天数: 29天 / 666天
等级: 130
石头: 4073
呼符: 217
体力: 29.819999999999993 / 138
友情点: 0 / 409240`
_2024-06-21 04:31:27_
--------
*218bfc5b271887ecf209413962b4e176*
`登陆天数: 29天 / 666天
等级: 130
石头: 4102
呼符: 276
体力: 29.793333333333337 / 138
友情点: 0 / 405655`
_2024-06-21 04:31:35_
--------
*1bab0a0da912df3c49088a4dc2a462db*
`登陆天数: 29天 / 666天
等级: 130
石头: 4069
呼符: 238
体力: 29.769999999999996 / 138
友情点: 0 / 408495`
_2024-06-21 04:31:43_
--------
*685c23a6c3b691ee6f77d3f2dc64af10*
`登陆天数: 29天 / 666天
等级: 130
石头: 4059
呼符: 314
体力: 29.74333333333334 / 138
友情点: 0 / 407715`
_2024-06-21 04:31:51_
--------
*aad16ccf1ba788801ca4e755bcedd529*
`登陆天数: 29天 / 666天
等级: 130
石头: 4060
呼符: 300
体力: 29.71333333333334 / 138
友情点: 0 / 407105`
_2024-06-21 04:31:59_
--------
*2a125df20c41ca1c5327e85734630a8d*
`登陆天数: 29天 / 667天
等级: 130
石头: 4110
呼符: 56
体力: 29.686666666666667 / 138
友情点: 0 / 408120`
_2024-06-21 04:32:08_
--------
*55a79131010f008e6bf453988cda8b6a*
`登陆天数: 29天 / 666天
等级: 130
石头: 4067
呼符: 35
体力: 29.659999999999997 / 138
友情点: 0 / 406675`
_2024-06-21 04:32:16_
--------
*706546d5df7a84500dc171708636f616*
`登陆天数: 29天 / 667天
等级: 130
石头: 4082
呼符: 329
体力: 29.63666666666667 / 138
友情点: 0 / 405860`
_2024-06-21 04:32:25_
--------
*5fc7124488cc6d38a4de9a86c2f02342*
`登陆天数: 29天 / 666天
等级: 130
石头: 4082
呼符: 285
体力: 29.61 / 138
友情点: 0 / 406425`
_2024-06-21 04:32:33_
--------
*a5e17fa843264313a8b8d2a788a3839e*
`登陆天数: 29天 / 666天
等级: 130
石头: 4043
呼符: 145
体力: 29.58333333333333 / 138
友情点: 0 / 405620`
_2024-06-21 04:32:41_
--------
*9787b4dfd8aec76745025e2905dcce8a*
`登陆天数: 29天 / 666天
等级: 130
石头: 4071
呼符: 244
体力: 29.556666666666672 / 138
友情点: 0 / 406500`
_2024-06-21 04:32:49_
--------
*cdeb528c0ac3660bbab015eb1f03d07c*
`登陆天数: 29天 / 666天
等级: 130
石头: 4070
呼符: 73
体力: 29.53 / 138
友情点: 0 / 406480`
_2024-06-21 04:32:57_
--------
*bd78ab35f1570874e1c2aa5f8482cff9*
`登陆天数: 29天 / 666天
等级: 130
石头: 4088
呼符: 193
体力: 29.5 / 138
友情点: 0 / 405815`
_2024-06-21 04:33:05_
--------
*b452fd6bc2f3ab8f22fa8da2baa97615*
`登陆天数: 29天 / 666天
等级: 130
石头: 4069
呼符: 297
体力: 29.47333333333333 / 138
友情点: 0 / 410105`
_2024-06-21 04:33:14_
--------
*9eaa7633ff214f001d8e8f3e41073f36*
`登陆天数: 29天 / 666天
等级: 130
石头: 4086
呼符: 80
体力: 29.446666666666673 / 138
友情点: 0 / 406055`
_2024-06-21 04:33:22_
--------
*64e65f73cf6ec161725307a973709254*
`登陆天数: 29天 / 667天
等级: 130
石头: 4087
呼符: 162
体力: 29.42 / 138
友情点: 0 / 406010`
_2024-06-21 04:33:30_
--------
*720b78f59000a78cead3712b31b41c85*
`登陆天数: 29天 / 667天
等级: 130
石头: 4089
呼符: 327
体力: 29.39333333333333 / 138
友情点: 0 / 406870`
_2024-06-21 04:33:38_
--------
*9a3c67d2523e201ef6efa57c6b5bf440*
`登陆天数: 29天 / 666天
等级: 130
石头: 4061
呼符: 196
体力: 29.36666666666666 / 138
友情点: 0 / 407220`
_2024-06-21 04:33:45_
--------
*7feaf061bca39d4ec2e9817d5e50bc1a*
`登陆天数: 29天 / 667天
等级: 130
石头: 4073
呼符: 246
体力: 29.340000000000003 / 138
友情点: 0 / 406845`
_2024-06-21 04:33:54_
--------
*57f4f1e2d55c21fb2d13b9675edf4af7*
`登陆天数: 29天 / 667天
等级: 130
石头: 4113
呼符: 252
体力: 29.313333333333333 / 138
友情点: 0 / 406775`
_2024-06-21 04:34:01_
--------
*c0fe0f900e2538ff177f96e576d97dae*
`登陆天数: 29天 / 667天
等级: 130
石头: 4087
呼符: 36
体力: 29.28666666666666 / 138
友情点: 0 / 408760`
_2024-06-21 04:34:09_
--------
*020180bc4f156afcdce866ce9cedcca6*
`登陆天数: 29天 / 666天
等级: 130
石头: 4071
呼符: 294
体力: 29.263333333333335 / 138
友情点: 0 / 408845`
_2024-06-21 04:34:18_
--------
*c418d4fc03fce1dd86b9c4045bfbe30a*
`登陆天数: 29天 / 666天
等级: 130
石头: 4076
呼符: 217
体力: 29.236666666666665 / 138
友情点: 0 / 408150`
_2024-06-21 04:34:26_
--------
*866bedda492d6733dc8e9bbedf64abaa*
`登陆天数: 29天 / 666天
等级: 130
石头: 4080
呼符: 333
体力: 29.209999999999994 / 138
友情点: 0 / 408685`
_2024-06-21 04:34:34_
--------
*07ffdac9b3c29adb0713934d30f84fa2*
`登陆天数: 29天 / 667天
等级: 130
石头: 4073
呼符: 246
体力: 29.183333333333337 / 138
友情点: 0 / 408440`
_2024-06-21 04:34:42_
--------
*55a115a2b7bad87a9a59815065a058b6*
`登陆天数: 29天 / 666天
等级: 130
石头: 4094
呼符: 328
体力: 29.156666666666666 / 138
友情点: 0 / 407740`
_2024-06-21 04:34:51_
--------
*2ef3d5dafd84d3243c0a5fbb327f134f*
`登陆天数: 29天 / 667天
等级: 130
石头: 4079
呼符: 314
体力: 29.129999999999995 / 138
友情点: 0 / 408945`
_2024-06-21 04:34:59_
--------
*20b17e5b321671e80175c2f1b14263e8*
`登陆天数: 29天 / 666天
等级: 130
石头: 4079
呼符: 215
体力: 29.10333333333334 / 138
友情点: 0 / 408985`
_2024-06-21 04:35:07_
--------
*c6cdfad9f74637a5fa7984a5c10ba453*
`登陆天数: 29天 / 666天
等级: 130
石头: 4077
呼符: 196
体力: 29.076666666666668 / 138
友情点: 0 / 408445`
_2024-06-21 04:35:15_
--------
*5ee9b6cb4dad6d3e2abbfcfb9f329e4d*
`登陆天数: 29天 / 666天
等级: 130
石头: 4074
呼符: 155
体力: 29.056666666666672 / 138
友情点: 0 / 409770`
_2024-06-21 04:35:24_
--------
*1319913a2715297058302bd3d3a0a36e*
`登陆天数: 29天 / 667天
等级: 130
石头: 4082
呼符: 319
体力: 29.03 / 138
友情点: 0 / 409355`
_2024-06-21 04:35:32_
--------
*f48471cf27ea6e65bc1440b2909b3940*
`登陆天数: 29天 / 667天
等级: 130
石头: 4078
呼符: 244
体力: 29.0 / 138
友情点: 0 / 408855`
_2024-06-21 04:35:40_
--------
*b2424f676ee1ec9f88f81b0d4698987e*
`登陆天数: 29天 / 666天
等级: 130
石头: 4090
呼符: 295
体力: 28.97333333333333 / 138
友情点: 0 / 408925`
_2024-06-21 04:35:48_
--------
*1d8b59cba0e3f72ff517c89f032c2599*
`登陆天数: 29天 / 666天
等级: 130
石头: 4086
呼符: 313
体力: 28.946666666666673 / 138
友情点: 0 / 408680`
_2024-06-21 04:35:56_
--------
*8ee0cbaadc815c1912c61e71286549b1*
`登陆天数: 29天 / 666天
等级: 130
石头: 4081
呼符: 245
体力: 28.92 / 138
友情点: 0 / 407875`
_2024-06-21 04:36:03_
--------
*218468cf4ad512dce281cb19f43cb30e*
`登陆天数: 29天 / 667天
等级: 130
石头: 4083
呼符: 323
体力: 28.89333333333333 / 138
友情点: 0 / 407890`
_2024-06-21 04:36:12_
--------
*0fbd7be41a76c85cd8daa691dafb8ffe*
`登陆天数: 29天 / 667天
等级: 130
石头: 4097
呼符: 309
体力: 28.86666666666666 / 138
友情点: 0 / 407965`
_2024-06-21 04:36:20_
--------
*196168efcabd7d425b0032d3621c483a*
`登陆天数: 29天 / 667天
等级: 130
石头: 4070
呼符: 253
体力: 28.843333333333334 / 138
友情点: 0 / 408590`
_2024-06-21 04:36:28_
--------
*620116c5f38dcbbc4ed175e39aeef43c*
`登陆天数: 29天 / 666天
等级: 130
石头: 4073
呼符: 293
体力: 28.816666666666663 / 138
友情点: 0 / 411175`
_2024-06-21 04:36:36_
--------
*7e0869077ab753a7d90d8db403886c6d*
`登陆天数: 29天 / 666天
等级: 130
石头: 4086
呼符: 319
体力: 28.790000000000006 / 138
友情点: 0 / 408650`
_2024-06-21 04:36:44_
--------
*6b6792983ff80039bfb163e41b784518*
`登陆天数: 29天 / 667天
等级: 130
石头: 4088
呼符: 325
体力: 28.760000000000005 / 138
友情点: 0 / 408225`
_2024-06-21 04:36:52_
--------
*dda03e285c2ed456c4c492938bd0d83f*
`登陆天数: 29天 / 667天
等级: 130
石头: 4085
呼符: 286
体力: 28.733333333333334 / 138
友情点: 0 / 408930`
_2024-06-21 04:37:00_
--------
*4c9a004c9bdbf2ee9ad04026a9bcc3d6*
`登陆天数: 29天 / 666天
等级: 130
石头: 4072
呼符: 206
体力: 28.709999999999994 / 138
友情点: 0 / 409100`
_2024-06-21 04:37:08_
--------
*ee36ae671b666512a8544f725126a5ac*
`登陆天数: 29天 / 667天
等级: 130
石头: 4074
呼符: 294
体力: 28.680000000000007 / 138
友情点: 0 / 409115`
_2024-06-21 04:37:16_
--------
*597be7b75507cf3e3433c293361004f2*
`登陆天数: 29天 / 667天
等级: 130
石头: 4087
呼符: 330
体力: 28.653333333333336 / 138
友情点: 0 / 410610`
_2024-06-21 04:37:24_
--------
*5271da64f42e94fc23a26a910897f402*
`登陆天数: 29天 / 667天
等级: 130
石头: 4060
呼符: 186
体力: 28.629999999999995 / 138
友情点: 0 / 408775`
_2024-06-21 04:37:32_
--------
*be952791e6e13d90ddf937ab63b67cf9*
`登陆天数: 29天 / 667天
等级: 130
石头: 4088
呼符: 187
体力: 28.60333333333334 / 138
友情点: 0 / 408920`
_2024-06-21 04:37:40_
--------
*80570526c900c3d2eb096db85111bd37*
`登陆天数: 29天 / 666天
等级: 130
石头: 4025
呼符: 177
体力: 20213.823333333334 / 138
友情点: 0 / 470090`
_2024-06-21 04:37:48_
--------
