【登录信息】
*a2d701ff4c15c728056da94e68b57ae2*
`登陆天数: 30天 / 668天
等级: 130
石头: 4069
呼符: 328
体力: 29.483333333333334 / 138
友情点: 0 / 400890`
_2024-06-22 04:29:27_
--------
*7e3e7ebfc87bdadea779e92bbd045bb8*
`登陆天数: 30天 / 667天
等级: 130
石头: 4089
呼符: 288
体力: 29.453333333333333 / 138
友情点: 0 / 400405`
_2024-06-22 04:29:34_
--------
*0658c25534437f1fc9df9cb3dfda5815*
`登陆天数: 30天 / 667天
等级: 130
石头: 4074
呼符: 218
体力: 29.426666666666662 / 138
友情点: 0 / 403240`
_2024-06-22 04:29:42_
--------
*218bfc5b271887ecf209413962b4e176*
`登陆天数: 30天 / 667天
等级: 130
石头: 4103
呼符: 277
体力: 29.400000000000006 / 138
友情点: 0 / 399655`
_2024-06-22 04:29:50_
--------
*1bab0a0da912df3c49088a4dc2a462db*
`登陆天数: 30天 / 667天
等级: 130
石头: 4070
呼符: 239
体力: 29.370000000000005 / 138
友情点: 0 / 402495`
_2024-06-22 04:29:58_
--------
*685c23a6c3b691ee6f77d3f2dc64af10*
`登陆天数: 30天 / 667天
等级: 130
石头: 4060
呼符: 315
体力: 29.340000000000003 / 138
友情点: 0 / 401715`
_2024-06-22 04:30:06_
--------
*aad16ccf1ba788801ca4e755bcedd529*
`登陆天数: 30天 / 667天
等级: 130
石头: 4061
呼符: 301
体力: 29.313333333333333 / 138
友情点: 0 / 401105`
_2024-06-22 04:30:13_
--------
*2a125df20c41ca1c5327e85734630a8d*
`登陆天数: 30天 / 668天
等级: 130
石头: 4111
呼符: 57
体力: 29.28333333333333 / 138
友情点: 0 / 402120`
_2024-06-22 04:30:21_
--------
*55a79131010f008e6bf453988cda8b6a*
`登陆天数: 30天 / 667天
等级: 130
石头: 4068
呼符: 36
体力: 29.25666666666666 / 138
友情点: 0 / 400675`
_2024-06-22 04:30:29_
--------
*706546d5df7a84500dc171708636f616*
`登陆天数: 30天 / 668天
等级: 130
石头: 4083
呼符: 330
体力: 29.226666666666674 / 138
友情点: 0 / 399860`
_2024-06-22 04:30:37_
--------
*5fc7124488cc6d38a4de9a86c2f02342*
`登陆天数: 30天 / 667天
等级: 130
石头: 4083
呼符: 286
体力: 29.200000000000003 / 138
友情点: 0 / 400425`
_2024-06-22 04:30:45_
--------
*a5e17fa843264313a8b8d2a788a3839e*
`登陆天数: 30天 / 667天
等级: 130
石头: 4044
呼符: 146
体力: 29.16666666666667 / 138
友情点: 0 / 399620`
_2024-06-22 04:30:52_
--------
*9787b4dfd8aec76745025e2905dcce8a*
`登陆天数: 30天 / 667天
等级: 130
石头: 4072
呼符: 245
体力: 29.14 / 138
友情点: 0 / 400500`
_2024-06-22 04:31:00_
--------
*cdeb528c0ac3660bbab015eb1f03d07c*
`登陆天数: 30天 / 667天
等级: 130
石头: 4071
呼符: 74
体力: 29.11 / 138
友情点: 0 / 400480`
_2024-06-22 04:31:08_
--------
*bd78ab35f1570874e1c2aa5f8482cff9*
`登陆天数: 30天 / 667天
等级: 130
石头: 4089
呼符: 194
体力: 29.08 / 138
友情点: 0 / 399815`
_2024-06-22 04:31:15_
--------
*b452fd6bc2f3ab8f22fa8da2baa97615*
`登陆天数: 30天 / 667天
等级: 130
石头: 4070
呼符: 298
体力: 29.053333333333327 / 138
友情点: 0 / 404105`
_2024-06-22 04:31:23_
--------
*9eaa7633ff214f001d8e8f3e41073f36*
`登陆天数: 30天 / 667天
等级: 130
石头: 4087
呼符: 81
体力: 29.023333333333326 / 138
友情点: 0 / 400055`
_2024-06-22 04:31:31_
--------
*64e65f73cf6ec161725307a973709254*
`登陆天数: 30天 / 668天
等级: 130
石头: 4088
呼符: 163
体力: 28.99333333333334 / 138
友情点: 0 / 400010`
_2024-06-22 04:31:39_
--------
*720b78f59000a78cead3712b31b41c85*
`登陆天数: 30天 / 668天
等级: 130
石头: 4090
呼符: 328
体力: 28.96333333333334 / 138
友情点: 0 / 400870`
_2024-06-22 04:31:46_
--------
*9a3c67d2523e201ef6efa57c6b5bf440*
`登陆天数: 30天 / 667天
等级: 130
石头: 4062
呼符: 197
体力: 28.936666666666667 / 138
友情点: 0 / 401220`
_2024-06-22 04:31:54_
--------
*7feaf061bca39d4ec2e9817d5e50bc1a*
`登陆天数: 30天 / 668天
等级: 130
石头: 4074
呼符: 247
体力: 28.906666666666666 / 138
友情点: 0 / 400845`
_2024-06-22 04:32:01_
--------
*57f4f1e2d55c21fb2d13b9675edf4af7*
`登陆天数: 30天 / 668天
等级: 130
石头: 4114
呼符: 253
体力: 28.873333333333335 / 138
友情点: 0 / 400775`
_2024-06-22 04:32:09_
--------
*c0fe0f900e2538ff177f96e576d97dae*
`登陆天数: 30天 / 668天
等级: 130
石头: 4088
呼符: 37
体力: 28.846666666666664 / 138
友情点: 0 / 402760`
_2024-06-22 04:32:17_
--------
*020180bc4f156afcdce866ce9cedcca6*
`登陆天数: 30天 / 667天
等级: 130
石头: 4072
呼符: 295
体力: 28.816666666666663 / 138
友情点: 0 / 402845`
_2024-06-22 04:32:24_
--------
*c418d4fc03fce1dd86b9c4045bfbe30a*
`登陆天数: 30天 / 667天
等级: 130
石头: 4077
呼符: 218
体力: 28.78666666666666 / 138
友情点: 0 / 402150`
_2024-06-22 04:32:32_
--------
*866bedda492d6733dc8e9bbedf64abaa*
`登陆天数: 30天 / 667天
等级: 130
石头: 4081
呼符: 334
体力: 28.75666666666666 / 138
友情点: 0 / 402685`
_2024-06-22 04:32:40_
--------
*07ffdac9b3c29adb0713934d30f84fa2*
`登陆天数: 30天 / 668天
等级: 130
石头: 4074
呼符: 247
体力: 28.730000000000004 / 138
友情点: 0 / 402440`
_2024-06-22 04:32:48_
--------
*55a115a2b7bad87a9a59815065a058b6*
`登陆天数: 30天 / 667天
等级: 130
石头: 4095
呼符: 329
体力: 28.703333333333333 / 138
友情点: 0 / 401740`
_2024-06-22 04:32:55_
--------
*2ef3d5dafd84d3243c0a5fbb327f134f*
`登陆天数: 30天 / 668天
等级: 130
石头: 4080
呼符: 315
体力: 28.673333333333332 / 138
友情点: 0 / 402945`
_2024-06-22 04:33:03_
--------
*20b17e5b321671e80175c2f1b14263e8*
`登陆天数: 30天 / 667天
等级: 130
石头: 4080
呼符: 216
体力: 28.64333333333333 / 138
友情点: 0 / 402985`
_2024-06-22 04:33:10_
--------
*c6cdfad9f74637a5fa7984a5c10ba453*
`登陆天数: 30天 / 667天
等级: 130
石头: 4078
呼符: 197
体力: 28.61 / 138
友情点: 0 / 402445`
_2024-06-22 04:33:18_
--------
*5ee9b6cb4dad6d3e2abbfcfb9f329e4d*
`登陆天数: 30天 / 667天
等级: 130
石头: 4075
呼符: 156
体力: 28.58333333333333 / 138
友情点: 0 / 403770`
_2024-06-22 04:33:26_
--------
*1319913a2715297058302bd3d3a0a36e*
`登陆天数: 30天 / 668天
等级: 130
石头: 4083
呼符: 320
体力: 28.553333333333327 / 138
友情点: 0 / 403355`
_2024-06-22 04:33:34_
--------
*f48471cf27ea6e65bc1440b2909b3940*
`登陆天数: 30天 / 668天
等级: 130
石头: 4079
呼符: 245
体力: 28.52666666666667 / 138
友情点: 0 / 402855`
_2024-06-22 04:33:41_
--------
*b2424f676ee1ec9f88f81b0d4698987e*
`登陆天数: 30天 / 667天
等级: 130
石头: 4091
呼符: 296
体力: 28.489999999999995 / 138
友情点: 0 / 402925`
_2024-06-22 04:33:49_
--------
*1d8b59cba0e3f72ff517c89f032c2599*
`登陆天数: 30天 / 667天
等级: 130
石头: 4087
呼符: 314
体力: 28.46333333333334 / 138
友情点: 0 / 402680`
_2024-06-22 04:33:57_
--------
*8ee0cbaadc815c1912c61e71286549b1*
`登陆天数: 30天 / 667天
等级: 130
石头: 4082
呼符: 246
体力: 28.433333333333337 / 138
友情点: 0 / 401875`
_2024-06-22 04:34:04_
--------
*218468cf4ad512dce281cb19f43cb30e*
`登陆天数: 30天 / 668天
等级: 130
石头: 4084
呼符: 324
体力: 28.403333333333336 / 138
友情点: 0 / 401890`
_2024-06-22 04:34:12_
--------
*0fbd7be41a76c85cd8daa691dafb8ffe*
`登陆天数: 30天 / 668天
等级: 130
石头: 4098
呼符: 310
体力: 28.373333333333335 / 138
友情点: 0 / 401965`
_2024-06-22 04:34:20_
--------
*196168efcabd7d425b0032d3621c483a*
`登陆天数: 30天 / 668天
等级: 130
石头: 4071
呼符: 254
体力: 28.343333333333334 / 138
友情点: 0 / 402590`
_2024-06-22 04:34:27_
--------
*620116c5f38dcbbc4ed175e39aeef43c*
`登陆天数: 30天 / 667天
等级: 130
石头: 4074
呼符: 294
体力: 28.316666666666663 / 138
友情点: 0 / 405175`
_2024-06-22 04:34:35_
--------
*7e0869077ab753a7d90d8db403886c6d*
`登陆天数: 30天 / 667天
等级: 130
石头: 4087
呼符: 320
体力: 28.28333333333333 / 138
友情点: 0 / 402650`
_2024-06-22 04:34:43_
--------
*6b6792983ff80039bfb163e41b784518*
`登陆天数: 30天 / 668天
等级: 130
石头: 4089
呼符: 326
体力: 28.25666666666666 / 138
友情点: 0 / 402225`
_2024-06-22 04:34:51_
--------
*dda03e285c2ed456c4c492938bd0d83f*
`登陆天数: 30天 / 668天
等级: 130
石头: 4086
呼符: 287
体力: 28.226666666666674 / 138
友情点: 0 / 402930`
_2024-06-22 04:34:58_
--------
*4c9a004c9bdbf2ee9ad04026a9bcc3d6*
`登陆天数: 30天 / 667天
等级: 130
石头: 4073
呼符: 207
体力: 28.196666666666673 / 138
友情点: 0 / 403100`
_2024-06-22 04:35:06_
--------
*ee36ae671b666512a8544f725126a5ac*
`登陆天数: 30天 / 668天
等级: 130
石头: 4075
呼符: 295
体力: 28.17 / 138
友情点: 0 / 403115`
_2024-06-22 04:35:13_
--------
*597be7b75507cf3e3433c293361004f2*
`登陆天数: 30天 / 668天
等级: 130
石头: 4088
呼符: 331
体力: 28.14 / 138
友情点: 0 / 404610`
_2024-06-22 04:35:21_
--------
*5271da64f42e94fc23a26a910897f402*
`登陆天数: 30天 / 668天
等级: 130
石头: 4061
呼符: 187
体力: 28.11333333333333 / 138
友情点: 0 / 402775`
_2024-06-22 04:35:29_
--------
*be952791e6e13d90ddf937ab63b67cf9*
`登陆天数: 30天 / 668天
等级: 130
石头: 4089
呼符: 188
体力: 28.086666666666673 / 138
友情点: 0 / 402920`
_2024-06-22 04:35:36_
--------
*80570526c900c3d2eb096db85111bd37*
`登陆天数: 30天 / 667天
等级: 130
石头: 4025
呼符: 177
体力: 20501.41 / 138
友情点: 0 / 470090`
_2024-06-22 04:35:44_
--------
