【登录信息】
*a2d701ff4c15c728056da94e68b57ae2*
`登陆天数: 31天 / 669天
等级: 130
石头: 4070
呼符: 328
体力: 30.319999999999993 / 138
友情点: 0 / 394890`
_2024-06-23 04:30:05_
--------
*7e3e7ebfc87bdadea779e92bbd045bb8*
`登陆天数: 31天 / 668天
等级: 130
石头: 4090
呼符: 288
体力: 30.28666666666666 / 138
友情点: 0 / 394405`
_2024-06-23 04:30:13_
--------
*0658c25534437f1fc9df9cb3dfda5815*
`登陆天数: 31天 / 668天
等级: 130
石头: 4075
呼符: 218
体力: 30.25666666666666 / 138
友情点: 0 / 397240`
_2024-06-23 04:30:21_
--------
*218bfc5b271887ecf209413962b4e176*
`登陆天数: 31天 / 668天
等级: 130
石头: 4104
呼符: 277
体力: 30.230000000000004 / 138
友情点: 0 / 393655`
_2024-06-23 04:30:29_
--------
*1bab0a0da912df3c49088a4dc2a462db*
`登陆天数: 31天 / 668天
等级: 130
石头: 4071
呼符: 239
体力: 30.200000000000003 / 138
友情点: 0 / 396495`
_2024-06-23 04:30:38_
--------
*685c23a6c3b691ee6f77d3f2dc64af10*
`登陆天数: 31天 / 668天
等级: 130
石头: 4061
呼符: 315
体力: 30.176666666666662 / 138
友情点: 0 / 395715`
_2024-06-23 04:30:46_
--------
*aad16ccf1ba788801ca4e755bcedd529*
`登陆天数: 31天 / 668天
等级: 130
石头: 4062
呼符: 301
体力: 30.14666666666666 / 138
友情点: 0 / 395105`
_2024-06-23 04:30:54_
--------
*2a125df20c41ca1c5327e85734630a8d*
`登陆天数: 31天 / 669天
等级: 130
石头: 4112
呼符: 57
体力: 30.120000000000005 / 138
友情点: 0 / 396120`
_2024-06-23 04:31:02_
--------
*55a79131010f008e6bf453988cda8b6a*
`登陆天数: 31天 / 668天
等级: 130
石头: 4069
呼符: 36
体力: 30.093333333333334 / 138
友情点: 0 / 394675`
_2024-06-23 04:31:11_
--------
*706546d5df7a84500dc171708636f616*
`登陆天数: 31天 / 669天
等级: 130
石头: 4084
呼符: 330
体力: 30.066666666666663 / 138
友情点: 0 / 393860`
_2024-06-23 04:31:19_
--------
*5fc7124488cc6d38a4de9a86c2f02342*
`登陆天数: 31天 / 668天
等级: 130
石头: 4084
呼符: 286
体力: 30.043333333333337 / 138
友情点: 0 / 394425`
_2024-06-23 04:31:28_
--------
*a5e17fa843264313a8b8d2a788a3839e*
`登陆天数: 31天 / 668天
等级: 130
石头: 4045
呼符: 146
体力: 30.013333333333335 / 138
友情点: 0 / 393620`
_2024-06-23 04:31:36_
--------
*9787b4dfd8aec76745025e2905dcce8a*
`登陆天数: 31天 / 668天
等级: 130
石头: 4073
呼符: 245
体力: 29.983333333333334 / 138
友情点: 0 / 394500`
_2024-06-23 04:31:45_
--------
*cdeb528c0ac3660bbab015eb1f03d07c*
`登陆天数: 31天 / 668天
等级: 130
石头: 4072
呼符: 74
体力: 29.959999999999994 / 138
友情点: 0 / 394480`
_2024-06-23 04:31:53_
--------
*bd78ab35f1570874e1c2aa5f8482cff9*
`登陆天数: 31天 / 668天
等级: 130
石头: 4090
呼符: 194
体力: 29.933333333333337 / 138
友情点: 0 / 393815`
_2024-06-23 04:32:02_
--------
*b452fd6bc2f3ab8f22fa8da2baa97615*
`登陆天数: 31天 / 668天
等级: 130
石头: 4071
呼符: 298
体力: 29.906666666666666 / 138
友情点: 0 / 398105`
_2024-06-23 04:32:10_
--------
*9eaa7633ff214f001d8e8f3e41073f36*
`登陆天数: 31天 / 668天
等级: 130
石头: 4088
呼符: 81
体力: 29.873333333333335 / 138
友情点: 0 / 394055`
_2024-06-23 04:32:19_
--------
*64e65f73cf6ec161725307a973709254*
`登陆天数: 31天 / 669天
等级: 130
石头: 4089
呼符: 163
体力: 29.843333333333334 / 138
友情点: 0 / 394010`
_2024-06-23 04:32:26_
--------
*720b78f59000a78cead3712b31b41c85*
`登陆天数: 31天 / 669天
等级: 130
石头: 4091
呼符: 328
体力: 29.813333333333333 / 138
友情点: 0 / 394870`
_2024-06-23 04:32:35_
--------
*9a3c67d2523e201ef6efa57c6b5bf440*
`登陆天数: 31天 / 668天
等级: 130
石头: 4063
呼符: 197
体力: 29.78666666666666 / 138
友情点: 0 / 395220`
_2024-06-23 04:32:42_
--------
*7feaf061bca39d4ec2e9817d5e50bc1a*
`登陆天数: 31天 / 669天
等级: 130
石头: 4075
呼符: 247
体力: 29.75666666666666 / 138
友情点: 0 / 394845`
_2024-06-23 04:32:50_
--------
*57f4f1e2d55c21fb2d13b9675edf4af7*
`登陆天数: 31天 / 669天
等级: 130
石头: 4115
呼符: 253
体力: 29.726666666666674 / 138
友情点: 0 / 394775`
_2024-06-23 04:32:58_
--------
*c0fe0f900e2538ff177f96e576d97dae*
`登陆天数: 31天 / 669天
等级: 130
石头: 4089
呼符: 37
体力: 29.696666666666673 / 138
友情点: 0 / 396760`
_2024-06-23 04:33:06_
--------
*020180bc4f156afcdce866ce9cedcca6*
`登陆天数: 31天 / 668天
等级: 130
石头: 4073
呼符: 295
体力: 29.67 / 138
友情点: 0 / 396845`
_2024-06-23 04:33:15_
--------
*c418d4fc03fce1dd86b9c4045bfbe30a*
`登陆天数: 31天 / 668天
等级: 130
石头: 4078
呼符: 218
体力: 29.64 / 138
友情点: 0 / 396150`
_2024-06-23 04:33:23_
--------
*866bedda492d6733dc8e9bbedf64abaa*
`登陆天数: 31天 / 668天
等级: 130
石头: 4082
呼符: 334
体力: 29.61333333333333 / 138
友情点: 0 / 396685`
_2024-06-23 04:33:30_
--------
*07ffdac9b3c29adb0713934d30f84fa2*
`登陆天数: 31天 / 669天
等级: 130
石头: 4075
呼符: 247
体力: 29.586666666666673 / 138
友情点: 0 / 396440`
_2024-06-23 04:33:38_
--------
*55a115a2b7bad87a9a59815065a058b6*
`登陆天数: 31天 / 668天
等级: 130
石头: 4096
呼符: 329
体力: 29.556666666666672 / 138
友情点: 0 / 395740`
_2024-06-23 04:33:46_
--------
*2ef3d5dafd84d3243c0a5fbb327f134f*
`登陆天数: 31天 / 669天
等级: 130
石头: 4081
呼符: 315
体力: 29.53 / 138
友情点: 0 / 396945`
_2024-06-23 04:33:54_
--------
*20b17e5b321671e80175c2f1b14263e8*
`登陆天数: 31天 / 668天
等级: 130
石头: 4081
呼符: 216
体力: 29.50333333333333 / 138
友情点: 0 / 396985`
_2024-06-23 04:34:02_
--------
*c6cdfad9f74637a5fa7984a5c10ba453*
`登陆天数: 31天 / 668天
等级: 130
石头: 4079
呼符: 197
体力: 29.47333333333333 / 138
友情点: 0 / 396445`
_2024-06-23 04:34:11_
--------
*5ee9b6cb4dad6d3e2abbfcfb9f329e4d*
`登陆天数: 31天 / 668天
等级: 130
石头: 4076
呼符: 156
体力: 29.450000000000003 / 138
友情点: 0 / 397770`
_2024-06-23 04:34:19_
--------
*1319913a2715297058302bd3d3a0a36e*
`登陆天数: 31天 / 669天
等级: 130
石头: 4084
呼符: 320
体力: 29.42 / 138
友情点: 0 / 397355`
_2024-06-23 04:34:27_
--------
*f48471cf27ea6e65bc1440b2909b3940*
`登陆天数: 31天 / 669天
等级: 130
石头: 4080
呼符: 245
体力: 29.39333333333333 / 138
友情点: 0 / 396855`
_2024-06-23 04:34:35_
--------
*b2424f676ee1ec9f88f81b0d4698987e*
`登陆天数: 31天 / 668天
等级: 130
石头: 4092
呼符: 296
体力: 29.36666666666666 / 138
友情点: 0 / 396925`
_2024-06-23 04:34:43_
--------
*1d8b59cba0e3f72ff517c89f032c2599*
`登陆天数: 31天 / 668天
等级: 130
石头: 4088
呼符: 314
体力: 29.340000000000003 / 138
友情点: 0 / 396680`
_2024-06-23 04:34:51_
--------
*8ee0cbaadc815c1912c61e71286549b1*
`登陆天数: 31天 / 668天
等级: 130
石头: 4083
呼符: 246
体力: 29.306666666666672 / 138
友情点: 0 / 395875`
_2024-06-23 04:34:59_
--------
*218468cf4ad512dce281cb19f43cb30e*
`登陆天数: 31天 / 669天
等级: 130
石头: 4085
呼符: 324
体力: 29.28 / 138
友情点: 0 / 395890`
_2024-06-23 04:35:07_
--------
*0fbd7be41a76c85cd8daa691dafb8ffe*
`登陆天数: 31天 / 669天
等级: 130
石头: 4099
呼符: 310
体力: 29.25 / 138
友情点: 0 / 395965`
_2024-06-23 04:35:16_
--------
*196168efcabd7d425b0032d3621c483a*
`登陆天数: 31天 / 669天
等级: 130
石头: 4072
呼符: 254
体力: 29.22 / 138
友情点: 0 / 396590`
_2024-06-23 04:35:24_
--------
*620116c5f38dcbbc4ed175e39aeef43c*
`登陆天数: 31天 / 668天
等级: 130
石头: 4075
呼符: 294
体力: 29.189999999999998 / 138
友情点: 0 / 399175`
_2024-06-23 04:35:32_
--------
*7e0869077ab753a7d90d8db403886c6d*
`登陆天数: 31天 / 668天
等级: 130
石头: 4088
呼符: 320
体力: 29.163333333333327 / 138
友情点: 0 / 396650`
_2024-06-23 04:35:40_
--------
*6b6792983ff80039bfb163e41b784518*
`登陆天数: 31天 / 669天
等级: 130
石头: 4090
呼符: 326
体力: 29.13333333333334 / 138
友情点: 0 / 396225`
_2024-06-23 04:35:48_
--------
*dda03e285c2ed456c4c492938bd0d83f*
`登陆天数: 31天 / 669天
等级: 130
石头: 4087
呼符: 287
体力: 29.10666666666667 / 138
友情点: 0 / 396930`
_2024-06-23 04:35:56_
--------
*4c9a004c9bdbf2ee9ad04026a9bcc3d6*
`登陆天数: 31天 / 668天
等级: 130
石头: 4074
呼符: 207
体力: 29.08 / 138
友情点: 0 / 397100`
_2024-06-23 04:36:04_
--------
*ee36ae671b666512a8544f725126a5ac*
`登陆天数: 31天 / 669天
等级: 130
石头: 4076
呼符: 295
体力: 29.053333333333327 / 138
友情点: 0 / 397115`
_2024-06-23 04:36:12_
--------
*597be7b75507cf3e3433c293361004f2*
`登陆天数: 31天 / 669天
等级: 130
石头: 4089
呼符: 331
体力: 29.023333333333326 / 138
友情点: 0 / 398610`
_2024-06-23 04:36:20_
--------
*5271da64f42e94fc23a26a910897f402*
`登陆天数: 31天 / 669天
等级: 130
石头: 4062
呼符: 187
体力: 28.99666666666667 / 138
友情点: 0 / 396775`
_2024-06-23 04:36:28_
--------
*be952791e6e13d90ddf937ab63b67cf9*
`登陆天数: 31天 / 669天
等级: 130
石头: 4090
呼符: 188
体力: 27.74333333333334 / 138
友情点: 0 / 398920`
_2024-06-23 04:36:36_
--------
*80570526c900c3d2eb096db85111bd37*
`登陆天数: 31天 / 668天
等级: 130
石头: 4025
呼符: 177
体力: 20789.61 / 138
友情点: 0 / 470090`
_2024-06-23 04:36:44_
--------
