【登录信息】
*a2d701ff4c15c728056da94e68b57ae2*
`登陆天数: 32天 / 670天
等级: 130
石头: 4071
呼符: 328
体力: 30.263333333333335 / 138
友情点: 0 / 388890`
_2024-06-24 04:31:07_
--------
*7e3e7ebfc87bdadea779e92bbd045bb8*
`登陆天数: 32天 / 669天
等级: 130
石头: 4091
呼符: 288
体力: 30.226666666666674 / 138
友情点: 0 / 388405`
_2024-06-24 04:31:15_
--------
*0658c25534437f1fc9df9cb3dfda5815*
`登陆天数: 32天 / 669天
等级: 130
石头: 4076
呼符: 218
体力: 30.196666666666673 / 138
友情点: 0 / 391240`
_2024-06-24 04:31:23_
--------
*218bfc5b271887ecf209413962b4e176*
`登陆天数: 32天 / 669天
等级: 130
石头: 4105
呼符: 277
体力: 30.159999999999997 / 138
友情点: 0 / 387655`
_2024-06-24 04:31:30_
--------
*1bab0a0da912df3c49088a4dc2a462db*
`登陆天数: 32天 / 669天
等级: 130
石头: 4072
呼符: 239
体力: 30.129999999999995 / 138
友情点: 0 / 390495`
_2024-06-24 04:31:38_
--------
*685c23a6c3b691ee6f77d3f2dc64af10*
`登陆天数: 32天 / 669天
等级: 130
石头: 4062
呼符: 315
体力: 30.099999999999994 / 138
友情点: 0 / 389715`
_2024-06-24 04:31:46_
--------
*aad16ccf1ba788801ca4e755bcedd529*
`登陆天数: 32天 / 669天
等级: 130
石头: 4063
呼符: 301
体力: 30.066666666666663 / 138
友情点: 0 / 389105`
_2024-06-24 04:31:54_
--------
*2a125df20c41ca1c5327e85734630a8d*
`登陆天数: 32天 / 670天
等级: 130
石头: 4113
呼符: 57
体力: 30.03666666666666 / 138
友情点: 0 / 390120`
_2024-06-24 04:32:02_
--------
*55a79131010f008e6bf453988cda8b6a*
`登陆天数: 32天 / 669天
等级: 130
石头: 4070
呼符: 36
体力: 30.013333333333335 / 138
友情点: 0 / 388675`
_2024-06-24 04:32:12_
--------
*706546d5df7a84500dc171708636f616*
`登陆天数: 32天 / 670天
等级: 130
石头: 4085
呼符: 330
体力: 29.980000000000004 / 138
友情点: 0 / 387860`
_2024-06-24 04:32:20_
--------
*5fc7124488cc6d38a4de9a86c2f02342*
`登陆天数: 32天 / 669天
等级: 130
石头: 4085
呼符: 286
体力: 29.950000000000003 / 138
友情点: 0 / 388425`
_2024-06-24 04:32:27_
--------
*a5e17fa843264313a8b8d2a788a3839e*
`登陆天数: 32天 / 669天
等级: 130
石头: 4046
呼符: 146
体力: 29.92 / 138
友情点: 0 / 387620`
_2024-06-24 04:32:36_
--------
*9787b4dfd8aec76745025e2905dcce8a*
`登陆天数: 32天 / 669天
等级: 130
石头: 4074
呼符: 245
体力: 29.89 / 138
友情点: 0 / 388500`
_2024-06-24 04:32:44_
--------
*cdeb528c0ac3660bbab015eb1f03d07c*
`登陆天数: 32天 / 669天
等级: 130
石头: 4073
呼符: 74
体力: 29.86 / 138
友情点: 0 / 388480`
_2024-06-24 04:32:52_
--------
*bd78ab35f1570874e1c2aa5f8482cff9*
`登陆天数: 32天 / 669天
等级: 130
石头: 4091
呼符: 194
体力: 29.83 / 138
友情点: 0 / 387815`
_2024-06-24 04:33:00_
--------
*b452fd6bc2f3ab8f22fa8da2baa97615*
`登陆天数: 32天 / 669天
等级: 130
石头: 4072
呼符: 298
体力: 29.799999999999997 / 138
友情点: 0 / 392105`
_2024-06-24 04:33:08_
--------
*9eaa7633ff214f001d8e8f3e41073f36*
`登陆天数: 32天 / 669天
等级: 130
石头: 4089
呼符: 81
体力: 29.766666666666666 / 138
友情点: 0 / 388055`
_2024-06-24 04:33:16_
--------
*64e65f73cf6ec161725307a973709254*
`登陆天数: 32天 / 670天
等级: 130
石头: 4090
呼符: 163
体力: 29.739999999999995 / 138
友情点: 0 / 388010`
_2024-06-24 04:33:24_
--------
*720b78f59000a78cead3712b31b41c85*
`登陆天数: 32天 / 670天
等级: 130
石头: 4092
呼符: 328
体力: 29.709999999999994 / 138
友情点: 0 / 388870`
_2024-06-24 04:33:32_
--------
*9a3c67d2523e201ef6efa57c6b5bf440*
`登陆天数: 32天 / 669天
等级: 130
石头: 4064
呼符: 197
体力: 29.680000000000007 / 138
友情点: 0 / 389220`
_2024-06-24 04:33:40_
--------
*7feaf061bca39d4ec2e9817d5e50bc1a*
`登陆天数: 32天 / 670天
等级: 130
石头: 4076
呼符: 247
体力: 29.650000000000006 / 138
友情点: 0 / 388845`
_2024-06-24 04:33:49_
--------
*57f4f1e2d55c21fb2d13b9675edf4af7*
`登陆天数: 32天 / 670天
等级: 130
石头: 4116
呼符: 253
体力: 29.620000000000005 / 138
友情点: 0 / 388775`
_2024-06-24 04:33:57_
--------
*c0fe0f900e2538ff177f96e576d97dae*
`登陆天数: 32天 / 670天
等级: 130
石头: 4090
呼符: 37
体力: 29.590000000000003 / 138
友情点: 0 / 390760`
_2024-06-24 04:34:05_
--------
*020180bc4f156afcdce866ce9cedcca6*
`登陆天数: 32天 / 669天
等级: 130
石头: 4074
呼符: 295
体力: 29.560000000000002 / 138
友情点: 0 / 390845`
_2024-06-24 04:34:13_
--------
*c418d4fc03fce1dd86b9c4045bfbe30a*
`登陆天数: 32天 / 669天
等级: 130
石头: 4079
呼符: 218
体力: 29.53333333333333 / 138
友情点: 0 / 390150`
_2024-06-24 04:34:21_
--------
*866bedda492d6733dc8e9bbedf64abaa*
`登陆天数: 32天 / 669天
等级: 130
石头: 4083
呼符: 334
体力: 29.50666666666666 / 138
友情点: 0 / 390685`
_2024-06-24 04:34:29_
--------
*07ffdac9b3c29adb0713934d30f84fa2*
`登陆天数: 32天 / 670天
等级: 130
石头: 4076
呼符: 247
体力: 29.476666666666674 / 138
友情点: 0 / 390440`
_2024-06-24 04:34:37_
--------
*55a115a2b7bad87a9a59815065a058b6*
`登陆天数: 32天 / 669天
等级: 130
石头: 4097
呼符: 329
体力: 29.446666666666673 / 138
友情点: 0 / 389740`
_2024-06-24 04:34:45_
--------
*2ef3d5dafd84d3243c0a5fbb327f134f*
`登陆天数: 32天 / 670天
等级: 130
石头: 4082
呼符: 315
体力: 29.413333333333327 / 138
友情点: 0 / 390945`
_2024-06-24 04:34:52_
--------
*20b17e5b321671e80175c2f1b14263e8*
`登陆天数: 32天 / 669天
等级: 130
石头: 4082
呼符: 216
体力: 29.38333333333334 / 138
友情点: 0 / 390985`
_2024-06-24 04:35:01_
--------
*c6cdfad9f74637a5fa7984a5c10ba453*
`登陆天数: 32天 / 669天
等级: 130
石头: 4080
呼符: 197
体力: 29.35333333333334 / 138
友情点: 0 / 390445`
_2024-06-24 04:35:09_
--------
*5ee9b6cb4dad6d3e2abbfcfb9f329e4d*
`登陆天数: 32天 / 669天
等级: 130
石头: 4077
呼符: 156
体力: 29.326666666666668 / 138
友情点: 0 / 391770`
_2024-06-24 04:35:17_
--------
*1319913a2715297058302bd3d3a0a36e*
`登陆天数: 32天 / 670天
等级: 130
石头: 4085
呼符: 320
体力: 29.299999999999997 / 138
友情点: 0 / 391355`
_2024-06-24 04:35:25_
--------
*f48471cf27ea6e65bc1440b2909b3940*
`登陆天数: 32天 / 670天
等级: 130
石头: 4081
呼符: 245
体力: 29.269999999999996 / 138
友情点: 0 / 390855`
_2024-06-24 04:35:33_
--------
*b2424f676ee1ec9f88f81b0d4698987e*
`登陆天数: 32天 / 669天
等级: 130
石头: 4093
呼符: 296
体力: 29.239999999999995 / 138
友情点: 0 / 390925`
_2024-06-24 04:35:41_
--------
*1d8b59cba0e3f72ff517c89f032c2599*
`登陆天数: 32天 / 669天
等级: 130
石头: 4089
呼符: 314
体力: 29.209999999999994 / 138
友情点: 0 / 390680`
_2024-06-24 04:35:49_
--------
*8ee0cbaadc815c1912c61e71286549b1*
`登陆天数: 32天 / 669天
等级: 130
石头: 4084
呼符: 246
体力: 29.183333333333337 / 138
友情点: 0 / 389875`
_2024-06-24 04:35:57_
--------
*218468cf4ad512dce281cb19f43cb30e*
`登陆天数: 32天 / 670天
等级: 130
石头: 4086
呼符: 324
体力: 29.153333333333336 / 138
友情点: 0 / 389890`
_2024-06-24 04:36:05_
--------
*0fbd7be41a76c85cd8daa691dafb8ffe*
`登陆天数: 32天 / 670天
等级: 130
石头: 4100
呼符: 310
体力: 29.123333333333335 / 138
友情点: 0 / 389965`
_2024-06-24 04:36:13_
--------
*196168efcabd7d425b0032d3621c483a*
`登陆天数: 32天 / 670天
等级: 130
石头: 4073
呼符: 254
体力: 29.093333333333334 / 138
友情点: 0 / 390590`
_2024-06-24 04:36:21_
--------
*620116c5f38dcbbc4ed175e39aeef43c*
`登陆天数: 32天 / 669天
等级: 130
石头: 4076
呼符: 294
体力: 29.063333333333333 / 138
友情点: 0 / 393175`
_2024-06-24 04:36:29_
--------
*7e0869077ab753a7d90d8db403886c6d*
`登陆天数: 32天 / 669天
等级: 130
石头: 4089
呼符: 320
体力: 29.03333333333333 / 138
友情点: 0 / 390650`
_2024-06-24 04:36:37_
--------
*6b6792983ff80039bfb163e41b784518*
`登陆天数: 32天 / 670天
等级: 130
石头: 4091
呼符: 326
体力: 29.00666666666666 / 138
友情点: 0 / 390225`
_2024-06-24 04:36:45_
--------
*dda03e285c2ed456c4c492938bd0d83f*
`登陆天数: 32天 / 670天
等级: 130
石头: 4088
呼符: 287
体力: 28.976666666666674 / 138
友情点: 0 / 390930`
_2024-06-24 04:36:53_
--------
*4c9a004c9bdbf2ee9ad04026a9bcc3d6*
`登陆天数: 32天 / 669天
等级: 130
石头: 4075
呼符: 207
体力: 28.950000000000003 / 138
友情点: 0 / 391100`
_2024-06-24 04:37:01_
--------
*ee36ae671b666512a8544f725126a5ac*
`登陆天数: 32天 / 670天
等级: 130
石头: 4077
呼符: 295
体力: 28.92 / 138
友情点: 0 / 391115`
_2024-06-24 04:37:10_
--------
*597be7b75507cf3e3433c293361004f2*
`登陆天数: 32天 / 670天
等级: 130
石头: 4090
呼符: 331
体力: 28.89333333333333 / 138
友情点: 0 / 392610`
_2024-06-24 04:37:18_
--------
*5271da64f42e94fc23a26a910897f402*
`登陆天数: 32天 / 670天
等级: 130
石头: 4063
呼符: 187
体力: 28.86333333333333 / 138
友情点: 0 / 390775`
_2024-06-24 04:37:26_
--------
*be952791e6e13d90ddf937ab63b67cf9*
`登陆天数: 32天 / 670天
等级: 130
石头: 4091
呼符: 188
体力: 28.836666666666673 / 138
友情点: 0 / 392920`
_2024-06-24 04:37:34_
--------
*80570526c900c3d2eb096db85111bd37*
`登陆天数: 32天 / 669天
等级: 130
石头: 4025
呼符: 177
体力: 21077.803333333333 / 138
友情点: 0 / 470090`
_2024-06-24 04:37:42_
--------
