【登录信息】
*a2d701ff4c15c728056da94e68b57ae2*
`登陆天数: 33天 / 671天
等级: 130
石头: 4071
呼符: 329
体力: 30.206666666666663 / 138
友情点: 0 / 382890`
_2024-06-25 04:31:15_
--------
*7e3e7ebfc87bdadea779e92bbd045bb8*
`登陆天数: 33天 / 670天
等级: 130
石头: 4091
呼符: 289
体力: 30.176666666666662 / 138
友情点: 0 / 382405`
_2024-06-25 04:31:22_
--------
*0658c25534437f1fc9df9cb3dfda5815*
`登陆天数: 33天 / 670天
等级: 130
石头: 4076
呼符: 219
体力: 30.153333333333336 / 138
友情点: 0 / 385240`
_2024-06-25 04:31:30_
--------
*218bfc5b271887ecf209413962b4e176*
`登陆天数: 33天 / 670天
等级: 130
石头: 4105
呼符: 278
体力: 30.123333333333335 / 138
友情点: 0 / 381655`
_2024-06-25 04:31:38_
--------
*1bab0a0da912df3c49088a4dc2a462db*
`登陆天数: 33天 / 670天
等级: 130
石头: 4072
呼符: 240
体力: 30.093333333333334 / 138
友情点: 0 / 384495`
_2024-06-25 04:31:46_
--------
*685c23a6c3b691ee6f77d3f2dc64af10*
`登陆天数: 33天 / 670天
等级: 130
石头: 4062
呼符: 316
体力: 30.066666666666663 / 138
友情点: 0 / 383715`
_2024-06-25 04:31:53_
--------
*aad16ccf1ba788801ca4e755bcedd529*
`登陆天数: 33天 / 670天
等级: 130
石头: 4063
呼符: 302
体力: 30.040000000000006 / 138
友情点: 0 / 383105`
_2024-06-25 04:32:01_
--------
*2a125df20c41ca1c5327e85734630a8d*
`登陆天数: 33天 / 671天
等级: 130
石头: 4113
呼符: 58
体力: 30.010000000000005 / 138
友情点: 0 / 386120`
_2024-06-25 04:32:09_
--------
*55a79131010f008e6bf453988cda8b6a*
`登陆天数: 33天 / 670天
等级: 130
石头: 4070
呼符: 37
体力: 29.980000000000004 / 138
友情点: 0 / 382675`
_2024-06-25 04:32:17_
--------
*706546d5df7a84500dc171708636f616*
`登陆天数: 33天 / 671天
等级: 130
石头: 4085
呼符: 331
体力: 29.953333333333333 / 138
友情点: 0 / 381860`
_2024-06-25 04:32:25_
--------
*5fc7124488cc6d38a4de9a86c2f02342*
`登陆天数: 33天 / 670天
等级: 130
石头: 4085
呼符: 287
体力: 29.926666666666662 / 138
友情点: 0 / 382425`
_2024-06-25 04:32:32_
--------
*a5e17fa843264313a8b8d2a788a3839e*
`登陆天数: 33天 / 670天
等级: 130
石头: 4046
呼符: 147
体力: 29.900000000000006 / 138
友情点: 0 / 381620`
_2024-06-25 04:32:40_
--------
*9787b4dfd8aec76745025e2905dcce8a*
`登陆天数: 33天 / 670天
等级: 130
石头: 4074
呼符: 246
体力: 29.870000000000005 / 138
友情点: 0 / 382500`
_2024-06-25 04:32:48_
--------
*cdeb528c0ac3660bbab015eb1f03d07c*
`登陆天数: 33天 / 670天
等级: 130
石头: 4073
呼符: 75
体力: 29.840000000000003 / 138
友情点: 0 / 382480`
_2024-06-25 04:32:55_
--------
*bd78ab35f1570874e1c2aa5f8482cff9*
`登陆天数: 33天 / 670天
等级: 130
石头: 4091
呼符: 195
体力: 29.813333333333333 / 138
友情点: 0 / 381815`
_2024-06-25 04:33:03_
--------
*b452fd6bc2f3ab8f22fa8da2baa97615*
`登陆天数: 33天 / 670天
等级: 130
石头: 4072
呼符: 299
体力: 29.78333333333333 / 138
友情点: 0 / 386105`
_2024-06-25 04:33:11_
--------
*9eaa7633ff214f001d8e8f3e41073f36*
`登陆天数: 33天 / 670天
等级: 130
石头: 4089
呼符: 82
体力: 29.75333333333333 / 138
友情点: 0 / 382055`
_2024-06-25 04:33:19_
--------
*64e65f73cf6ec161725307a973709254*
`登陆天数: 33天 / 671天
等级: 130
石头: 4090
呼符: 164
体力: 29.726666666666674 / 138
友情点: 0 / 382010`
_2024-06-25 04:33:27_
--------
*720b78f59000a78cead3712b31b41c85*
`登陆天数: 33天 / 671天
等级: 130
石头: 4092
呼符: 329
体力: 29.700000000000003 / 138
友情点: 0 / 382870`
_2024-06-25 04:33:34_
--------
*9a3c67d2523e201ef6efa57c6b5bf440*
`登陆天数: 33天 / 670天
等级: 130
石头: 4064
呼符: 198
体力: 29.67 / 138
友情点: 0 / 383220`
_2024-06-25 04:33:42_
--------
*7feaf061bca39d4ec2e9817d5e50bc1a*
`登陆天数: 33天 / 671天
等级: 130
石头: 4076
呼符: 248
体力: 29.64 / 138
友情点: 0 / 382845`
_2024-06-25 04:33:49_
--------
*57f4f1e2d55c21fb2d13b9675edf4af7*
`登陆天数: 33天 / 671天
等级: 130
石头: 4116
呼符: 254
体力: 29.61 / 138
友情点: 0 / 382775`
_2024-06-25 04:33:57_
--------
*c0fe0f900e2538ff177f96e576d97dae*
`登陆天数: 33天 / 671天
等级: 130
石头: 4090
呼符: 38
体力: 29.58 / 138
友情点: 0 / 390760`
_2024-06-25 04:34:04_
--------
*020180bc4f156afcdce866ce9cedcca6*
`登陆天数: 33天 / 670天
等级: 130
石头: 4074
呼符: 296
体力: 29.553333333333327 / 138
友情点: 0 / 384845`
_2024-06-25 04:34:12_
--------
*c418d4fc03fce1dd86b9c4045bfbe30a*
`登陆天数: 33天 / 670天
等级: 130
石头: 4079
呼符: 219
体力: 29.52666666666667 / 138
友情点: 0 / 384150`
_2024-06-25 04:34:20_
--------
*866bedda492d6733dc8e9bbedf64abaa*
`登陆天数: 33天 / 670天
等级: 130
石头: 4083
呼符: 335
体力: 29.5 / 138
友情点: 0 / 384685`
_2024-06-25 04:34:27_
--------
*07ffdac9b3c29adb0713934d30f84fa2*
`登陆天数: 33天 / 671天
等级: 130
石头: 4076
呼符: 248
体力: 29.47 / 138
友情点: 0 / 384440`
_2024-06-25 04:34:35_
--------
*55a115a2b7bad87a9a59815065a058b6*
`登陆天数: 33天 / 670天
等级: 130
石头: 4097
呼符: 330
体力: 29.439999999999998 / 138
友情点: 0 / 383740`
_2024-06-25 04:34:43_
--------
*2ef3d5dafd84d3243c0a5fbb327f134f*
`登陆天数: 33天 / 671天
等级: 130
石头: 4082
呼符: 316
体力: 29.413333333333327 / 138
友情点: 0 / 384945`
_2024-06-25 04:34:50_
--------
*20b17e5b321671e80175c2f1b14263e8*
`登陆天数: 33天 / 670天
等级: 130
石头: 4082
呼符: 217
体力: 29.38666666666667 / 138
友情点: 0 / 384985`
_2024-06-25 04:34:58_
--------
*c6cdfad9f74637a5fa7984a5c10ba453*
`登陆天数: 33天 / 670天
等级: 130
石头: 4080
呼符: 198
体力: 29.35666666666667 / 138
友情点: 0 / 384445`
_2024-06-25 04:35:06_
--------
*5ee9b6cb4dad6d3e2abbfcfb9f329e4d*
`登陆天数: 33天 / 670天
等级: 130
石头: 4077
呼符: 157
体力: 29.33 / 138
友情点: 0 / 385770`
_2024-06-25 04:35:14_
--------
*1319913a2715297058302bd3d3a0a36e*
`登陆天数: 33天 / 671天
等级: 130
石头: 4085
呼符: 321
体力: 29.303333333333327 / 138
友情点: 0 / 385355`
_2024-06-25 04:35:22_
--------
*f48471cf27ea6e65bc1440b2909b3940*
`登陆天数: 33天 / 671天
等级: 130
石头: 4081
呼符: 246
体力: 29.27666666666667 / 138
友情点: 0 / 384855`
_2024-06-25 04:35:30_
--------
*b2424f676ee1ec9f88f81b0d4698987e*
`登陆天数: 33天 / 670天
等级: 130
石头: 4093
呼符: 297
体力: 29.25 / 138
友情点: 0 / 384925`
_2024-06-25 04:35:38_
--------
*1d8b59cba0e3f72ff517c89f032c2599*
`登陆天数: 33天 / 670天
等级: 130
石头: 4089
呼符: 315
体力: 29.22 / 138
友情点: 0 / 384680`
_2024-06-25 04:35:45_
--------
*8ee0cbaadc815c1912c61e71286549b1*
`登陆天数: 33天 / 670天
等级: 130
石头: 4084
呼符: 247
体力: 29.189999999999998 / 138
友情点: 0 / 383875`
_2024-06-25 04:35:53_
--------
*218468cf4ad512dce281cb19f43cb30e*
`登陆天数: 33天 / 671天
等级: 130
石头: 4086
呼符: 325
体力: 29.16666666666667 / 138
友情点: 0 / 383890`
_2024-06-25 04:36:00_
--------
*0fbd7be41a76c85cd8daa691dafb8ffe*
`登陆天数: 33天 / 671天
等级: 130
石头: 4100
呼符: 311
体力: 29.13333333333334 / 138
友情点: 0 / 383965`
_2024-06-25 04:36:08_
--------
*196168efcabd7d425b0032d3621c483a*
`登陆天数: 33天 / 671天
等级: 130
石头: 4073
呼符: 255
体力: 29.10666666666667 / 138
友情点: 0 / 384590`
_2024-06-25 04:36:16_
--------
*620116c5f38dcbbc4ed175e39aeef43c*
`登陆天数: 33天 / 670天
等级: 130
石头: 4076
呼符: 295
体力: 29.08 / 138
友情点: 0 / 387175`
_2024-06-25 04:36:24_
--------
*7e0869077ab753a7d90d8db403886c6d*
`登陆天数: 33天 / 670天
等级: 130
石头: 4089
呼符: 321
体力: 29.053333333333327 / 138
友情点: 0 / 384650`
_2024-06-25 04:36:31_
--------
*6b6792983ff80039bfb163e41b784518*
`登陆天数: 33天 / 671天
等级: 130
石头: 4091
呼符: 327
体力: 29.02666666666667 / 138
友情点: 0 / 384225`
_2024-06-25 04:36:39_
--------
*dda03e285c2ed456c4c492938bd0d83f*
`登陆天数: 33天 / 671天
等级: 130
石头: 4088
呼符: 288
体力: 28.99666666666667 / 138
友情点: 0 / 384930`
_2024-06-25 04:36:47_
--------
*4c9a004c9bdbf2ee9ad04026a9bcc3d6*
`登陆天数: 33天 / 670天
等级: 130
石头: 4075
呼符: 208
体力: 28.97 / 138
友情点: 0 / 385100`
_2024-06-25 04:36:55_
--------
*ee36ae671b666512a8544f725126a5ac*
`登陆天数: 33天 / 671天
等级: 130
石头: 4077
呼符: 296
体力: 28.943333333333328 / 138
友情点: 0 / 385115`
_2024-06-25 04:37:02_
--------
*597be7b75507cf3e3433c293361004f2*
`登陆天数: 33天 / 671天
等级: 130
石头: 4090
呼符: 332
体力: 28.913333333333327 / 138
友情点: 0 / 386610`
_2024-06-25 04:37:10_
--------
*5271da64f42e94fc23a26a910897f402*
`登陆天数: 33天 / 671天
等级: 130
石头: 4063
呼符: 188
体力: 28.88666666666667 / 138
友情点: 0 / 384775`
_2024-06-25 04:37:17_
--------
*be952791e6e13d90ddf937ab63b67cf9*
`登陆天数: 33天 / 671天
等级: 130
石头: 4091
呼符: 189
体力: 28.86 / 138
友情点: 0 / 386920`
_2024-06-25 04:37:25_
--------
*80570526c900c3d2eb096db85111bd37*
`登陆天数: 33天 / 670天
等级: 130
石头: 4025
呼符: 177
体力: 21365.77 / 138
友情点: 0 / 470090`
_2024-06-25 04:37:33_
--------
