【登录信息】
*a2d701ff4c15c728056da94e68b57ae2*
`登陆天数: 34天 / 672天
等级: 130
石头: 4074
呼符: 329
体力: 30.293333333333337 / 138
友情点: 0 / 376890`
_2024-06-26 04:32:29_
--------
*7e3e7ebfc87bdadea779e92bbd045bb8*
`登陆天数: 34天 / 671天
等级: 130
石头: 4094
呼符: 289
体力: 30.260000000000005 / 138
友情点: 0 / 376405`
_2024-06-26 04:32:37_
--------
*0658c25534437f1fc9df9cb3dfda5815*
`登陆天数: 34天 / 671天
等级: 130
石头: 4079
呼符: 219
体力: 30.230000000000004 / 138
友情点: 0 / 379240`
_2024-06-26 04:32:45_
--------
*218bfc5b271887ecf209413962b4e176*
`登陆天数: 34天 / 671天
等级: 130
石头: 4108
呼符: 278
体力: 30.196666666666673 / 138
友情点: 0 / 375655`
_2024-06-26 04:32:53_
--------
*1bab0a0da912df3c49088a4dc2a462db*
`登陆天数: 34天 / 671天
等级: 130
石头: 4075
呼符: 240
体力: 30.16666666666667 / 138
友情点: 0 / 378495`
_2024-06-26 04:33:01_
--------
*685c23a6c3b691ee6f77d3f2dc64af10*
`登陆天数: 34天 / 671天
等级: 130
石头: 4065
呼符: 316
体力: 30.13666666666667 / 138
友情点: 0 / 377715`
_2024-06-26 04:33:08_
--------
*aad16ccf1ba788801ca4e755bcedd529*
`登陆天数: 34天 / 671天
等级: 130
石头: 4066
呼符: 302
体力: 30.10333333333334 / 138
友情点: 0 / 377105`
_2024-06-26 04:33:16_
--------
*2a125df20c41ca1c5327e85734630a8d*
`登陆天数: 34天 / 672天
等级: 130
石头: 4116
呼符: 58
体力: 30.073333333333338 / 138
友情点: 0 / 386120`
_2024-06-26 04:33:24_
--------
*55a79131010f008e6bf453988cda8b6a*
`登陆天数: 34天 / 671天
等级: 130
石头: 4073
呼符: 37
体力: 30.046666666666667 / 138
友情点: 0 / 378675`
_2024-06-26 04:33:32_
--------
*706546d5df7a84500dc171708636f616*
`登陆天数: 34天 / 672天
等级: 130
石头: 4088
呼符: 331
体力: 30.019999999999996 / 138
友情点: 0 / 375860`
_2024-06-26 04:33:40_
--------
*5fc7124488cc6d38a4de9a86c2f02342*
`登陆天数: 34天 / 671天
等级: 130
石头: 4088
呼符: 287
体力: 29.986666666666665 / 138
友情点: 0 / 376425`
_2024-06-26 04:33:48_
--------
*a5e17fa843264313a8b8d2a788a3839e*
`登陆天数: 34天 / 671天
等级: 130
石头: 4049
呼符: 147
体力: 29.956666666666663 / 138
友情点: 0 / 375620`
_2024-06-26 04:33:56_
--------
*9787b4dfd8aec76745025e2905dcce8a*
`登陆天数: 34天 / 671天
等级: 130
石头: 4077
呼符: 246
体力: 29.926666666666662 / 138
友情点: 0 / 376500`
_2024-06-26 04:34:04_
--------
*cdeb528c0ac3660bbab015eb1f03d07c*
`登陆天数: 34天 / 671天
等级: 130
石头: 4076
呼符: 75
体力: 29.89666666666666 / 138
友情点: 0 / 382480`
_2024-06-26 04:34:11_
--------
*bd78ab35f1570874e1c2aa5f8482cff9*
`登陆天数: 34天 / 671天
等级: 130
石头: 4094
呼符: 195
体力: 29.86666666666666 / 138
友情点: 0 / 375815`
_2024-06-26 04:34:19_
--------
*b452fd6bc2f3ab8f22fa8da2baa97615*
`登陆天数: 34天 / 671天
等级: 130
石头: 4075
呼符: 299
体力: 29.836666666666673 / 138
友情点: 0 / 380105`
_2024-06-26 04:34:27_
--------
*9eaa7633ff214f001d8e8f3e41073f36*
`登陆天数: 34天 / 671天
等级: 130
石头: 4092
呼符: 82
体力: 29.806666666666672 / 138
友情点: 0 / 380055`
_2024-06-26 04:34:35_
--------
*64e65f73cf6ec161725307a973709254*
`登陆天数: 34天 / 672天
等级: 130
石头: 4093
呼符: 164
体力: 29.773333333333326 / 138
友情点: 0 / 376010`
_2024-06-26 04:34:43_
--------
*720b78f59000a78cead3712b31b41c85*
`登陆天数: 34天 / 672天
等级: 130
石头: 4095
呼符: 329
体力: 29.739999999999995 / 138
友情点: 0 / 376870`
_2024-06-26 04:34:51_
--------
*9a3c67d2523e201ef6efa57c6b5bf440*
`登陆天数: 34天 / 671天
等级: 130
石头: 4067
呼符: 198
体力: 29.71333333333334 / 138
友情点: 0 / 377220`
_2024-06-26 04:34:59_
--------
*7feaf061bca39d4ec2e9817d5e50bc1a*
`登陆天数: 34天 / 672天
等级: 130
石头: 4079
呼符: 248
体力: 29.683333333333337 / 138
友情点: 0 / 376845`
_2024-06-26 04:35:06_
--------
*57f4f1e2d55c21fb2d13b9675edf4af7*
`登陆天数: 34天 / 672天
等级: 130
石头: 4119
呼符: 254
体力: 29.650000000000006 / 138
友情点: 0 / 376775`
_2024-06-26 04:35:14_
--------
*c0fe0f900e2538ff177f96e576d97dae*
`登陆天数: 34天 / 672天
等级: 130
石头: 4093
呼符: 38
体力: 29.61666666666666 / 138
友情点: 0 / 390760`
_2024-06-26 04:35:22_
--------
*020180bc4f156afcdce866ce9cedcca6*
`登陆天数: 34天 / 671天
等级: 130
石头: 4077
呼符: 296
体力: 29.586666666666673 / 138
友情点: 0 / 378845`
_2024-06-26 04:35:30_
--------
*c418d4fc03fce1dd86b9c4045bfbe30a*
`登陆天数: 34天 / 671天
等级: 130
石头: 4082
呼符: 219
体力: 29.556666666666672 / 138
友情点: 0 / 378150`
_2024-06-26 04:35:38_
--------
*866bedda492d6733dc8e9bbedf64abaa*
`登陆天数: 34天 / 671天
等级: 130
石头: 4086
呼符: 335
体力: 29.523333333333326 / 138
友情点: 0 / 378685`
_2024-06-26 04:35:46_
--------
*07ffdac9b3c29adb0713934d30f84fa2*
`登陆天数: 34天 / 672天
等级: 130
石头: 4079
呼符: 248
体力: 29.49333333333334 / 138
友情点: 0 / 378440`
_2024-06-26 04:35:53_
--------
*55a115a2b7bad87a9a59815065a058b6*
`登陆天数: 34天 / 671天
等级: 130
石头: 4100
呼符: 330
体力: 29.46333333333334 / 138
友情点: 0 / 377740`
_2024-06-26 04:36:01_
--------
*2ef3d5dafd84d3243c0a5fbb327f134f*
`登陆天数: 34天 / 672天
等级: 130
石头: 4085
呼符: 316
体力: 29.430000000000007 / 138
友情点: 0 / 378945`
_2024-06-26 04:36:09_
--------
*20b17e5b321671e80175c2f1b14263e8*
`登陆天数: 34天 / 671天
等级: 130
石头: 4085
呼符: 217
体力: 29.400000000000006 / 138
友情点: 0 / 378985`
_2024-06-26 04:36:17_
--------
*c6cdfad9f74637a5fa7984a5c10ba453*
`登陆天数: 34天 / 671天
等级: 130
石头: 4083
呼符: 198
体力: 29.370000000000005 / 138
友情点: 0 / 378445`
_2024-06-26 04:36:25_
--------
*5ee9b6cb4dad6d3e2abbfcfb9f329e4d*
`登陆天数: 34天 / 671天
等级: 130
石头: 4080
呼符: 157
体力: 29.33333333333333 / 138
友情点: 0 / 379770`
_2024-06-26 04:36:33_
--------
*1319913a2715297058302bd3d3a0a36e*
`登陆天数: 34天 / 672天
等级: 130
石头: 4088
呼符: 321
体力: 29.303333333333327 / 138
友情点: 0 / 379355`
_2024-06-26 04:36:41_
--------
*f48471cf27ea6e65bc1440b2909b3940*
`登陆天数: 34天 / 672天
等级: 130
石头: 4084
呼符: 246
体力: 29.273333333333326 / 138
友情点: 0 / 378855`
_2024-06-26 04:36:49_
--------
*b2424f676ee1ec9f88f81b0d4698987e*
`登陆天数: 34天 / 671天
等级: 130
石头: 4096
呼符: 297
体力: 29.24333333333334 / 138
友情点: 0 / 378925`
_2024-06-26 04:36:57_
--------
*1d8b59cba0e3f72ff517c89f032c2599*
`登陆天数: 34天 / 671天
等级: 130
石头: 4092
呼符: 315
体力: 29.209999999999994 / 138
友情点: 0 / 378680`
_2024-06-26 04:37:04_
--------
*8ee0cbaadc815c1912c61e71286549b1*
`登陆天数: 34天 / 671天
等级: 130
石头: 4087
呼符: 247
体力: 29.180000000000007 / 138
友情点: 0 / 377875`
_2024-06-26 04:37:13_
--------
*218468cf4ad512dce281cb19f43cb30e*
`登陆天数: 34天 / 672天
等级: 130
石头: 4089
呼符: 325
体力: 29.150000000000006 / 138
友情点: 0 / 377890`
_2024-06-26 04:37:20_
--------
*0fbd7be41a76c85cd8daa691dafb8ffe*
`登陆天数: 34天 / 672天
等级: 130
石头: 4103
呼符: 311
体力: 29.120000000000005 / 138
友情点: 0 / 377965`
_2024-06-26 04:37:28_
--------
*196168efcabd7d425b0032d3621c483a*
`登陆天数: 34天 / 672天
等级: 130
石头: 4076
呼符: 255
体力: 29.090000000000003 / 138
友情点: 0 / 378590`
_2024-06-26 04:37:36_
--------
*620116c5f38dcbbc4ed175e39aeef43c*
`登陆天数: 34天 / 671天
等级: 130
石头: 4079
呼符: 295
体力: 29.056666666666672 / 138
友情点: 0 / 381175`
_2024-06-26 04:37:44_
--------
*7e0869077ab753a7d90d8db403886c6d*
`登陆天数: 34天 / 671天
等级: 130
石头: 4092
呼符: 321
体力: 29.02666666666667 / 138
友情点: 0 / 378650`
_2024-06-26 04:37:52_
--------
*6b6792983ff80039bfb163e41b784518*
`登陆天数: 34天 / 672天
等级: 130
石头: 4094
呼符: 327
体力: 28.99666666666667 / 138
友情点: 0 / 378225`
_2024-06-26 04:37:59_
--------
*dda03e285c2ed456c4c492938bd0d83f*
`登陆天数: 34天 / 672天
等级: 130
石头: 4091
呼符: 288
体力: 28.96666666666667 / 138
友情点: 0 / 378930`
_2024-06-26 04:38:07_
--------
*4c9a004c9bdbf2ee9ad04026a9bcc3d6*
`登陆天数: 34天 / 671天
等级: 130
石头: 4078
呼符: 208
体力: 28.939999999999998 / 138
友情点: 0 / 379100`
_2024-06-26 04:38:16_
--------
*ee36ae671b666512a8544f725126a5ac*
`登陆天数: 34天 / 672天
等级: 130
石头: 4080
呼符: 296
体力: 28.909999999999997 / 138
友情点: 0 / 379115`
_2024-06-26 04:38:23_
--------
*597be7b75507cf3e3433c293361004f2*
`登陆天数: 34天 / 672天
等级: 130
石头: 4093
呼符: 332
体力: 28.879999999999995 / 138
友情点: 0 / 380610`
_2024-06-26 04:38:31_
--------
*5271da64f42e94fc23a26a910897f402*
`登陆天数: 34天 / 672天
等级: 130
石头: 4066
呼符: 188
体力: 28.85333333333334 / 138
友情点: 0 / 378775`
_2024-06-26 04:38:39_
--------
*be952791e6e13d90ddf937ab63b67cf9*
`登陆天数: 34天 / 672天
等级: 130
石头: 4094
呼符: 189
体力: 28.823333333333338 / 138
友情点: 0 / 380920`
_2024-06-26 04:38:47_
--------
*80570526c900c3d2eb096db85111bd37*
`登陆天数: 34天 / 671天
等级: 130
石头: 4025
呼符: 177
体力: 21654.046666666665 / 138
友情点: 0 / 470090`
_2024-06-26 04:38:55_
--------
