【登录信息】
*a2d701ff4c15c728056da94e68b57ae2*
`登陆天数: 35天 / 673天
等级: 130
石头: 4074
呼符: 330
体力: 31.25333333333333 / 138
友情点: 0 / 370890`
_2024-06-27 04:36:01_
--------
*7e3e7ebfc87bdadea779e92bbd045bb8*
`登陆天数: 35天 / 672天
等级: 130
石头: 4094
呼符: 290
体力: 31.22 / 138
友情点: 0 / 370405`
_2024-06-27 04:36:09_
--------
*0658c25534437f1fc9df9cb3dfda5815*
`登陆天数: 35天 / 672天
等级: 130
石头: 4079
呼符: 220
体力: 31.193333333333328 / 138
友情点: 0 / 373240`
_2024-06-27 04:36:17_
--------
*218bfc5b271887ecf209413962b4e176*
`登陆天数: 35天 / 672天
等级: 130
石头: 4108
呼符: 279
体力: 31.163333333333327 / 138
友情点: 0 / 369655`
_2024-06-27 04:36:24_
--------
*1bab0a0da912df3c49088a4dc2a462db*
`登陆天数: 35天 / 672天
等级: 130
石头: 4075
呼符: 241
体力: 31.13333333333334 / 138
友情点: 0 / 372495`
_2024-06-27 04:36:32_
--------
*685c23a6c3b691ee6f77d3f2dc64af10*
`登陆天数: 35天 / 672天
等级: 130
石头: 4065
呼符: 317
体力: 31.099999999999994 / 138
友情点: 0 / 371715`
_2024-06-27 04:36:40_
--------
*aad16ccf1ba788801ca4e755bcedd529*
`登陆天数: 35天 / 672天
等级: 130
石头: 4066
呼符: 303
体力: 31.069999999999993 / 138
友情点: 0 / 371105`
_2024-06-27 04:36:48_
--------
*2a125df20c41ca1c5327e85734630a8d*
`登陆天数: 35天 / 673天
等级: 130
石头: 4116
呼符: 59
体力: 31.040000000000006 / 138
友情点: 0 / 386120`
_2024-06-27 04:36:55_
--------
*55a79131010f008e6bf453988cda8b6a*
`登陆天数: 35天 / 672天
等级: 130
石头: 4073
呼符: 38
体力: 31.013333333333335 / 138
友情点: 0 / 378675`
_2024-06-27 04:37:04_
--------
*706546d5df7a84500dc171708636f616*
`登陆天数: 35天 / 673天
等级: 130
石头: 4088
呼符: 332
体力: 30.983333333333334 / 138
友情点: 0 / 369860`
_2024-06-27 04:37:12_
--------
*5fc7124488cc6d38a4de9a86c2f02342*
`登陆天数: 35天 / 672天
等级: 130
石头: 4088
呼符: 288
体力: 30.953333333333333 / 138
友情点: 0 / 370425`
_2024-06-27 04:37:19_
--------
*a5e17fa843264313a8b8d2a788a3839e*
`登陆天数: 35天 / 672天
等级: 130
石头: 4049
呼符: 148
体力: 30.926666666666662 / 138
友情点: 0 / 371620`
_2024-06-27 04:37:27_
--------
*9787b4dfd8aec76745025e2905dcce8a*
`登陆天数: 35天 / 672天
等级: 130
石头: 4077
呼符: 247
体力: 30.89333333333333 / 138
友情点: 0 / 370500`
_2024-06-27 04:37:35_
--------
*cdeb528c0ac3660bbab015eb1f03d07c*
`登陆天数: 35天 / 672天
等级: 130
石头: 4076
呼符: 76
体力: 30.86 / 138
友情点: 0 / 382480`
_2024-06-27 04:37:43_
--------
*bd78ab35f1570874e1c2aa5f8482cff9*
`登陆天数: 35天 / 672天
等级: 130
石头: 4094
呼符: 196
体力: 30.83333333333333 / 138
友情点: 0 / 369815`
_2024-06-27 04:37:51_
--------
*b452fd6bc2f3ab8f22fa8da2baa97615*
`登陆天数: 35天 / 672天
等级: 130
石头: 4075
呼符: 300
体力: 30.806666666666672 / 138
友情点: 0 / 374105`
_2024-06-27 04:37:59_
--------
*9eaa7633ff214f001d8e8f3e41073f36*
`登陆天数: 35天 / 672天
等级: 130
石头: 4092
呼符: 83
体力: 30.773333333333326 / 138
友情点: 0 / 380055`
_2024-06-27 04:38:06_
--------
*64e65f73cf6ec161725307a973709254*
`登陆天数: 35天 / 673天
等级: 130
石头: 4093
呼符: 165
体力: 30.74666666666667 / 138
友情点: 0 / 370010`
_2024-06-27 04:38:14_
--------
*720b78f59000a78cead3712b31b41c85*
`登陆天数: 35天 / 673天
等级: 130
石头: 4095
呼符: 330
体力: 30.71333333333334 / 138
友情点: 0 / 370870`
_2024-06-27 04:38:22_
--------
*9a3c67d2523e201ef6efa57c6b5bf440*
`登陆天数: 35天 / 672天
等级: 130
石头: 4067
呼符: 199
体力: 30.680000000000007 / 138
友情点: 0 / 371220`
_2024-06-27 04:38:30_
--------
*7feaf061bca39d4ec2e9817d5e50bc1a*
`登陆天数: 35天 / 673天
等级: 130
石头: 4079
呼符: 249
体力: 30.650000000000006 / 138
友情点: 0 / 370845`
_2024-06-27 04:38:38_
--------
*57f4f1e2d55c21fb2d13b9675edf4af7*
`登陆天数: 35天 / 673天
等级: 130
石头: 4119
呼符: 255
体力: 30.620000000000005 / 138
友情点: 0 / 370775`
_2024-06-27 04:38:45_
--------
*c0fe0f900e2538ff177f96e576d97dae*
`登陆天数: 35天 / 673天
等级: 130
石头: 4093
呼符: 39
体力: 30.586666666666673 / 138
友情点: 0 / 390760`
_2024-06-27 04:38:53_
--------
*020180bc4f156afcdce866ce9cedcca6*
`登陆天数: 35天 / 672天
等级: 130
石头: 4077
呼符: 297
体力: 30.560000000000002 / 138
友情点: 0 / 372845`
_2024-06-27 04:39:01_
--------
*c418d4fc03fce1dd86b9c4045bfbe30a*
`登陆天数: 35天 / 672天
等级: 130
石头: 4082
呼符: 220
体力: 30.53333333333333 / 138
友情点: 0 / 372150`
_2024-06-27 04:39:09_
--------
*866bedda492d6733dc8e9bbedf64abaa*
`登陆天数: 35天 / 672天
等级: 130
石头: 4086
呼符: 336
体力: 30.5 / 138
友情点: 0 / 372685`
_2024-06-27 04:39:17_
--------
*07ffdac9b3c29adb0713934d30f84fa2*
`登陆天数: 35天 / 673天
等级: 130
石头: 4079
呼符: 249
体力: 30.47 / 138
友情点: 0 / 372440`
_2024-06-27 04:39:25_
--------
*55a115a2b7bad87a9a59815065a058b6*
`登陆天数: 35天 / 672天
等级: 130
石头: 4100
呼符: 331
体力: 30.439999999999998 / 138
友情点: 0 / 371740`
_2024-06-27 04:39:33_
--------
*2ef3d5dafd84d3243c0a5fbb327f134f*
`登陆天数: 35天 / 673天
等级: 130
石头: 4085
呼符: 317
体力: 30.409999999999997 / 138
友情点: 0 / 372945`
_2024-06-27 04:39:40_
--------
*20b17e5b321671e80175c2f1b14263e8*
`登陆天数: 35天 / 672天
等级: 130
石头: 4085
呼符: 218
体力: 30.379999999999995 / 138
友情点: 0 / 372985`
_2024-06-27 04:39:48_
--------
*c6cdfad9f74637a5fa7984a5c10ba453*
`登陆天数: 35天 / 672天
等级: 130
石头: 4083
呼符: 199
体力: 30.349999999999994 / 138
友情点: 0 / 372445`
_2024-06-27 04:39:56_
--------
*5ee9b6cb4dad6d3e2abbfcfb9f329e4d*
`登陆天数: 35天 / 672天
等级: 130
石头: 4080
呼符: 158
体力: 30.323333333333338 / 138
友情点: 0 / 373770`
_2024-06-27 04:40:04_
--------
*1319913a2715297058302bd3d3a0a36e*
`登陆天数: 35天 / 673天
等级: 130
石头: 4088
呼符: 322
体力: 30.296666666666667 / 138
友情点: 0 / 373355`
_2024-06-27 04:40:12_
--------
*f48471cf27ea6e65bc1440b2909b3940*
`登陆天数: 35天 / 673天
等级: 130
石头: 4084
呼符: 247
体力: 30.266666666666666 / 138
友情点: 0 / 372855`
_2024-06-27 04:40:20_
--------
*b2424f676ee1ec9f88f81b0d4698987e*
`登陆天数: 35天 / 672天
等级: 130
石头: 4096
呼符: 298
体力: 30.239999999999995 / 138
友情点: 0 / 372925`
_2024-06-27 04:40:28_
--------
*1d8b59cba0e3f72ff517c89f032c2599*
`登陆天数: 35天 / 672天
等级: 130
石头: 4092
呼符: 316
体力: 30.209999999999994 / 138
友情点: 0 / 372680`
_2024-06-27 04:40:36_
--------
*8ee0cbaadc815c1912c61e71286549b1*
`登陆天数: 35天 / 672天
等级: 130
石头: 4087
呼符: 248
体力: 30.176666666666662 / 138
友情点: 0 / 371875`
_2024-06-27 04:40:43_
--------
*218468cf4ad512dce281cb19f43cb30e*
`登陆天数: 35天 / 673天
等级: 130
石头: 4089
呼符: 326
体力: 30.14666666666666 / 138
友情点: 0 / 371890`
_2024-06-27 04:40:51_
--------
*0fbd7be41a76c85cd8daa691dafb8ffe*
`登陆天数: 35天 / 673天
等级: 130
石头: 4103
呼符: 312
体力: 30.11666666666666 / 138
友情点: 0 / 371965`
_2024-06-27 04:40:59_
--------
*196168efcabd7d425b0032d3621c483a*
`登陆天数: 35天 / 673天
等级: 130
石头: 4076
呼符: 256
体力: 30.086666666666673 / 138
友情点: 0 / 372590`
_2024-06-27 04:41:06_
--------
*620116c5f38dcbbc4ed175e39aeef43c*
`登陆天数: 35天 / 672天
等级: 130
石头: 4079
呼符: 296
体力: 30.056666666666672 / 138
友情点: 0 / 375175`
_2024-06-27 04:41:14_
--------
*7e0869077ab753a7d90d8db403886c6d*
`登陆天数: 35天 / 672天
等级: 130
石头: 4092
呼符: 322
体力: 30.023333333333326 / 138
友情点: 0 / 372650`
_2024-06-27 04:41:22_
--------
*6b6792983ff80039bfb163e41b784518*
`登陆天数: 35天 / 673天
等级: 130
石头: 4094
呼符: 328
体力: 29.99333333333334 / 138
友情点: 0 / 372225`
_2024-06-27 04:41:30_
--------
*dda03e285c2ed456c4c492938bd0d83f*
`登陆天数: 35天 / 673天
等级: 130
石头: 4091
呼符: 289
体力: 29.96666666666667 / 138
友情点: 0 / 372930`
_2024-06-27 04:41:37_
--------
*4c9a004c9bdbf2ee9ad04026a9bcc3d6*
`登陆天数: 35天 / 672天
等级: 130
石头: 4078
呼符: 209
体力: 29.933333333333337 / 138
友情点: 0 / 373100`
_2024-06-27 04:41:45_
--------
*ee36ae671b666512a8544f725126a5ac*
`登陆天数: 35天 / 673天
等级: 130
石头: 4080
呼符: 297
体力: 29.900000000000006 / 138
友情点: 0 / 373115`
_2024-06-27 04:41:52_
--------
*597be7b75507cf3e3433c293361004f2*
`登陆天数: 35天 / 673天
等级: 130
石头: 4093
呼符: 333
体力: 29.870000000000005 / 138
友情点: 0 / 374610`
_2024-06-27 04:42:00_
--------
*5271da64f42e94fc23a26a910897f402*
`登陆天数: 35天 / 673天
等级: 130
石头: 4066
呼符: 189
体力: 29.843333333333334 / 138
友情点: 0 / 372775`
_2024-06-27 04:42:08_
--------
*be952791e6e13d90ddf937ab63b67cf9*
`登陆天数: 35天 / 673天
等级: 130
石头: 4094
呼符: 190
体力: 29.813333333333333 / 138
友情点: 0 / 374920`
_2024-06-27 04:42:16_
--------
*80570526c900c3d2eb096db85111bd37*
`登陆天数: 35天 / 672天
等级: 130
石头: 4025
呼符: 177
体力: 21942.74 / 138
友情点: 0 / 470090`
_2024-06-27 04:42:24_
--------
