【登录信息】
*a2d701ff4c15c728056da94e68b57ae2*
`登陆天数: 37天 / 675天
等级: 130
石头: 4094
呼符: 330
体力: 30.439999999999998 / 138
友情点: 0 / 360890`
_2024-06-29 04:33:18_
--------
*7e3e7ebfc87bdadea779e92bbd045bb8*
`登陆天数: 37天 / 674天
等级: 130
石头: 4114
呼符: 290
体力: 30.406666666666666 / 138
友情点: 0 / 360405`
_2024-06-29 04:33:26_
--------
*0658c25534437f1fc9df9cb3dfda5815*
`登陆天数: 37天 / 674天
等级: 130
石头: 4099
呼符: 220
体力: 30.379999999999995 / 138
友情点: 0 / 365240`
_2024-06-29 04:33:34_
--------
*218bfc5b271887ecf209413962b4e176*
`登陆天数: 37天 / 674天
等级: 130
石头: 4128
呼符: 279
体力: 30.346666666666664 / 138
友情点: 0 / 359655`
_2024-06-29 04:33:42_
--------
*1bab0a0da912df3c49088a4dc2a462db*
`登陆天数: 37天 / 674天
等级: 130
石头: 4095
呼符: 241
体力: 30.313333333333333 / 138
友情点: 0 / 364495`
_2024-06-29 04:33:50_
--------
*685c23a6c3b691ee6f77d3f2dc64af10*
`登陆天数: 37天 / 674天
等级: 130
石头: 4085
呼符: 317
体力: 30.28333333333333 / 138
友情点: 0 / 363715`
_2024-06-29 04:33:58_
--------
*aad16ccf1ba788801ca4e755bcedd529*
`登陆天数: 37天 / 674天
等级: 130
石头: 4086
呼符: 303
体力: 30.25 / 138
友情点: 0 / 361105`
_2024-06-29 04:34:05_
--------
*2a125df20c41ca1c5327e85734630a8d*
`登陆天数: 37天 / 675天
等级: 130
石头: 4136
呼符: 59
体力: 30.21333333333334 / 138
友情点: 0 / 388120`
_2024-06-29 04:34:13_
--------
*55a79131010f008e6bf453988cda8b6a*
`登陆天数: 37天 / 674天
等级: 130
石头: 4093
呼符: 38
体力: 30.183333333333337 / 138
友情点: 0 / 380675`
_2024-06-29 04:34:21_
--------
*706546d5df7a84500dc171708636f616*
`登陆天数: 37天 / 675天
等级: 130
石头: 4108
呼符: 332
体力: 30.153333333333336 / 138
友情点: 0 / 359860`
_2024-06-29 04:34:29_
--------
*5fc7124488cc6d38a4de9a86c2f02342*
`登陆天数: 37天 / 674天
等级: 130
石头: 4108
呼符: 288
体力: 30.123333333333335 / 138
友情点: 0 / 360425`
_2024-06-29 04:34:36_
--------
*a5e17fa843264313a8b8d2a788a3839e*
`登陆天数: 37天 / 674天
等级: 130
石头: 4069
呼符: 148
体力: 30.090000000000003 / 138
友情点: 0 / 373620`
_2024-06-29 04:34:44_
--------
*9787b4dfd8aec76745025e2905dcce8a*
`登陆天数: 37天 / 674天
等级: 130
石头: 4097
呼符: 247
体力: 30.060000000000002 / 138
友情点: 0 / 364500`
_2024-06-29 04:34:52_
--------
*cdeb528c0ac3660bbab015eb1f03d07c*
`登陆天数: 37天 / 674天
等级: 130
石头: 4096
呼符: 76
体力: 30.03666666666666 / 138
友情点: 0 / 384480`
_2024-06-29 04:35:00_
--------
*bd78ab35f1570874e1c2aa5f8482cff9*
`登陆天数: 37天 / 674天
等级: 130
石头: 4114
呼符: 196
体力: 30.00666666666666 / 138
友情点: 0 / 359815`
_2024-06-29 04:35:08_
--------
*b452fd6bc2f3ab8f22fa8da2baa97615*
`登陆天数: 37天 / 674天
等级: 130
石头: 4095
呼符: 300
体力: 29.980000000000004 / 138
友情点: 0 / 364105`
_2024-06-29 04:35:15_
--------
*9eaa7633ff214f001d8e8f3e41073f36*
`登陆天数: 37天 / 674天
等级: 130
石头: 4112
呼符: 83
体力: 29.950000000000003 / 138
友情点: 0 / 382055`
_2024-06-29 04:35:23_
--------
*64e65f73cf6ec161725307a973709254*
`登陆天数: 37天 / 675天
等级: 130
石头: 4113
呼符: 165
体力: 29.923333333333332 / 138
友情点: 0 / 370010`
_2024-06-29 04:35:31_
--------
*720b78f59000a78cead3712b31b41c85*
`登陆天数: 37天 / 675天
等级: 130
石头: 4115
呼符: 330
体力: 29.89333333333333 / 138
友情点: 0 / 360870`
_2024-06-29 04:35:39_
--------
*9a3c67d2523e201ef6efa57c6b5bf440*
`登陆天数: 37天 / 674天
等级: 130
石头: 4087
呼符: 199
体力: 29.86333333333333 / 138
友情点: 0 / 367220`
_2024-06-29 04:35:47_
--------
*7feaf061bca39d4ec2e9817d5e50bc1a*
`登陆天数: 37天 / 675天
等级: 130
石头: 4099
呼符: 249
体力: 29.836666666666673 / 138
友情点: 0 / 364845`
_2024-06-29 04:35:54_
--------
*57f4f1e2d55c21fb2d13b9675edf4af7*
`登陆天数: 37天 / 675天
等级: 130
石头: 4139
呼符: 255
体力: 29.810000000000002 / 138
友情点: 0 / 360775`
_2024-06-29 04:36:02_
--------
*c0fe0f900e2538ff177f96e576d97dae*
`登陆天数: 37天 / 675天
等级: 130
石头: 4113
呼符: 39
体力: 29.77666666666667 / 138
友情点: 0 / 392760`
_2024-06-29 04:36:10_
--------
*020180bc4f156afcdce866ce9cedcca6*
`登陆天数: 37天 / 674天
等级: 130
石头: 4097
呼符: 297
体力: 29.75 / 138
友情点: 0 / 364845`
_2024-06-29 04:36:18_
--------
*c418d4fc03fce1dd86b9c4045bfbe30a*
`登陆天数: 37天 / 674天
等级: 130
石头: 4102
呼符: 220
体力: 29.72 / 138
友情点: 0 / 364150`
_2024-06-29 04:36:26_
--------
*866bedda492d6733dc8e9bbedf64abaa*
`登陆天数: 37天 / 674天
等级: 130
石头: 4106
呼符: 336
体力: 29.689999999999998 / 138
友情点: 0 / 364685`
_2024-06-29 04:36:33_
--------
*07ffdac9b3c29adb0713934d30f84fa2*
`登陆天数: 37天 / 675天
等级: 130
石头: 4099
呼符: 249
体力: 29.656666666666666 / 138
友情点: 0 / 364440`
_2024-06-29 04:36:41_
--------
*55a115a2b7bad87a9a59815065a058b6*
`登陆天数: 37天 / 674天
等级: 130
石头: 4120
呼符: 331
体力: 29.623333333333335 / 138
友情点: 0 / 363740`
_2024-06-29 04:36:49_
--------
*2ef3d5dafd84d3243c0a5fbb327f134f*
`登陆天数: 37天 / 675天
等级: 130
石头: 4105
呼符: 317
体力: 29.593333333333334 / 138
友情点: 0 / 364945`
_2024-06-29 04:36:56_
--------
*20b17e5b321671e80175c2f1b14263e8*
`登陆天数: 37天 / 674天
等级: 130
石头: 4105
呼符: 218
体力: 29.560000000000002 / 138
友情点: 0 / 364985`
_2024-06-29 04:37:04_
--------
*c6cdfad9f74637a5fa7984a5c10ba453*
`登陆天数: 37天 / 674天
等级: 130
石头: 4103
呼符: 199
体力: 29.53 / 138
友情点: 0 / 368445`
_2024-06-29 04:37:12_
--------
*5ee9b6cb4dad6d3e2abbfcfb9f329e4d*
`登陆天数: 37天 / 674天
等级: 130
石头: 4100
呼符: 158
体力: 29.50333333333333 / 138
友情点: 0 / 375770`
_2024-06-29 04:37:19_
--------
*1319913a2715297058302bd3d3a0a36e*
`登陆天数: 37天 / 675天
等级: 130
石头: 4108
呼符: 322
体力: 29.476666666666674 / 138
友情点: 0 / 365355`
_2024-06-29 04:37:27_
--------
*f48471cf27ea6e65bc1440b2909b3940*
`登陆天数: 37天 / 675天
等级: 130
石头: 4104
呼符: 247
体力: 29.439999999999998 / 138
友情点: 0 / 370855`
_2024-06-29 04:37:35_
--------
*b2424f676ee1ec9f88f81b0d4698987e*
`登陆天数: 37天 / 674天
等级: 130
石头: 4116
呼符: 298
体力: 29.413333333333327 / 138
友情点: 0 / 364925`
_2024-06-29 04:37:42_
--------
*1d8b59cba0e3f72ff517c89f032c2599*
`登陆天数: 37天 / 674天
等级: 130
石头: 4112
呼符: 316
体力: 29.38333333333334 / 138
友情点: 0 / 364680`
_2024-06-29 04:37:50_
--------
*8ee0cbaadc815c1912c61e71286549b1*
`登陆天数: 37天 / 674天
等级: 130
石头: 4107
呼符: 248
体力: 29.35333333333334 / 138
友情点: 0 / 365875`
_2024-06-29 04:37:58_
--------
*218468cf4ad512dce281cb19f43cb30e*
`登陆天数: 37天 / 675天
等级: 130
石头: 4109
呼符: 326
体力: 29.33 / 138
友情点: 0 / 365890`
_2024-06-29 04:38:06_
--------
*0fbd7be41a76c85cd8daa691dafb8ffe*
`登陆天数: 37天 / 675天
等级: 130
石头: 4123
呼符: 312
体力: 29.306666666666672 / 138
友情点: 0 / 363965`
_2024-06-29 04:38:14_
--------
*196168efcabd7d425b0032d3621c483a*
`登陆天数: 37天 / 675天
等级: 130
石头: 4096
呼符: 256
体力: 29.27666666666667 / 138
友情点: 0 / 364590`
_2024-06-29 04:38:22_
--------
*620116c5f38dcbbc4ed175e39aeef43c*
`登陆天数: 37天 / 674天
等级: 130
石头: 4099
呼符: 296
体力: 29.25 / 138
友情点: 0 / 367175`
_2024-06-29 04:38:30_
--------
*7e0869077ab753a7d90d8db403886c6d*
`登陆天数: 37天 / 674天
等级: 130
石头: 4112
呼符: 322
体力: 29.21666666666667 / 138
友情点: 0 / 364650`
_2024-06-29 04:38:37_
--------
*6b6792983ff80039bfb163e41b784518*
`登陆天数: 37天 / 675天
等级: 130
石头: 4114
呼符: 328
体力: 29.186666666666667 / 138
友情点: 0 / 364225`
_2024-06-29 04:38:45_
--------
*dda03e285c2ed456c4c492938bd0d83f*
`登陆天数: 37天 / 675天
等级: 130
石头: 4111
呼符: 289
体力: 29.156666666666666 / 138
友情点: 0 / 364930`
_2024-06-29 04:38:53_
--------
*4c9a004c9bdbf2ee9ad04026a9bcc3d6*
`登陆天数: 37天 / 674天
等级: 130
石头: 4098
呼符: 209
体力: 29.123333333333335 / 138
友情点: 0 / 365100`
_2024-06-29 04:39:00_
--------
*ee36ae671b666512a8544f725126a5ac*
`登陆天数: 37天 / 675天
等级: 130
石头: 4100
呼符: 297
体力: 29.090000000000003 / 138
友情点: 0 / 365115`
_2024-06-29 04:39:08_
--------
*597be7b75507cf3e3433c293361004f2*
`登陆天数: 37天 / 675天
等级: 130
石头: 4113
呼符: 333
体力: 29.060000000000002 / 138
友情点: 0 / 366610`
_2024-06-29 04:39:15_
--------
*5271da64f42e94fc23a26a910897f402*
`登陆天数: 37天 / 675天
等级: 130
石头: 4086
呼符: 189
体力: 29.03 / 138
友情点: 0 / 364775`
_2024-06-29 04:39:23_
--------
*be952791e6e13d90ddf937ab63b67cf9*
`登陆天数: 37天 / 675天
等级: 130
石头: 4114
呼符: 190
体力: 29.0 / 138
友情点: 0 / 366920`
_2024-06-29 04:39:31_
--------
*80570526c900c3d2eb096db85111bd37*
`登陆天数: 37天 / 674天
等级: 130
石头: 4025
呼符: 177
体力: 22518.19 / 138
友情点: 0 / 470090`
_2024-06-29 04:39:39_
--------
