【登录信息】
*a2d701ff4c15c728056da94e68b57ae2*
`登陆天数: 38天 / 676天
等级: 130
石头: 4094
呼符: 330
体力: 29.726666666666674 / 138
友情点: 0 / 354890`
_2024-06-30 04:29:57_
--------
*7e3e7ebfc87bdadea779e92bbd045bb8*
`登陆天数: 38天 / 675天
等级: 130
石头: 4114
呼符: 290
体力: 29.696666666666673 / 138
友情点: 0 / 354405`
_2024-06-30 04:30:05_
--------
*0658c25534437f1fc9df9cb3dfda5815*
`登陆天数: 38天 / 675天
等级: 130
石头: 4099
呼符: 220
体力: 29.66666666666667 / 138
友情点: 0 / 365240`
_2024-06-30 04:30:13_
--------
*218bfc5b271887ecf209413962b4e176*
`登陆天数: 38天 / 675天
等级: 130
石头: 4128
呼符: 279
体力: 29.63666666666667 / 138
友情点: 0 / 353655`
_2024-06-30 04:30:22_
--------
*1bab0a0da912df3c49088a4dc2a462db*
`登陆天数: 38天 / 675天
等级: 130
石头: 4095
呼符: 241
体力: 29.61 / 138
友情点: 0 / 362495`
_2024-06-30 04:30:30_
--------
*685c23a6c3b691ee6f77d3f2dc64af10*
`登陆天数: 38天 / 675天
等级: 130
石头: 4085
呼符: 317
体力: 29.58 / 138
友情点: 0 / 357715`
_2024-06-30 04:30:38_
--------
*aad16ccf1ba788801ca4e755bcedd529*
`登陆天数: 38天 / 675天
等级: 130
石头: 4086
呼符: 303
体力: 29.549999999999997 / 138
友情点: 0 / 355105`
_2024-06-30 04:30:46_
--------
*2a125df20c41ca1c5327e85734630a8d*
`登陆天数: 38天 / 676天
等级: 130
石头: 4136
呼符: 59
体力: 29.523333333333326 / 138
友情点: 0 / 388120`
_2024-06-30 04:30:55_
--------
*55a79131010f008e6bf453988cda8b6a*
`登陆天数: 38天 / 675天
等级: 130
石头: 4093
呼符: 38
体力: 29.49666666666667 / 138
友情点: 0 / 380675`
_2024-06-30 04:31:03_
--------
*706546d5df7a84500dc171708636f616*
`登陆天数: 38天 / 676天
等级: 130
石头: 4108
呼符: 332
体力: 29.46666666666667 / 138
友情点: 0 / 353860`
_2024-06-30 04:31:12_
--------
*5fc7124488cc6d38a4de9a86c2f02342*
`登陆天数: 38天 / 675天
等级: 130
石头: 4108
呼符: 288
体力: 29.443333333333328 / 138
友情点: 0 / 354425`
_2024-06-30 04:31:20_
--------
*a5e17fa843264313a8b8d2a788a3839e*
`登陆天数: 38天 / 675天
等级: 130
石头: 4069
呼符: 148
体力: 29.409999999999997 / 138
友情点: 0 / 373620`
_2024-06-30 04:31:28_
--------
*9787b4dfd8aec76745025e2905dcce8a*
`登陆天数: 38天 / 675天
等级: 130
石头: 4097
呼符: 247
体力: 29.373333333333335 / 138
友情点: 0 / 364500`
_2024-06-30 04:31:36_
--------
*cdeb528c0ac3660bbab015eb1f03d07c*
`登陆天数: 38天 / 675天
等级: 130
石头: 4096
呼符: 76
体力: 29.346666666666664 / 138
友情点: 0 / 384480`
_2024-06-30 04:31:45_
--------
*bd78ab35f1570874e1c2aa5f8482cff9*
`登陆天数: 38天 / 675天
等级: 130
石头: 4114
呼符: 196
体力: 29.323333333333338 / 138
友情点: 0 / 359815`
_2024-06-30 04:31:53_
--------
*b452fd6bc2f3ab8f22fa8da2baa97615*
`登陆天数: 38天 / 675天
等级: 130
石头: 4095
呼符: 300
体力: 29.293333333333337 / 138
友情点: 0 / 358105`
_2024-06-30 04:32:01_
--------
*9eaa7633ff214f001d8e8f3e41073f36*
`登陆天数: 38天 / 675天
等级: 130
石头: 4112
呼符: 83
体力: 29.266666666666666 / 138
友情点: 0 / 382055`
_2024-06-30 04:32:09_
--------
*64e65f73cf6ec161725307a973709254*
`登陆天数: 38天 / 676天
等级: 130
石头: 4113
呼符: 165
体力: 29.239999999999995 / 138
友情点: 0 / 370010`
_2024-06-30 04:32:18_
--------
*720b78f59000a78cead3712b31b41c85*
`登陆天数: 38天 / 676天
等级: 130
石头: 4115
呼符: 330
体力: 29.21333333333334 / 138
友情点: 0 / 354870`
_2024-06-30 04:32:26_
--------
*9a3c67d2523e201ef6efa57c6b5bf440*
`登陆天数: 38天 / 675天
等级: 130
石头: 4087
呼符: 199
体力: 29.183333333333337 / 138
友情点: 0 / 367220`
_2024-06-30 04:32:34_
--------
*7feaf061bca39d4ec2e9817d5e50bc1a*
`登陆天数: 38天 / 676天
等级: 130
石头: 4099
呼符: 249
体力: 29.153333333333336 / 138
友情点: 0 / 364845`
_2024-06-30 04:32:42_
--------
*57f4f1e2d55c21fb2d13b9675edf4af7*
`登陆天数: 38天 / 676天
等级: 130
石头: 4139
呼符: 255
体力: 29.126666666666665 / 138
友情点: 0 / 358775`
_2024-06-30 04:32:51_
--------
*c0fe0f900e2538ff177f96e576d97dae*
`登陆天数: 38天 / 676天
等级: 130
石头: 4113
呼符: 39
体力: 29.10333333333334 / 138
友情点: 0 / 392760`
_2024-06-30 04:32:59_
--------
*020180bc4f156afcdce866ce9cedcca6*
`登陆天数: 38天 / 675天
等级: 130
石头: 4097
呼符: 297
体力: 29.073333333333338 / 138
友情点: 0 / 358845`
_2024-06-30 04:33:07_
--------
*c418d4fc03fce1dd86b9c4045bfbe30a*
`登陆天数: 38天 / 675天
等级: 130
石头: 4102
呼符: 220
体力: 29.043333333333337 / 138
友情点: 0 / 360150`
_2024-06-30 04:33:16_
--------
*866bedda492d6733dc8e9bbedf64abaa*
`登陆天数: 38天 / 675天
等级: 130
石头: 4106
呼符: 336
体力: 29.013333333333335 / 138
友情点: 0 / 358685`
_2024-06-30 04:33:24_
--------
*07ffdac9b3c29adb0713934d30f84fa2*
`登陆天数: 38天 / 676天
等级: 130
石头: 4099
呼符: 249
体力: 28.989999999999995 / 138
友情点: 0 / 362440`
_2024-06-30 04:33:32_
--------
*55a115a2b7bad87a9a59815065a058b6*
`登陆天数: 38天 / 675天
等级: 130
石头: 4120
呼符: 331
体力: 28.959999999999994 / 138
友情点: 0 / 357740`
_2024-06-30 04:33:40_
--------
*2ef3d5dafd84d3243c0a5fbb327f134f*
`登陆天数: 38天 / 676天
等级: 130
石头: 4105
呼符: 317
体力: 28.930000000000007 / 138
友情点: 0 / 358945`
_2024-06-30 04:33:49_
--------
*20b17e5b321671e80175c2f1b14263e8*
`登陆天数: 38天 / 675天
等级: 130
石头: 4105
呼符: 218
体力: 28.89666666666666 / 138
友情点: 0 / 358985`
_2024-06-30 04:33:57_
--------
*c6cdfad9f74637a5fa7984a5c10ba453*
`登陆天数: 38天 / 675天
等级: 130
石头: 4103
呼符: 199
体力: 28.870000000000005 / 138
友情点: 0 / 368445`
_2024-06-30 04:34:05_
--------
*5ee9b6cb4dad6d3e2abbfcfb9f329e4d*
`登陆天数: 38天 / 675天
等级: 130
石头: 4100
呼符: 158
体力: 28.840000000000003 / 138
友情点: 0 / 375770`
_2024-06-30 04:34:13_
--------
*1319913a2715297058302bd3d3a0a36e*
`登陆天数: 38天 / 676天
等级: 130
石头: 4108
呼符: 322
体力: 28.810000000000002 / 138
友情点: 0 / 359355`
_2024-06-30 04:34:22_
--------
*f48471cf27ea6e65bc1440b2909b3940*
`登陆天数: 38天 / 676天
等级: 130
石头: 4104
呼符: 247
体力: 28.78 / 138
友情点: 0 / 370855`
_2024-06-30 04:34:30_
--------
*b2424f676ee1ec9f88f81b0d4698987e*
`登陆天数: 38天 / 675天
等级: 130
石头: 4116
呼符: 298
体力: 28.75666666666666 / 138
友情点: 0 / 364925`
_2024-06-30 04:34:38_
--------
*1d8b59cba0e3f72ff517c89f032c2599*
`登陆天数: 38天 / 675天
等级: 130
石头: 4112
呼符: 316
体力: 28.726666666666674 / 138
友情点: 0 / 358680`
_2024-06-30 04:34:46_
--------
*8ee0cbaadc815c1912c61e71286549b1*
`登陆天数: 38天 / 675天
等级: 130
石头: 4107
呼符: 248
体力: 28.696666666666673 / 138
友情点: 0 / 361875`
_2024-06-30 04:34:54_
--------
*218468cf4ad512dce281cb19f43cb30e*
`登陆天数: 38天 / 676天
等级: 130
石头: 4109
呼符: 326
体力: 28.663333333333327 / 138
友情点: 0 / 361890`
_2024-06-30 04:35:03_
--------
*0fbd7be41a76c85cd8daa691dafb8ffe*
`登陆天数: 38天 / 676天
等级: 130
石头: 4123
呼符: 312
体力: 28.63666666666667 / 138
友情点: 0 / 357965`
_2024-06-30 04:35:11_
--------
*196168efcabd7d425b0032d3621c483a*
`登陆天数: 38天 / 676天
等级: 130
石头: 4096
呼符: 256
体力: 28.60333333333334 / 138
友情点: 0 / 358590`
_2024-06-30 04:35:20_
--------
*620116c5f38dcbbc4ed175e39aeef43c*
`登陆天数: 38天 / 675天
等级: 130
石头: 4099
呼符: 296
体力: 28.576666666666668 / 138
友情点: 0 / 365175`
_2024-06-30 04:35:28_
--------
*7e0869077ab753a7d90d8db403886c6d*
`登陆天数: 38天 / 675天
等级: 130
石头: 4112
呼符: 322
体力: 28.546666666666667 / 138
友情点: 0 / 360650`
_2024-06-30 04:35:36_
--------
*6b6792983ff80039bfb163e41b784518*
`登陆天数: 38天 / 676天
等级: 130
石头: 4114
呼符: 328
体力: 28.519999999999996 / 138
友情点: 0 / 358225`
_2024-06-30 04:35:44_
--------
*dda03e285c2ed456c4c492938bd0d83f*
`登陆天数: 38天 / 676天
等级: 130
石头: 4111
呼符: 289
体力: 28.489999999999995 / 138
友情点: 0 / 358930`
_2024-06-30 04:35:53_
--------
*4c9a004c9bdbf2ee9ad04026a9bcc3d6*
`登陆天数: 38天 / 675天
等级: 130
石头: 4098
呼符: 209
体力: 28.459999999999994 / 138
友情点: 0 / 365100`
_2024-06-30 04:36:01_
--------
*ee36ae671b666512a8544f725126a5ac*
`登陆天数: 38天 / 676天
等级: 130
石头: 4100
呼符: 297
体力: 28.436666666666667 / 138
友情点: 0 / 365115`
_2024-06-30 04:36:09_
--------
*597be7b75507cf3e3433c293361004f2*
`登陆天数: 38天 / 676天
等级: 130
石头: 4113
呼符: 333
体力: 28.409999999999997 / 138
友情点: 0 / 360610`
_2024-06-30 04:36:17_
--------
*5271da64f42e94fc23a26a910897f402*
`登陆天数: 38天 / 676天
等级: 130
石头: 4086
呼符: 189
体力: 28.379999999999995 / 138
友情点: 0 / 358775`
_2024-06-30 04:36:26_
--------
*be952791e6e13d90ddf937ab63b67cf9*
`登陆天数: 38天 / 676天
等级: 130
石头: 4114
呼符: 190
体力: 28.35333333333334 / 138
友情点: 0 / 364920`
_2024-06-30 04:36:34_
--------
*80570526c900c3d2eb096db85111bd37*
`登陆天数: 38天 / 675天
等级: 130
石头: 4025
呼符: 177
体力: 22805.603333333333 / 138
友情点: 0 / 470090`
_2024-06-30 04:36:42_
--------
